Running Cache analysis for hdbscan

==810390== Cachegrind, a cache and branch-prediction profiler
==810390== Copyright (C) 2002-2017, and GNU GPL'd, by Nicholas Nethercote et al.
==810390== Using Valgrind-3.15.0 and LibVEX; rerun with -h for copyright info
==810390== Command: ./build/bin/hdbscan data/perf_data_d64_12.csv
==810390== 
--810390-- warning: L3 cache found, using its data for the LL simulation.
terminate called after throwing an instance of 'std::runtime_error'
  what():  Could not open file, check if passing the correct relative path to the data/ directory, or if it even exists
==810390== 
==810390== Process terminating with default action of signal 6 (SIGABRT)
==810390==    at 0x4C1918B: raise (raise.c:51)
==810390==    by 0x4BF8858: abort (abort.c:79)
==810390==    by 0x48F0A30: ??? (in /usr/lib/x86_64-linux-gnu/libstdc++.so.6.0.29)
==810390==    by 0x48FC5DB: ??? (in /usr/lib/x86_64-linux-gnu/libstdc++.so.6.0.29)
==810390==    by 0x48FC646: std::terminate() (in /usr/lib/x86_64-linux-gnu/libstdc++.so.6.0.29)
==810390==    by 0x48FC8E8: __cxa_throw (in /usr/lib/x86_64-linux-gnu/libstdc++.so.6.0.29)
==810390==    by 0x405718: read_csv(double**, int**, int (*) [2], char const*) (in /home/ahaegele/code/fs21/asl/project/team35/build/bin/hdbscan)
==810390==    by 0x4027AD: load_dataset(char const*, double**, int**, int*, int*) (in /home/ahaegele/code/fs21/asl/project/team35/build/bin/hdbscan)
==810390==    by 0x402517: main (in /home/ahaegele/code/fs21/asl/project/team35/build/bin/hdbscan)
==810390== 
==810390== I   refs:      2,400,255
==810390== I1  misses:        2,247
==810390== LLi misses:        2,086
==810390== I1  miss rate:      0.09%
==810390== LLi miss rate:      0.09%
==810390== 
==810390== D   refs:        764,478  (564,535 rd   + 199,943 wr)
==810390== D1  misses:       17,528  ( 15,011 rd   +   2,517 wr)
==810390== LLd misses:       10,102  (  8,512 rd   +   1,590 wr)
==810390== D1  miss rate:       2.3% (    2.7%     +     1.3%  )
==810390== LLd miss rate:       1.3% (    1.5%     +     0.8%  )
==810390== 
==810390== LL refs:          19,775  ( 17,258 rd   +   2,517 wr)
==810390== LL misses:        12,188  ( 10,598 rd   +   1,590 wr)
==810390== LL miss rate:        0.4% (    0.4%     +     0.8%  )

////////////////////////////////////////////////////////////////////////////////////

Running Cache analysis for hdbscan_distvec

==810391== Cachegrind, a cache and branch-prediction profiler
==810391== Copyright (C) 2002-2017, and GNU GPL'd, by Nicholas Nethercote et al.
==810391== Using Valgrind-3.15.0 and LibVEX; rerun with -h for copyright info
==810391== Command: ./build/bin/hdbscan_distvec data/perf_data_d64_12.csv
==810391== 
--810391-- warning: L3 cache found, using its data for the LL simulation.
terminate called after throwing an instance of 'std::runtime_error'
  what():  Could not open file, check if passing the correct relative path to the data/ directory, or if it even exists
==810391== 
==810391== Process terminating with default action of signal 6 (SIGABRT)
==810391==    at 0x4C1918B: raise (raise.c:51)
==810391==    by 0x4BF8858: abort (abort.c:79)
==810391==    by 0x48F0A30: ??? (in /usr/lib/x86_64-linux-gnu/libstdc++.so.6.0.29)
==810391==    by 0x48FC5DB: ??? (in /usr/lib/x86_64-linux-gnu/libstdc++.so.6.0.29)
==810391==    by 0x48FC646: std::terminate() (in /usr/lib/x86_64-linux-gnu/libstdc++.so.6.0.29)
==810391==    by 0x48FC8E8: __cxa_throw (in /usr/lib/x86_64-linux-gnu/libstdc++.so.6.0.29)
==810391==    by 0x405478: read_csv(double**, int**, int (*) [2], char const*) (in /home/ahaegele/code/fs21/asl/project/team35/build/bin/hdbscan_distvec)
==810391==    by 0x40279D: load_dataset(char const*, double**, int**, int*, int*) (in /home/ahaegele/code/fs21/asl/project/team35/build/bin/hdbscan_distvec)
==810391==    by 0x402507: main (in /home/ahaegele/code/fs21/asl/project/team35/build/bin/hdbscan_distvec)
==810391== 
==810391== I   refs:      2,400,337
==810391== I1  misses:        2,250
==810391== LLi misses:        2,084
==810391== I1  miss rate:      0.09%
==810391== LLi miss rate:      0.09%
==810391== 
==810391== D   refs:        764,312  (564,402 rd   + 199,910 wr)
==810391== D1  misses:       17,550  ( 15,034 rd   +   2,516 wr)
==810391== LLd misses:       10,099  (  8,512 rd   +   1,587 wr)
==810391== D1  miss rate:       2.3% (    2.7%     +     1.3%  )
==810391== LLd miss rate:       1.3% (    1.5%     +     0.8%  )
==810391== 
==810391== LL refs:          19,800  ( 17,284 rd   +   2,516 wr)
==810391== LL misses:        12,183  ( 10,596 rd   +   1,587 wr)
==810391== LL miss rate:        0.4% (    0.4%     +     0.8%  )

////////////////////////////////////////////////////////////////////////////////////

Running Cache analysis for hdbscan_distvec_quickvec_primvec

==810392== Cachegrind, a cache and branch-prediction profiler
==810392== Copyright (C) 2002-2017, and GNU GPL'd, by Nicholas Nethercote et al.
==810392== Using Valgrind-3.15.0 and LibVEX; rerun with -h for copyright info
==810392== Command: ./build/bin/hdbscan_distvec_quickvec_primvec data/perf_data_d64_12.csv
==810392== 
--810392-- warning: L3 cache found, using its data for the LL simulation.
terminate called after throwing an instance of 'std::runtime_error'
  what():  Could not open file, check if passing the correct relative path to the data/ directory, or if it even exists
==810392== 
==810392== Process terminating with default action of signal 6 (SIGABRT)
==810392==    at 0x4C1918B: raise (raise.c:51)
==810392==    by 0x4BF8858: abort (abort.c:79)
==810392==    by 0x48F0A30: ??? (in /usr/lib/x86_64-linux-gnu/libstdc++.so.6.0.29)
==810392==    by 0x48FC5DB: ??? (in /usr/lib/x86_64-linux-gnu/libstdc++.so.6.0.29)
==810392==    by 0x48FC646: std::terminate() (in /usr/lib/x86_64-linux-gnu/libstdc++.so.6.0.29)
==810392==    by 0x48FC8E8: __cxa_throw (in /usr/lib/x86_64-linux-gnu/libstdc++.so.6.0.29)
==810392==    by 0x405478: read_csv(double**, int**, int (*) [2], char const*) (in /home/ahaegele/code/fs21/asl/project/team35/build/bin/hdbscan_distvec_quickvec_primvec)
==810392==    by 0x40279D: load_dataset(char const*, double**, int**, int*, int*) (in /home/ahaegele/code/fs21/asl/project/team35/build/bin/hdbscan_distvec_quickvec_primvec)
==810392==    by 0x402507: main (in /home/ahaegele/code/fs21/asl/project/team35/build/bin/hdbscan_distvec_quickvec_primvec)
==810392== 
==810392== I   refs:      2,400,251
==810392== I1  misses:        2,249
==810392== LLi misses:        2,083
==810392== I1  miss rate:      0.09%
==810392== LLi miss rate:      0.09%
==810392== 
==810392== D   refs:        764,307  (564,397 rd   + 199,910 wr)
==810392== D1  misses:       17,548  ( 15,026 rd   +   2,522 wr)
==810392== LLd misses:       10,100  (  8,509 rd   +   1,591 wr)
==810392== D1  miss rate:       2.3% (    2.7%     +     1.3%  )
==810392== LLd miss rate:       1.3% (    1.5%     +     0.8%  )
==810392== 
==810392== LL refs:          19,797  ( 17,275 rd   +   2,522 wr)
==810392== LL misses:        12,183  ( 10,592 rd   +   1,591 wr)
==810392== LL miss rate:        0.4% (    0.4%     +     0.8%  )

////////////////////////////////////////////////////////////////////////////////////

