Running Cache analysis for hdbscan_basic

==810385== Cachegrind, a cache and branch-prediction profiler
==810385== Copyright (C) 2002-2017, and GNU GPL'd, by Nicholas Nethercote et al.
==810385== Using Valgrind-3.15.0 and LibVEX; rerun with -h for copyright info
==810385== Command: ./build/bin/hdbscan_basic data/perf_data_d64_12.csv
==810385== 
--810385-- warning: L3 cache found, using its data for the LL simulation.
terminate called after throwing an instance of 'std::runtime_error'
  what():  Could not open file, check if passing the correct relative path to the data/ directory, or if it even exists
==810385== 
==810385== Process terminating with default action of signal 6 (SIGABRT)
==810385==    at 0x4C1918B: raise (raise.c:51)
==810385==    by 0x4BF8858: abort (abort.c:79)
==810385==    by 0x48F0A30: ??? (in /usr/lib/x86_64-linux-gnu/libstdc++.so.6.0.29)
==810385==    by 0x48FC5DB: ??? (in /usr/lib/x86_64-linux-gnu/libstdc++.so.6.0.29)
==810385==    by 0x48FC646: std::terminate() (in /usr/lib/x86_64-linux-gnu/libstdc++.so.6.0.29)
==810385==    by 0x48FC8E8: __cxa_throw (in /usr/lib/x86_64-linux-gnu/libstdc++.so.6.0.29)
==810385==    by 0x405738: read_csv(double**, int**, int (*) [2], char const*) (in /home/ahaegele/code/fs21/asl/project/team35/build/bin/hdbscan_basic)
==810385==    by 0x4027BD: load_dataset(char const*, double**, int**, int*, int*) (in /home/ahaegele/code/fs21/asl/project/team35/build/bin/hdbscan_basic)
==810385==    by 0x402517: main (in /home/ahaegele/code/fs21/asl/project/team35/build/bin/hdbscan_basic)
==810385== 
==810385== I   refs:      2,400,243
==810385== I1  misses:        2,248
==810385== LLi misses:        2,086
==810385== I1  miss rate:      0.09%
==810385== LLi miss rate:      0.09%
==810385== 
==810385== D   refs:        764,479  (564,536 rd   + 199,943 wr)
==810385== D1  misses:       17,537  ( 15,019 rd   +   2,518 wr)
==810385== LLd misses:       10,104  (  8,516 rd   +   1,588 wr)
==810385== D1  miss rate:       2.3% (    2.7%     +     1.3%  )
==810385== LLd miss rate:       1.3% (    1.5%     +     0.8%  )
==810385== 
==810385== LL refs:          19,785  ( 17,267 rd   +   2,518 wr)
==810385== LL misses:        12,190  ( 10,602 rd   +   1,588 wr)
==810385== LL miss rate:        0.4% (    0.4%     +     0.8%  )

////////////////////////////////////////////////////////////////////////////////////

Running Cache analysis for hdbscan_basic_distvec

==810386== Cachegrind, a cache and branch-prediction profiler
==810386== Copyright (C) 2002-2017, and GNU GPL'd, by Nicholas Nethercote et al.
==810386== Using Valgrind-3.15.0 and LibVEX; rerun with -h for copyright info
==810386== Command: ./build/bin/hdbscan_basic_distvec data/perf_data_d64_12.csv
==810386== 
--810386-- warning: L3 cache found, using its data for the LL simulation.
terminate called after throwing an instance of 'std::runtime_error'
  what():  Could not open file, check if passing the correct relative path to the data/ directory, or if it even exists
==810386== 
==810386== Process terminating with default action of signal 6 (SIGABRT)
==810386==    at 0x4C1918B: raise (raise.c:51)
==810386==    by 0x4BF8858: abort (abort.c:79)
==810386==    by 0x48F0A30: ??? (in /usr/lib/x86_64-linux-gnu/libstdc++.so.6.0.29)
==810386==    by 0x48FC5DB: ??? (in /usr/lib/x86_64-linux-gnu/libstdc++.so.6.0.29)
==810386==    by 0x48FC646: std::terminate() (in /usr/lib/x86_64-linux-gnu/libstdc++.so.6.0.29)
==810386==    by 0x48FC8E8: __cxa_throw (in /usr/lib/x86_64-linux-gnu/libstdc++.so.6.0.29)
==810386==    by 0x405498: read_csv(double**, int**, int (*) [2], char const*) (in /home/ahaegele/code/fs21/asl/project/team35/build/bin/hdbscan_basic_distvec)
==810386==    by 0x4027AD: load_dataset(char const*, double**, int**, int*, int*) (in /home/ahaegele/code/fs21/asl/project/team35/build/bin/hdbscan_basic_distvec)
==810386==    by 0x402507: main (in /home/ahaegele/code/fs21/asl/project/team35/build/bin/hdbscan_basic_distvec)
==810386== 
==810386== I   refs:      2,400,309
==810386== I1  misses:        2,251
==810386== LLi misses:        2,085
==810386== I1  miss rate:      0.09%
==810386== LLi miss rate:      0.09%
==810386== 
==810386== D   refs:        764,313  (564,403 rd   + 199,910 wr)
==810386== D1  misses:       17,553  ( 15,030 rd   +   2,523 wr)
==810386== LLd misses:       10,103  (  8,513 rd   +   1,590 wr)
==810386== D1  miss rate:       2.3% (    2.7%     +     1.3%  )
==810386== LLd miss rate:       1.3% (    1.5%     +     0.8%  )
==810386== 
==810386== LL refs:          19,804  ( 17,281 rd   +   2,523 wr)
==810386== LL misses:        12,188  ( 10,598 rd   +   1,590 wr)
==810386== LL miss rate:        0.4% (    0.4%     +     0.8%  )

////////////////////////////////////////////////////////////////////////////////////

Running Cache analysis for hdbscan_basic_distvec_quickvec_primvec

==810388== Cachegrind, a cache and branch-prediction profiler
==810388== Copyright (C) 2002-2017, and GNU GPL'd, by Nicholas Nethercote et al.
==810388== Using Valgrind-3.15.0 and LibVEX; rerun with -h for copyright info
==810388== Command: ./build/bin/hdbscan_basic_distvec_quickvec_primvec data/perf_data_d64_12.csv
==810388== 
--810388-- warning: L3 cache found, using its data for the LL simulation.
terminate called after throwing an instance of 'std::runtime_error'
  what():  Could not open file, check if passing the correct relative path to the data/ directory, or if it even exists
==810388== 
==810388== Process terminating with default action of signal 6 (SIGABRT)
==810388==    at 0x4C1918B: raise (raise.c:51)
==810388==    by 0x4BF8858: abort (abort.c:79)
==810388==    by 0x48F0A30: ??? (in /usr/lib/x86_64-linux-gnu/libstdc++.so.6.0.29)
==810388==    by 0x48FC5DB: ??? (in /usr/lib/x86_64-linux-gnu/libstdc++.so.6.0.29)
==810388==    by 0x48FC646: std::terminate() (in /usr/lib/x86_64-linux-gnu/libstdc++.so.6.0.29)
==810388==    by 0x48FC8E8: __cxa_throw (in /usr/lib/x86_64-linux-gnu/libstdc++.so.6.0.29)
==810388==    by 0x405498: read_csv(double**, int**, int (*) [2], char const*) (in /home/ahaegele/code/fs21/asl/project/team35/build/bin/hdbscan_basic_distvec_quickvec_primvec)
==810388==    by 0x4027AD: load_dataset(char const*, double**, int**, int*, int*) (in /home/ahaegele/code/fs21/asl/project/team35/build/bin/hdbscan_basic_distvec_quickvec_primvec)
==810388==    by 0x402507: main (in /home/ahaegele/code/fs21/asl/project/team35/build/bin/hdbscan_basic_distvec_quickvec_primvec)
==810388== 
==810388== I   refs:      2,400,296
==810388== I1  misses:        2,251
==810388== LLi misses:        2,085
==810388== I1  miss rate:      0.09%
==810388== LLi miss rate:      0.09%
==810388== 
==810388== D   refs:        764,308  (564,398 rd   + 199,910 wr)
==810388== D1  misses:       17,550  ( 15,030 rd   +   2,520 wr)
==810388== LLd misses:       10,103  (  8,514 rd   +   1,589 wr)
==810388== D1  miss rate:       2.3% (    2.7%     +     1.3%  )
==810388== LLd miss rate:       1.3% (    1.5%     +     0.8%  )
==810388== 
==810388== LL refs:          19,801  ( 17,281 rd   +   2,520 wr)
==810388== LL misses:        12,188  ( 10,599 rd   +   1,589 wr)
==810388== LL miss rate:        0.4% (    0.4%     +     0.8%  )

////////////////////////////////////////////////////////////////////////////////////

