Running Cache analysis for hdbscan_basic_blocked

==810394== Cachegrind, a cache and branch-prediction profiler
==810394== Copyright (C) 2002-2017, and GNU GPL'd, by Nicholas Nethercote et al.
==810394== Using Valgrind-3.15.0 and LibVEX; rerun with -h for copyright info
==810394== Command: ./build/bin/hdbscan_basic_blocked data/perf_data_d64_12.csv
==810394== 
--810394-- warning: L3 cache found, using its data for the LL simulation.
terminate called after throwing an instance of 'std::runtime_error'
  what():  Could not open file, check if passing the correct relative path to the data/ directory, or if it even exists
==810394== 
==810394== Process terminating with default action of signal 6 (SIGABRT)
==810394==    at 0x4C1918B: raise (raise.c:51)
==810394==    by 0x4BF8858: abort (abort.c:79)
==810394==    by 0x48F0A30: ??? (in /usr/lib/x86_64-linux-gnu/libstdc++.so.6.0.29)
==810394==    by 0x48FC5DB: ??? (in /usr/lib/x86_64-linux-gnu/libstdc++.so.6.0.29)
==810394==    by 0x48FC646: std::terminate() (in /usr/lib/x86_64-linux-gnu/libstdc++.so.6.0.29)
==810394==    by 0x48FC8E8: __cxa_throw (in /usr/lib/x86_64-linux-gnu/libstdc++.so.6.0.29)
==810394==    by 0x405738: read_csv(double**, int**, int (*) [2], char const*) (in /home/ahaegele/code/fs21/asl/project/team35/build/bin/hdbscan_basic_blocked)
==810394==    by 0x4027BD: load_dataset(char const*, double**, int**, int*, int*) (in /home/ahaegele/code/fs21/asl/project/team35/build/bin/hdbscan_basic_blocked)
==810394==    by 0x402517: main (in /home/ahaegele/code/fs21/asl/project/team35/build/bin/hdbscan_basic_blocked)
==810394== 
==810394== I   refs:      2,400,247
==810394== I1  misses:        2,248
==810394== LLi misses:        2,086
==810394== I1  miss rate:      0.09%
==810394== LLi miss rate:      0.09%
==810394== 
==810394== D   refs:        764,479  (564,536 rd   + 199,943 wr)
==810394== D1  misses:       17,539  ( 15,014 rd   +   2,525 wr)
==810394== LLd misses:       10,107  (  8,516 rd   +   1,591 wr)
==810394== D1  miss rate:       2.3% (    2.7%     +     1.3%  )
==810394== LLd miss rate:       1.3% (    1.5%     +     0.8%  )
==810394== 
==810394== LL refs:          19,787  ( 17,262 rd   +   2,525 wr)
==810394== LL misses:        12,193  ( 10,602 rd   +   1,591 wr)
==810394== LL miss rate:        0.4% (    0.4%     +     0.8%  )

////////////////////////////////////////////////////////////////////////////////////

Running Cache analysis for hdbscan_basic_triang

==810395== Cachegrind, a cache and branch-prediction profiler
==810395== Copyright (C) 2002-2017, and GNU GPL'd, by Nicholas Nethercote et al.
==810395== Using Valgrind-3.15.0 and LibVEX; rerun with -h for copyright info
==810395== Command: ./build/bin/hdbscan_basic_triang data/perf_data_d64_12.csv
==810395== 
--810395-- warning: L3 cache found, using its data for the LL simulation.
terminate called after throwing an instance of 'std::runtime_error'
  what():  Could not open file, check if passing the correct relative path to the data/ directory, or if it even exists
==810395== 
==810395== Process terminating with default action of signal 6 (SIGABRT)
==810395==    at 0x4C1918B: raise (raise.c:51)
==810395==    by 0x4BF8858: abort (abort.c:79)
==810395==    by 0x48F0A30: ??? (in /usr/lib/x86_64-linux-gnu/libstdc++.so.6.0.29)
==810395==    by 0x48FC5DB: ??? (in /usr/lib/x86_64-linux-gnu/libstdc++.so.6.0.29)
==810395==    by 0x48FC646: std::terminate() (in /usr/lib/x86_64-linux-gnu/libstdc++.so.6.0.29)
==810395==    by 0x48FC8E8: __cxa_throw (in /usr/lib/x86_64-linux-gnu/libstdc++.so.6.0.29)
==810395==    by 0x405748: read_csv(double**, int**, int (*) [2], char const*) (in /home/ahaegele/code/fs21/asl/project/team35/build/bin/hdbscan_basic_triang)
==810395==    by 0x4027BD: load_dataset(char const*, double**, int**, int*, int*) (in /home/ahaegele/code/fs21/asl/project/team35/build/bin/hdbscan_basic_triang)
==810395==    by 0x402517: main (in /home/ahaegele/code/fs21/asl/project/team35/build/bin/hdbscan_basic_triang)
==810395== 
==810395== I   refs:      2,400,247
==810395== I1  misses:        2,250
==810395== LLi misses:        2,087
==810395== I1  miss rate:      0.09%
==810395== LLi miss rate:      0.09%
==810395== 
==810395== D   refs:        764,479  (564,536 rd   + 199,943 wr)
==810395== D1  misses:       17,539  ( 15,014 rd   +   2,525 wr)
==810395== LLd misses:       10,107  (  8,516 rd   +   1,591 wr)
==810395== D1  miss rate:       2.3% (    2.7%     +     1.3%  )
==810395== LLd miss rate:       1.3% (    1.5%     +     0.8%  )
==810395== 
==810395== LL refs:          19,789  ( 17,264 rd   +   2,525 wr)
==810395== LL misses:        12,194  ( 10,603 rd   +   1,591 wr)
==810395== LL miss rate:        0.4% (    0.4%     +     0.8%  )

////////////////////////////////////////////////////////////////////////////////////

