Running test at time Do 24 Jun 2021 01:59:50 CEST
======================              
Measurement for data/perf_data_d64_0.csv              
======================
Compiled with
- Compiler ID:		 Clang
- Compiler version:	 11.1.0
- Compiler flags:	 -O3 -march=native

DATASET path: data/perf_data_d64_0.csv

RDTSC: 129’155.000000 cycles (0.000045 sec @ 2’900.000000 MHz)
C clock(): 130’084.635417 cycles (0.000045 sec @ 2’900.000000 MHz)
C gettimeofday(): 0.000045 sec

PERF cycles: 137’686
FLOPS count add/sub: 160’277
FLOPS count mult: 0
FLOPS count div/sqrt: 2’026
FLOPS count multiply-add: 256’000
FLOPS count overall: 418’303
Performance (PERF) = 3.038094 dflops/cycle
Performance (RDTSC) = 3.238767 dflops/cycle

======================              
Measurement for data/perf_data_d64_1.csv              
======================
Compiled with
- Compiler ID:		 Clang
- Compiler version:	 11.1.0
- Compiler flags:	 -O3 -march=native

DATASET path: data/perf_data_d64_1.csv

RDTSC: 514’818.000000 cycles (0.000178 sec @ 2’900.000000 MHz)
C clock(): 512’680.729167 cycles (0.000177 sec @ 2’900.000000 MHz)
C gettimeofday(): 0.000176 sec

PERF cycles: 616’226
FLOPS count add/sub: 705’299
FLOPS count mult: 0
FLOPS count div/sqrt: 8’868
FLOPS count multiply-add: 1’127’424
FLOPS count overall: 1’841’591
Performance (PERF) = 2.988499 dflops/cycle
Performance (RDTSC) = 3.577169 dflops/cycle

======================              
Measurement for data/perf_data_d64_2.csv              
======================
Compiled with
- Compiler ID:		 Clang
- Compiler version:	 11.1.0
- Compiler flags:	 -O3 -march=native

DATASET path: data/perf_data_d64_2.csv

RDTSC: 1’953’140.000000 cycles (0.000673 sec @ 2’900.000000 MHz)
C clock(): 1’955’929.166667 cycles (0.000674 sec @ 2’900.000000 MHz)
C gettimeofday(): 0.000677 sec

PERF cycles: 1’956’133
FLOPS count add/sub: 2’672’148
FLOPS count mult: 0
FLOPS count div/sqrt: 33’508
FLOPS count multiply-add: 4’273’152
FLOPS count overall: 6’978’808
Performance (PERF) = 3.567655 dflops/cycle
Performance (RDTSC) = 3.573122 dflops/cycle

======================              
Measurement for data/perf_data_d64_3.csv              
======================
Compiled with
- Compiler ID:		 Clang
- Compiler version:	 11.1.0
- Compiler flags:	 -O3 -march=native

DATASET path: data/perf_data_d64_3.csv

RDTSC: 7’823’517.000000 cycles (0.002698 sec @ 2’900.000000 MHz)
C clock(): 7’937’783.333333 cycles (0.002737 sec @ 2’900.000000 MHz)
C gettimeofday(): 0.002733 sec

PERF cycles: 8’103’988
FLOPS count add/sub: 10’998’621
FLOPS count mult: 0
FLOPS count div/sqrt: 137’692
FLOPS count multiply-add: 17’592’320
FLOPS count overall: 28’728’633
Performance (PERF) = 3.544999 dflops/cycle
Performance (RDTSC) = 3.672087 dflops/cycle

======================              
Measurement for data/perf_data_d64_4.csv              
======================
Compiled with
- Compiler ID:		 Clang
- Compiler version:	 11.1.0
- Compiler flags:	 -O3 -march=native

DATASET path: data/perf_data_d64_4.csv

RDTSC: 29’451’327.000000 cycles (0.010156 sec @ 2’900.000000 MHz)
C clock(): 29’744’333.333333 cycles (0.010257 sec @ 2’900.000000 MHz)
C gettimeofday(): 0.010164 sec

PERF cycles: 29’217’793
FLOPS count add/sub: 42’233’273
FLOPS count mult: 0
FLOPS count div/sqrt: 528’332
FLOPS count multiply-add: 67’561’472
FLOPS count overall: 110’323’077
Performance (PERF) = 3.775887 dflops/cycle
Performance (RDTSC) = 3.745946 dflops/cycle

======================              
Measurement for data/perf_data_d64_5.csv              
======================
Compiled with
- Compiler ID:		 Clang
- Compiler version:	 11.1.0
- Compiler flags:	 -O3 -march=native

DATASET path: data/perf_data_d64_5.csv

RDTSC: 125’012’378.000000 cycles (0.043108 sec @ 2’900.000000 MHz)
C clock(): 125’265’500.000000 cycles (0.043195 sec @ 2’900.000000 MHz)
C gettimeofday(): 0.043760 sec

PERF cycles: 119’661’641
FLOPS count add/sub: 167’597’583
FLOPS count mult: 0
FLOPS count div/sqrt: 2’095’774
FLOPS count multiply-add: 268’129’280
FLOPS count overall: 437’822’637
Performance (PERF) = 3.658839 dflops/cycle
Performance (RDTSC) = 3.502234 dflops/cycle

======================              
Measurement for data/perf_data_d64_6.csv              
======================
Compiled with
- Compiler ID:		 Clang
- Compiler version:	 11.1.0
- Compiler flags:	 -O3 -march=native

DATASET path: data/perf_data_d64_6.csv

RDTSC: 512’647’219.000000 cycles (0.176775 sec @ 2’900.000000 MHz)
C clock(): 512’520’866.666667 cycles (0.176731 sec @ 2’900.000000 MHz)
C gettimeofday(): 0.178043 sec

PERF cycles: 534’174’455
FLOPS count add/sub: 675’310’753
FLOPS count mult: 0
FLOPS count div/sqrt: 8’442’976
FLOPS count multiply-add: 1’080’439’296
FLOPS count overall: 1’764’193’025
Performance (PERF) = 3.302653 dflops/cycle
Performance (RDTSC) = 3.441339 dflops/cycle

======================              
Measurement for data/perf_data_d64_7.csv              
======================
Compiled with
- Compiler ID:		 Clang
- Compiler version:	 11.1.0
- Compiler flags:	 -O3 -march=native

DATASET path: data/perf_data_d64_7.csv

RDTSC: 2’189’086’556.000000 cycles (0.754857 sec @ 2’900.000000 MHz)
C clock(): 2’160’026’333.333333 cycles (0.744837 sec @ 2’900.000000 MHz)
C gettimeofday(): 0.739904 sec

PERF cycles: 2’116’104’926
FLOPS count add/sub: 2’685’874’782
FLOPS count mult: 0
FLOPS count div/sqrt: 33’576’540
FLOPS count multiply-add: 4’297’273’344
FLOPS count overall: 7’016’724’666
Performance (PERF) = 3.315868 dflops/cycle
Performance (RDTSC) = 3.205321 dflops/cycle

======================              
Measurement for data/perf_data_d64_8.csv              
======================
Compiled with
- Compiler ID:		 Clang
- Compiler version:	 11.1.0
- Compiler flags:	 -O3 -march=native

DATASET path: data/perf_data_d64_8.csv

RDTSC: 5’268’472’543.000000 cycles (1.816715 sec @ 2’900.000000 MHz)
C clock(): 5’262’687’033.333334 cycles (1.814720 sec @ 2’900.000000 MHz)
C gettimeofday(): 1.816266 sec

PERF cycles: 5’160’893’282
FLOPS count add/sub: 6’036’739’692
FLOPS count mult: 0
FLOPS count div/sqrt: 75’463’817
FLOPS count multiply-add: 9’658’583’040
FLOPS count overall: 15’770’786’549
Performance (PERF) = 3.055825 dflops/cycle
Performance (RDTSC) = 2.993427 dflops/cycle

======================              
Measurement for data/perf_data_d64_9.csv              
======================
Compiled with
- Compiler ID:		 Clang
- Compiler version:	 11.1.0
- Compiler flags:	 -O3 -march=native

DATASET path: data/perf_data_d64_9.csv

RDTSC: 10’742’597’223.000000 cycles (3.704344 sec @ 2’900.000000 MHz)
C clock(): 10’762’747’766.666668 cycles (3.711292 sec @ 2’900.000000 MHz)
C gettimeofday(): 3.736025 sec

PERF cycles: 11’194’684’963
FLOPS count add/sub: 10’744’343’440
FLOPS count mult: 0
FLOPS count div/sqrt: 134’310’371
FLOPS count multiply-add: 17’190’680’064
FLOPS count overall: 28’069’333’875
Performance (PERF) = 2.507380 dflops/cycle
Performance (RDTSC) = 2.612900 dflops/cycle

======================              
Measurement for data/perf_data_d64_10.csv              
======================
Compiled with
- Compiler ID:		 Clang
- Compiler version:	 11.1.0
- Compiler flags:	 -O3 -march=native

DATASET path: data/perf_data_d64_10.csv

RDTSC: 19’819’711’637.000000 cycles (6.834383 sec @ 2’900.000000 MHz)
C clock(): 19’587’154’866.666664 cycles (6.754191 sec @ 2’900.000000 MHz)
C gettimeofday(): 6.859939 sec

PERF cycles: 19’345’397’481
FLOPS count add/sub: 16’768’796’271
FLOPS count mult: 0
FLOPS count div/sqrt: 209’617’426
FLOPS count multiply-add: 26’829’721’088
FLOPS count overall: 43’808’134’785
Performance (PERF) = 2.264525 dflops/cycle
Performance (RDTSC) = 2.210332 dflops/cycle

======================              
Measurement for data/perf_data_d64_11.csv              
======================
Compiled with
- Compiler ID:		 Clang
- Compiler version:	 11.1.0
- Compiler flags:	 -O3 -march=native

DATASET path: data/perf_data_d64_11.csv

RDTSC: 29’611’418’996.000000 cycles (10.210834 sec @ 2’900.000000 MHz)
C clock(): 29’556’633’733.333332 cycles (10.191943 sec @ 2’900.000000 MHz)
C gettimeofday(): 10.223737 sec

PERF cycles: 29’251’375’285
FLOPS count add/sub: 24’168’283’835
FLOPS count mult: 0
FLOPS count div/sqrt: 302’112’583
FLOPS count multiply-add: 38’668’838’400
FLOPS count overall: 63’139’234’818
Performance (PERF) = 2.158505 dflops/cycle
Performance (RDTSC) = 2.132260 dflops/cycle

======================              
Measurement for data/perf_data_d64_12.csv              
======================
Compiled with
- Compiler ID:		 Clang
- Compiler version:	 11.1.0
- Compiler flags:	 -O3 -march=native

DATASET path: data/perf_data_d64_12.csv

RDTSC: 41’220’907’303.000000 cycles (14.214106 sec @ 2’900.000000 MHz)
C clock(): 41’499’533’600.000000 cycles (14.310184 sec @ 2’900.000000 MHz)
C gettimeofday(): 14.243519 sec

PERF cycles: 41’614’974’569
FLOPS count add/sub: 32’907’641’764
FLOPS count mult: 0
FLOPS count div/sqrt: 411’355’880
FLOPS count multiply-add: 52’651’718’144
FLOPS count overall: 85’970’715’788
Performance (PERF) = 2.065860 dflops/cycle
Performance (RDTSC) = 2.085609 dflops/cycle

