Running test at time Do 24 Jun 2021 04:29:17 CEST
======================              
Measurement for data/perf_data_d64_0.csv              
======================
Compiled with
- Compiler ID:		 Clang
- Compiler version:	 11.1.0
- Compiler flags:	 -O3 -march=native

DATASET path: data/perf_data_d64_0.csv

RDTSC: 92’687.000000 cycles (0.000032 sec @ 2’900.000000 MHz)
C clock(): 90’725.065104 cycles (0.000031 sec @ 2’900.000000 MHz)
C gettimeofday(): 0.000032 sec

PERF cycles: 168’008
FLOPS count add/sub: 122’373
FLOPS count mult: 0
FLOPS count div/sqrt: 1’533
FLOPS count multiply-add: 194’560
FLOPS count overall: 318’466
Performance (PERF) = 1.895541 dflops/cycle
Performance (RDTSC) = 3.435930 dflops/cycle

======================              
Measurement for data/perf_data_d64_1.csv              
======================
Compiled with
- Compiler ID:		 Clang
- Compiler version:	 11.1.0
- Compiler flags:	 -O3 -march=native

DATASET path: data/perf_data_d64_1.csv

RDTSC: 366’856.000000 cycles (0.000127 sec @ 2’900.000000 MHz)
C clock(): 354’215.364583 cycles (0.000122 sec @ 2’900.000000 MHz)
C gettimeofday(): 0.000126 sec

PERF cycles: 355’560
FLOPS count add/sub: 490’639
FLOPS count mult: 0
FLOPS count div/sqrt: 6’157
FLOPS count multiply-add: 782’336
FLOPS count overall: 1’279’132
Performance (PERF) = 3.597514 dflops/cycle
Performance (RDTSC) = 3.486741 dflops/cycle

======================              
Measurement for data/perf_data_d64_2.csv              
======================
Compiled with
- Compiler ID:		 Clang
- Compiler version:	 11.1.0
- Compiler flags:	 -O3 -march=native

DATASET path: data/perf_data_d64_2.csv

RDTSC: 1’441’414.000000 cycles (0.000497 sec @ 2’900.000000 MHz)
C clock(): 1’436’647.916667 cycles (0.000495 sec @ 2’900.000000 MHz)
C gettimeofday(): 0.000494 sec

PERF cycles: 1’430’569
FLOPS count add/sub: 1’964’468
FLOPS count mult: 0
FLOPS count div/sqrt: 24’621
FLOPS count multiply-add: 3’137’536
FLOPS count overall: 5’126’625
Performance (PERF) = 3.583627 dflops/cycle
Performance (RDTSC) = 3.556664 dflops/cycle

======================              
Measurement for data/perf_data_d64_3.csv              
======================
Compiled with
- Compiler ID:		 Clang
- Compiler version:	 11.1.0
- Compiler flags:	 -O3 -march=native

DATASET path: data/perf_data_d64_3.csv

RDTSC: 5’374’217.000000 cycles (0.001853 sec @ 2’900.000000 MHz)
C clock(): 5’299’508.333333 cycles (0.001827 sec @ 2’900.000000 MHz)
C gettimeofday(): 0.001841 sec

PERF cycles: 5’431’649
FLOPS count add/sub: 7’861’025
FLOPS count mult: 0
FLOPS count div/sqrt: 98’409
FLOPS count multiply-add: 12’566’528
FLOPS count overall: 20’525’962
Performance (PERF) = 3.778956 dflops/cycle
Performance (RDTSC) = 3.819340 dflops/cycle

======================              
Measurement for data/perf_data_d64_4.csv              
======================
Compiled with
- Compiler ID:		 Clang
- Compiler version:	 11.1.0
- Compiler flags:	 -O3 -march=native

DATASET path: data/perf_data_d64_4.csv

RDTSC: 20’959’972.000000 cycles (0.007228 sec @ 2’900.000000 MHz)
C clock(): 20’022’566.666667 cycles (0.006904 sec @ 2’900.000000 MHz)
C gettimeofday(): 0.006902 sec

PERF cycles: 20’031’873
FLOPS count add/sub: 31’452’504
FLOPS count mult: 0
FLOPS count div/sqrt: 393’445
FLOPS count multiply-add: 50’298’880
FLOPS count overall: 82’144’829
Performance (PERF) = 4.100706 dflops/cycle
Performance (RDTSC) = 3.919129 dflops/cycle

======================              
Measurement for data/perf_data_d64_5.csv              
======================
Compiled with
- Compiler ID:		 Clang
- Compiler version:	 11.1.0
- Compiler flags:	 -O3 -march=native

DATASET path: data/perf_data_d64_5.csv

RDTSC: 83’068’731.000000 cycles (0.028644 sec @ 2’900.000000 MHz)
C clock(): 81’566’366.666667 cycles (0.028126 sec @ 2’900.000000 MHz)
C gettimeofday(): 0.028085 sec

PERF cycles: 80’293’701
FLOPS count add/sub: 125’818’849
FLOPS count mult: 0
FLOPS count div/sqrt: 1’573’347
FLOPS count multiply-add: 201’261’056
FLOPS count overall: 328’653’252
Performance (PERF) = 4.093139 dflops/cycle
Performance (RDTSC) = 3.956402 dflops/cycle

======================              
Measurement for data/perf_data_d64_6.csv              
======================
Compiled with
- Compiler ID:		 Clang
- Compiler version:	 11.1.0
- Compiler flags:	 -O3 -march=native

DATASET path: data/perf_data_d64_6.csv

RDTSC: 341’023’421.000000 cycles (0.117594 sec @ 2’900.000000 MHz)
C clock(): 348’261’966.666667 cycles (0.120090 sec @ 2’900.000000 MHz)
C gettimeofday(): 0.117431 sec

PERF cycles: 338’477’219
FLOPS count add/sub: 503’295’717
FLOPS count mult: 0
FLOPS count div/sqrt: 6’292’435
FLOPS count multiply-add: 805’175’296
FLOPS count overall: 1’314’763’448
Performance (PERF) = 3.884348 dflops/cycle
Performance (RDTSC) = 3.855346 dflops/cycle

======================              
Measurement for data/perf_data_d64_7.csv              
======================
Compiled with
- Compiler ID:		 Clang
- Compiler version:	 11.1.0
- Compiler flags:	 -O3 -march=native

DATASET path: data/perf_data_d64_7.csv

RDTSC: 1’384’959’544.000000 cycles (0.477572 sec @ 2’900.000000 MHz)
C clock(): 1’407’717’033.333333 cycles (0.485420 sec @ 2’900.000000 MHz)
C gettimeofday(): 0.478707 sec

PERF cycles: 1’375’861’680
FLOPS count add/sub: 2’013’218’308
FLOPS count mult: 0
FLOPS count div/sqrt: 25’167’821
FLOPS count multiply-add: 3’220’963’328
FLOPS count overall: 5’259’349’457
Performance (PERF) = 3.822586 dflops/cycle
Performance (RDTSC) = 3.797475 dflops/cycle

======================              
Measurement for data/perf_data_d64_8.csv              
======================
Compiled with
- Compiler ID:		 Clang
- Compiler version:	 11.1.0
- Compiler flags:	 -O3 -march=native

DATASET path: data/perf_data_d64_8.csv

RDTSC: 3’503’293’505.000000 cycles (1.208032 sec @ 2’900.000000 MHz)
C clock(): 3’584’246’300.000000 cycles (1.235947 sec @ 2’900.000000 MHz)
C gettimeofday(): 1.255772 sec

PERF cycles: 3’591’553’584
FLOPS count add/sub: 4’529’779’851
FLOPS count mult: 0
FLOPS count div/sqrt: 56’626’111
FLOPS count multiply-add: 7’247’364’096
FLOPS count overall: 11’833’770’058
Performance (PERF) = 3.294889 dflops/cycle
Performance (RDTSC) = 3.377899 dflops/cycle

======================              
Measurement for data/perf_data_d64_9.csv              
======================
Compiled with
- Compiler ID:		 Clang
- Compiler version:	 11.1.0
- Compiler flags:	 -O3 -march=native

DATASET path: data/perf_data_d64_9.csv

RDTSC: 7’842’252’403.000000 cycles (2.704225 sec @ 2’900.000000 MHz)
C clock(): 7’652’207’766.666667 cycles (2.638692 sec @ 2’900.000000 MHz)
C gettimeofday(): 2.667802 sec

PERF cycles: 7’903’020’494
FLOPS count add/sub: 8’052’996’358
FLOPS count mult: 0
FLOPS count div/sqrt: 100’667’326
FLOPS count multiply-add: 12’884’377’600
FLOPS count overall: 21’038’041’284
Performance (PERF) = 2.662025 dflops/cycle
Performance (RDTSC) = 2.682653 dflops/cycle

======================              
Measurement for data/perf_data_d64_10.csv              
======================
Compiled with
- Compiler ID:		 Clang
- Compiler version:	 11.1.0
- Compiler flags:	 -O3 -march=native

DATASET path: data/perf_data_d64_10.csv

RDTSC: 14’174’506’745.000000 cycles (4.887761 sec @ 2’900.000000 MHz)
C clock(): 14’190’840’666.666666 cycles (4.893393 sec @ 2’900.000000 MHz)
C gettimeofday(): 4.911291 sec

PERF cycles: 14’055’354’684
FLOPS count add/sub: 12’582’774’857
FLOPS count mult: 0
FLOPS count div/sqrt: 157’291’428
FLOPS count multiply-add: 20’132’003’840
FLOPS count overall: 32’872’070’125
Performance (PERF) = 2.338758 dflops/cycle
Performance (RDTSC) = 2.319098 dflops/cycle

======================              
Measurement for data/perf_data_d64_11.csv              
======================
Compiled with
- Compiler ID:		 Clang
- Compiler version:	 11.1.0
- Compiler flags:	 -O3 -march=native

DATASET path: data/perf_data_d64_11.csv

RDTSC: 21’772’740’843.000000 cycles (7.507842 sec @ 2’900.000000 MHz)
C clock(): 21’637’524’466.666664 cycles (7.461215 sec @ 2’900.000000 MHz)
C gettimeofday(): 7.370802 sec

PERF cycles: 21’026’429’314
FLOPS count add/sub: 18’119’277’108
FLOPS count mult: 0
FLOPS count div/sqrt: 226’498’454
FLOPS count multiply-add: 28’990’242’816
FLOPS count overall: 47’336’018’378
Performance (PERF) = 2.251263 dflops/cycle
Performance (RDTSC) = 2.174096 dflops/cycle

======================              
Measurement for data/perf_data_d64_12.csv              
======================
Compiled with
- Compiler ID:		 Clang
- Compiler version:	 11.1.0
- Compiler flags:	 -O3 -march=native

DATASET path: data/perf_data_d64_12.csv

RDTSC: 30’328’861’557.000000 cycles (10.458228 sec @ 2’900.000000 MHz)
C clock(): 30’328’213’533.333332 cycles (10.458005 sec @ 2’900.000000 MHz)
C gettimeofday(): 10.554936 sec

PERF cycles: 30’489’278’259
FLOPS count add/sub: 24’662’383’410
FLOPS count mult: 0
FLOPS count div/sqrt: 308’288’401
FLOPS count multiply-add: 39’459’094’528
FLOPS count overall: 64’429’766’339
Performance (PERF) = 2.113194 dflops/cycle
Performance (RDTSC) = 2.124371 dflops/cycle

