Running test at time Do 24 Jun 2021 04:58:50 CEST
======================              
Measurement for data/perf_data_d256_0.csv              
======================
Compiled with
- Compiler ID:		 Clang
- Compiler version:	 11.1.0
- Compiler flags:	 -O3 -march=native

DATASET path: data/perf_data_d256_0.csv

RDTSC: 227’062.000000 cycles (0.000078 sec @ 2’900.000000 MHz)
C clock(): 231’150.390625 cycles (0.000080 sec @ 2’900.000000 MHz)
C gettimeofday(): 0.000079 sec

PERF cycles: 232’202
FLOPS count add/sub: 414’216
FLOPS count mult: 0
FLOPS count div/sqrt: 1’533
FLOPS count multiply-add: 778’240
FLOPS count overall: 1’193’989
Performance (PERF) = 5.142027 dflops/cycle
Performance (RDTSC) = 5.258427 dflops/cycle

======================              
Measurement for data/perf_data_d256_1.csv              
======================
Compiled with
- Compiler ID:		 Clang
- Compiler version:	 11.1.0
- Compiler flags:	 -O3 -march=native

DATASET path: data/perf_data_d256_1.csv

RDTSC: 917’238.000000 cycles (0.000316 sec @ 2’900.000000 MHz)
C clock(): 948’435.937500 cycles (0.000327 sec @ 2’900.000000 MHz)
C gettimeofday(): 0.000314 sec

PERF cycles: 1’011’727
FLOPS count add/sub: 1’664’131
FLOPS count mult: 0
FLOPS count div/sqrt: 6’157
FLOPS count multiply-add: 3’129’344
FLOPS count overall: 4’799’632
Performance (PERF) = 4.743999 dflops/cycle
Performance (RDTSC) = 5.232701 dflops/cycle

======================              
Measurement for data/perf_data_d256_2.csv              
======================
Compiled with
- Compiler ID:		 Clang
- Compiler version:	 11.1.0
- Compiler flags:	 -O3 -march=native

DATASET path: data/perf_data_d256_2.csv

RDTSC: 3’600’060.000000 cycles (0.001241 sec @ 2’900.000000 MHz)
C clock(): 3’619’079.166667 cycles (0.001248 sec @ 2’900.000000 MHz)
C gettimeofday(): 0.001242 sec

PERF cycles: 3’569’038
FLOPS count add/sub: 6’670’603
FLOPS count mult: 0
FLOPS count div/sqrt: 24’616
FLOPS count multiply-add: 12’550’144
FLOPS count overall: 19’245’363
Performance (PERF) = 5.392311 dflops/cycle
Performance (RDTSC) = 5.345845 dflops/cycle

======================              
Measurement for data/perf_data_d256_3.csv              
======================
Compiled with
- Compiler ID:		 Clang
- Compiler version:	 11.1.0
- Compiler flags:	 -O3 -march=native

DATASET path: data/perf_data_d256_3.csv

RDTSC: 14’629’286.000000 cycles (0.005045 sec @ 2’900.000000 MHz)
C clock(): 14’473’658.333333 cycles (0.004991 sec @ 2’900.000000 MHz)
C gettimeofday(): 0.005017 sec

PERF cycles: 14’433’409
FLOPS count add/sub: 26’711’358
FLOPS count mult: 0
FLOPS count div/sqrt: 98’412
FLOPS count multiply-add: 50’266’112
FLOPS count overall: 77’075’882
Performance (PERF) = 5.340102 dflops/cycle
Performance (RDTSC) = 5.268602 dflops/cycle

======================              
Measurement for data/perf_data_d256_4.csv              
======================
Compiled with
- Compiler ID:		 Clang
- Compiler version:	 11.1.0
- Compiler flags:	 -O3 -march=native

DATASET path: data/perf_data_d256_4.csv

RDTSC: 60’111’490.000000 cycles (0.020728 sec @ 2’900.000000 MHz)
C clock(): 57’217’966.666667 cycles (0.019730 sec @ 2’900.000000 MHz)
C gettimeofday(): 0.019881 sec

PERF cycles: 58’234’851
FLOPS count add/sub: 106’900’850
FLOPS count mult: 0
FLOPS count div/sqrt: 393’445
FLOPS count multiply-add: 201’195’520
FLOPS count overall: 308’489’815
Performance (PERF) = 5.297340 dflops/cycle
Performance (RDTSC) = 5.131961 dflops/cycle

======================              
Measurement for data/perf_data_d256_5.csv              
======================
Compiled with
- Compiler ID:		 Clang
- Compiler version:	 11.1.0
- Compiler flags:	 -O3 -march=native

DATASET path: data/perf_data_d256_5.csv

RDTSC: 248’336’724.000000 cycles (0.085633 sec @ 2’900.000000 MHz)
C clock(): 239’994’333.333333 cycles (0.082757 sec @ 2’900.000000 MHz)
C gettimeofday(): 0.086224 sec

PERF cycles: 252’552’106
FLOPS count add/sub: 427’712’825
FLOPS count mult: 0
FLOPS count div/sqrt: 1’573’351
FLOPS count multiply-add: 805’044’224
FLOPS count overall: 1’234’330’400
Performance (PERF) = 4.887429 dflops/cycle
Performance (RDTSC) = 4.970390 dflops/cycle

======================              
Measurement for data/perf_data_d256_6.csv              
======================
Compiled with
- Compiler ID:		 Clang
- Compiler version:	 11.1.0
- Compiler flags:	 -O3 -march=native

DATASET path: data/perf_data_d256_6.csv

RDTSC: 1’351’112’436.000000 cycles (0.465901 sec @ 2’900.000000 MHz)
C clock(): 1’388’230’966.666667 cycles (0.478700 sec @ 2’900.000000 MHz)
C gettimeofday(): 0.487632 sec

PERF cycles: 1’355’238’043
FLOPS count add/sub: 1’711’053’243
FLOPS count mult: 0
FLOPS count div/sqrt: 6’292’440
FLOPS count multiply-add: 3’220’701’184
FLOPS count overall: 4’938’046’867
Performance (PERF) = 3.643675 dflops/cycle
Performance (RDTSC) = 3.654801 dflops/cycle

======================              
Measurement for data/perf_data_d256_7.csv              
======================
Compiled with
- Compiler ID:		 Clang
- Compiler version:	 11.1.0
- Compiler flags:	 -O3 -march=native

DATASET path: data/perf_data_d256_7.csv

RDTSC: 7’695’817’502.000000 cycles (2.653730 sec @ 2’900.000000 MHz)
C clock(): 7’798’388’066.666667 cycles (2.689099 sec @ 2’900.000000 MHz)
C gettimeofday(): 2.685450 sec

PERF cycles: 7’677’827’265
FLOPS count add/sub: 6’844’685’233
FLOPS count mult: 0
FLOPS count div/sqrt: 25’167’827
FLOPS count multiply-add: 12’883’853’312
FLOPS count overall: 19’753’706’372
Performance (PERF) = 2.572825 dflops/cycle
Performance (RDTSC) = 2.566811 dflops/cycle

======================              
Measurement for data/perf_data_d256_8.csv              
======================
Compiled with
- Compiler ID:		 Clang
- Compiler version:	 11.1.0
- Compiler flags:	 -O3 -march=native

DATASET path: data/perf_data_d256_8.csv

RDTSC: 18’388’191’046.000000 cycles (6.340756 sec @ 2’900.000000 MHz)
C clock(): 18’258’079’066.666664 cycles (6.295889 sec @ 2’900.000000 MHz)
C gettimeofday(): 6.368258 sec

PERF cycles: 18’164’099’820
FLOPS count add/sub: 15’400’809’136
FLOPS count mult: 0
FLOPS count div/sqrt: 56’626’114
FLOPS count multiply-add: 28’989’456’384
FLOPS count overall: 44’446’891’634
Performance (PERF) = 2.446964 dflops/cycle
Performance (RDTSC) = 2.417143 dflops/cycle

======================              
Measurement for data/perf_data_d256_9.csv              
======================
Compiled with
- Compiler ID:		 Clang
- Compiler version:	 11.1.0
- Compiler flags:	 -O3 -march=native

DATASET path: data/perf_data_d256_9.csv

RDTSC: 33’103’665’029.000000 cycles (11.415057 sec @ 2’900.000000 MHz)
C clock(): 32’905’199’933.333332 cycles (11.346621 sec @ 2’900.000000 MHz)
C gettimeofday(): 11.286662 sec

PERF cycles: 32’704’100’069
FLOPS count add/sub: 27’379’560’035
FLOPS count mult: 0
FLOPS count div/sqrt: 100’667’334
FLOPS count multiply-add: 51’537’510’400
FLOPS count overall: 79’017’737’769
Performance (PERF) = 2.416142 dflops/cycle
Performance (RDTSC) = 2.386979 dflops/cycle

======================              
Measurement for data/perf_data_d256_10.csv              
======================
Compiled with
- Compiler ID:		 Clang
- Compiler version:	 11.1.0
- Compiler flags:	 -O3 -march=native

DATASET path: data/perf_data_d256_10.csv

RDTSC: 51’546’244’474.000000 cycles (17.774567 sec @ 2’900.000000 MHz)
C clock(): 51’646’492’466.666664 cycles (17.809135 sec @ 2’900.000000 MHz)
C gettimeofday(): 17.727038 sec

PERF cycles: 50’924’475’669
FLOPS count add/sub: 42’780’832’052
FLOPS count mult: 0
FLOPS count div/sqrt: 157’291’437
FLOPS count multiply-add: 80’528’015’360
FLOPS count overall: 123’466’138’849
Performance (PERF) = 2.424495 dflops/cycle
Performance (RDTSC) = 2.395250 dflops/cycle

======================              
Measurement for data/perf_data_d256_11.csv              
======================
Compiled with
- Compiler ID:		 Clang
- Compiler version:	 11.1.0
- Compiler flags:	 -O3 -march=native

DATASET path: data/perf_data_d256_11.csv

RDTSC: 74’259’944’092.000000 cycles (25.606877 sec @ 2’900.000000 MHz)
C clock(): 75’044’036’600.000000 cycles (25.877254 sec @ 2’900.000000 MHz)
C gettimeofday(): 25.850521 sec

PERF cycles: 72’602’706’962
FLOPS count add/sub: 61’604’626’276
FLOPS count mult: 0
FLOPS count div/sqrt: 226’498’477
FLOPS count multiply-add: 115’960’971’264
FLOPS count overall: 177’792’096’017
Performance (PERF) = 2.448836 dflops/cycle
Performance (RDTSC) = 2.394186 dflops/cycle

======================              
Measurement for data/perf_data_d256_12.csv              
======================
Compiled with
- Compiler ID:		 Clang
- Compiler version:	 11.1.0
- Compiler flags:	 -O3 -march=native

DATASET path: data/perf_data_d256_12.csv

RDTSC: 102’096’181’323.000000 cycles (35.205580 sec @ 2’900.000000 MHz)
C clock(): 101’699’143’000.000000 cycles (35.068670 sec @ 2’900.000000 MHz)
C gettimeofday(): 35.094373 sec

PERF cycles: 99’545’383’783
FLOPS count add/sub: 83’850’976’353
FLOPS count mult: 0
FLOPS count div/sqrt: 308’288’431
FLOPS count multiply-add: 157’836’378’112
FLOPS count overall: 241’995’642’896
Performance (PERF) = 2.431008 dflops/cycle
Performance (RDTSC) = 2.370271 dflops/cycle

