Running test at time Sat Jun  5 11:24:23 AM CEST 2021
======================              
Measurement for data/perf_data_d4_0.csv              
======================
Compiled with
- Compiler ID:		 Clang
- Compiler version:	 11.1.0
- Compiler flags:	 -O3 -march=native

DATASET path: data/perf_data_d4_0.csv

RDTSC: 40,686.000000 cycles (0.000016 sec @ 2,600.000000 MHz)
C clock(): 38,862.890625 cycles (0.000015 sec @ 2,600.000000 MHz)
C gettimeofday(): 0.000015 sec

PERF cycles: 137,167
FLOPS count scalar double: 515
FLOPS count 128 packed double: 0 (multiply by 2 to get scalar operations)
FLOPS count 256 packed double: 3,584 (multiply by 4 to get scalar operations)
Performance (PERF) = 0.108269 dflops/cycle (only counting add, mul, sub)
Performance (RDTSC) = 0.365015 dflops/cycle (only counting add, mul, sub)
Got ovalue: data/timings/20210605_112326/clang_basic_best.csv


======================              
Measurement for data/perf_data_d4_1.csv              
======================
Compiled with
- Compiler ID:		 Clang
- Compiler version:	 11.1.0
- Compiler flags:	 -O3 -march=native

DATASET path: data/perf_data_d4_1.csv

RDTSC: 195,391.000000 cycles (0.000075 sec @ 2,600.000000 MHz)
C clock(): 164,866.406250 cycles (0.000063 sec @ 2,600.000000 MHz)
C gettimeofday(): 0.000101 sec

PERF cycles: 147,950
FLOPS count scalar double: 1,163
FLOPS count 128 packed double: 0 (multiply by 2 to get scalar operations)
FLOPS count 256 packed double: 14,336 (multiply by 4 to get scalar operations)
Performance (PERF) = 0.395451 dflops/cycle (only counting add, mul, sub)
Performance (RDTSC) = 0.299435 dflops/cycle (only counting add, mul, sub)
Got ovalue: data/timings/20210605_112326/clang_basic_best.csv


======================              
Measurement for data/perf_data_d4_2.csv              
======================
Compiled with
- Compiler ID:		 Clang
- Compiler version:	 11.1.0
- Compiler flags:	 -O3 -march=native

DATASET path: data/perf_data_d4_2.csv

RDTSC: 597,589.000000 cycles (0.000230 sec @ 2,600.000000 MHz)
C clock(): 546,514.583333 cycles (0.000210 sec @ 2,600.000000 MHz)
C gettimeofday(): 0.000233 sec

PERF cycles: 722,201
FLOPS count scalar double: 2,454
FLOPS count 128 packed double: 0 (multiply by 2 to get scalar operations)
FLOPS count 256 packed double: 57,344 (multiply by 4 to get scalar operations)
Performance (PERF) = 0.321005 dflops/cycle (only counting add, mul, sub)
Performance (RDTSC) = 0.387942 dflops/cycle (only counting add, mul, sub)
Got ovalue: data/timings/20210605_112326/clang_basic_best.csv


======================              
Measurement for data/perf_data_d4_3.csv              
======================
Compiled with
- Compiler ID:		 Clang
- Compiler version:	 11.1.0
- Compiler flags:	 -O3 -march=native

DATASET path: data/perf_data_d4_3.csv

RDTSC: 2,287,594.000000 cycles (0.000880 sec @ 2,600.000000 MHz)
C clock(): 2,105,350.000000 cycles (0.000810 sec @ 2,600.000000 MHz)
C gettimeofday(): 0.000829 sec

PERF cycles: 2,940,323
FLOPS count scalar double: 5,357
FLOPS count 128 packed double: 0 (multiply by 2 to get scalar operations)
FLOPS count 256 packed double: 229,376 (multiply by 4 to get scalar operations)
Performance (PERF) = 0.313864 dflops/cycle (only counting add, mul, sub)
Performance (RDTSC) = 0.403420 dflops/cycle (only counting add, mul, sub)
Got ovalue: data/timings/20210605_112326/clang_basic_best.csv


======================              
Measurement for data/perf_data_d4_4.csv              
======================
Compiled with
- Compiler ID:		 Clang
- Compiler version:	 11.1.0
- Compiler flags:	 -O3 -march=native

DATASET path: data/perf_data_d4_4.csv

RDTSC: 8,194,082.000000 cycles (0.003152 sec @ 2,600.000000 MHz)
C clock(): 13,110,500.000000 cycles (0.005043 sec @ 2,600.000000 MHz)
C gettimeofday(): 0.002514 sec

PERF cycles: 6,435,050
FLOPS count scalar double: 15,145
FLOPS count 128 packed double: 0 (multiply by 2 to get scalar operations)
FLOPS count 256 packed double: 917,504 (multiply by 4 to get scalar operations)
Performance (PERF) = 0.572670 dflops/cycle (only counting add, mul, sub)
Performance (RDTSC) = 0.449734 dflops/cycle (only counting add, mul, sub)
Got ovalue: data/timings/20210605_112326/clang_basic_best.csv


======================              
Measurement for data/perf_data_d4_5.csv              
======================
Compiled with
- Compiler ID:		 Clang
- Compiler version:	 11.1.0
- Compiler flags:	 -O3 -march=native

DATASET path: data/perf_data_d4_5.csv

RDTSC: 28,612,492.000000 cycles (0.011005 sec @ 2,600.000000 MHz)
C clock(): 27,645,366.666667 cycles (0.010633 sec @ 2,600.000000 MHz)
C gettimeofday(): 0.010622 sec

PERF cycles: 26,338,395
FLOPS count scalar double: 37,386
FLOPS count 128 packed double: 0 (multiply by 2 to get scalar operations)
FLOPS count 256 packed double: 3,670,016 (multiply by 4 to get scalar operations)
Performance (PERF) = 0.558783 dflops/cycle (only counting add, mul, sub)
Performance (RDTSC) = 0.514371 dflops/cycle (only counting add, mul, sub)
Got ovalue: data/timings/20210605_112326/clang_basic_best.csv


======================              
Measurement for data/perf_data_d4_6.csv              
======================
Compiled with
- Compiler ID:		 Clang
- Compiler version:	 11.1.0
- Compiler flags:	 -O3 -march=native

DATASET path: data/perf_data_d4_6.csv

RDTSC: 209,297,523.000000 cycles (0.080499 sec @ 2,600.000000 MHz)
C clock(): 147,899,266.666667 cycles (0.056884 sec @ 2,600.000000 MHz)
C gettimeofday(): 0.058358 sec

PERF cycles: 114,965,826
FLOPS count scalar double: 116,602
FLOPS count 128 packed double: 0 (multiply by 2 to get scalar operations)
FLOPS count 256 packed double: 14,680,064 (multiply by 4 to get scalar operations)
Performance (PERF) = 0.511777 dflops/cycle (only counting add, mul, sub)
Performance (RDTSC) = 0.281116 dflops/cycle (only counting add, mul, sub)
Got ovalue: data/timings/20210605_112326/clang_basic_best.csv


