Running Cache analysis for hdbscan

==629985== Cachegrind, a cache and branch-prediction profiler
==629985== Copyright (C) 2002-2017, and GNU GPL'd, by Nicholas Nethercote et al.
==629985== Using Valgrind-3.15.0 and LibVEX; rerun with -h for copyright info
==629985== Command: ./build/bin/hdbscan data/perf_data_d20_12.csv
==629985== 
--629985-- warning: L3 cache found, using its data for the LL simulation.
==629985== 
==629985== I   refs:      62,175,844,998
==629985== I1  misses:             2,669
==629985== LLi misses:             2,433
==629985== I1  miss rate:           0.00%
==629985== LLi miss rate:           0.00%
==629985== 
==629985== D   refs:      17,479,258,175  (16,257,847,431 rd   + 1,221,410,744 wr)
==629985== D1  misses:       958,543,847  (   932,717,322 rd   +    25,826,525 wr)
==629985== LLd misses:        70,823,683  (    70,666,947 rd   +       156,736 wr)
==629985== D1  miss rate:            5.5% (           5.7%     +           2.1%  )
==629985== LLd miss rate:            0.4% (           0.4%     +           0.0%  )
==629985== 
==629985== LL refs:          958,546,516  (   932,719,991 rd   +    25,826,525 wr)
==629985== LL misses:         70,826,116  (    70,669,380 rd   +       156,736 wr)
==629985== LL miss rate:             0.1% (           0.1%     +           0.0%  )

////////////////////////////////////////////////////////////////////////////////////

Running Cache analysis for hdbscan_distvec

==630171== Cachegrind, a cache and branch-prediction profiler
==630171== Copyright (C) 2002-2017, and GNU GPL'd, by Nicholas Nethercote et al.
==630171== Using Valgrind-3.15.0 and LibVEX; rerun with -h for copyright info
==630171== Command: ./build/bin/hdbscan_distvec data/perf_data_d20_12.csv
==630171== 
--630171-- warning: L3 cache found, using its data for the LL simulation.
==630171== 
==630171== I   refs:      35,648,176,719
==630171== I1  misses:             2,657
==630171== LLi misses:             2,437
==630171== I1  miss rate:           0.00%
==630171== LLi miss rate:           0.00%
==630171== 
==630171== D   refs:       8,600,069,556  (7,913,644,851 rd   + 686,424,705 wr)
==630171== D1  misses:       907,957,523  (  881,787,005 rd   +  26,170,518 wr)
==630171== LLd misses:        70,045,955  (   69,874,926 rd   +     171,029 wr)
==630171== D1  miss rate:           10.6% (         11.1%     +         3.8%  )
==630171== LLd miss rate:            0.8% (          0.9%     +         0.0%  )
==630171== 
==630171== LL refs:          907,960,180  (  881,789,662 rd   +  26,170,518 wr)
==630171== LL misses:         70,048,392  (   69,877,363 rd   +     171,029 wr)
==630171== LL miss rate:             0.2% (          0.2%     +         0.0%  )

////////////////////////////////////////////////////////////////////////////////////

Running Cache analysis for hdbscan_distvec_quickvec

==630435== Cachegrind, a cache and branch-prediction profiler
==630435== Copyright (C) 2002-2017, and GNU GPL'd, by Nicholas Nethercote et al.
==630435== Using Valgrind-3.15.0 and LibVEX; rerun with -h for copyright info
==630435== Command: ./build/bin/hdbscan_distvec_quickvec data/perf_data_d20_12.csv
==630435== 
--630435-- warning: L3 cache found, using its data for the LL simulation.
==630435== 
==630435== I   refs:      35,648,179,303
==630435== I1  misses:             2,667
==630435== LLi misses:             2,444
==630435== I1  miss rate:           0.00%
==630435== LLi miss rate:           0.00%
==630435== 
==630435== D   refs:       8,600,069,957  (7,913,644,994 rd   + 686,424,963 wr)
==630435== D1  misses:       907,955,745  (  881,770,729 rd   +  26,185,016 wr)
==630435== LLd misses:        70,018,433  (   69,847,060 rd   +     171,373 wr)
==630435== D1  miss rate:           10.6% (         11.1%     +         3.8%  )
==630435== LLd miss rate:            0.8% (          0.9%     +         0.0%  )
==630435== 
==630435== LL refs:          907,958,412  (  881,773,396 rd   +  26,185,016 wr)
==630435== LL misses:         70,020,877  (   69,849,504 rd   +     171,373 wr)
==630435== LL miss rate:             0.2% (          0.2%     +         0.0%  )

////////////////////////////////////////////////////////////////////////////////////

Running Cache analysis for hdbscan_distvec_quickvec_primvec

==630733== Cachegrind, a cache and branch-prediction profiler
==630733== Copyright (C) 2002-2017, and GNU GPL'd, by Nicholas Nethercote et al.
==630733== Using Valgrind-3.15.0 and LibVEX; rerun with -h for copyright info
==630733== Command: ./build/bin/hdbscan_distvec_quickvec_primvec data/perf_data_d20_12.csv
==630733== 
--630733-- warning: L3 cache found, using its data for the LL simulation.
==630733== 
==630733== I   refs:      53,195,293,657
==630733== I1  misses:             2,624
==630733== LLi misses:             2,405
==630733== I1  miss rate:           0.00%
==630733== LLi miss rate:           0.00%
==630733== 
==630733== D   refs:      13,125,584,171  (11,928,021,676 rd   + 1,197,562,495 wr)
==630733== D1  misses:       908,362,410  (   882,389,294 rd   +    25,973,116 wr)
==630733== LLd misses:        70,453,070  (    70,332,315 rd   +       120,755 wr)
==630733== D1  miss rate:            6.9% (           7.4%     +           2.2%  )
==630733== LLd miss rate:            0.5% (           0.6%     +           0.0%  )
==630733== 
==630733== LL refs:          908,365,034  (   882,391,918 rd   +    25,973,116 wr)
==630733== LL misses:         70,455,475  (    70,334,720 rd   +       120,755 wr)
==630733== LL miss rate:             0.1% (           0.1%     +           0.0%  )

////////////////////////////////////////////////////////////////////////////////////

