Running Cache analysis for hdbscan

==629613== Cachegrind, a cache and branch-prediction profiler
==629613== Copyright (C) 2002-2017, and GNU GPL'd, by Nicholas Nethercote et al.
==629613== Using Valgrind-3.15.0 and LibVEX; rerun with -h for copyright info
==629613== Command: ./build/bin/hdbscan data/perf_data_d4_12.csv
==629613== 
--629613-- warning: L3 cache found, using its data for the LL simulation.
==629613== brk segment overflow in thread #1: can't grow to 0x483c000
==629613== (see section Limitations in user manual)
==629613== NOTE: further instances of this message will not be shown
==629613== 
==629613== I   refs:      25,392,484,330
==629613== I1  misses:             2,704
==629613== LLi misses:             2,443
==629613== I1  miss rate:           0.00%
==629613== LLi miss rate:           0.00%
==629613== 
==629613== D   refs:       6,985,728,972  (5,988,627,044 rd   + 997,101,928 wr)
==629613== D1  misses:       319,981,417  (  294,639,171 rd   +  25,342,246 wr)
==629613== LLd misses:           151,315  (       19,026 rd   +     132,289 wr)
==629613== D1  miss rate:            4.6% (          4.9%     +         2.5%  )
==629613== LLd miss rate:            0.0% (          0.0%     +         0.0%  )
==629613== 
==629613== LL refs:          319,984,121  (  294,641,875 rd   +  25,342,246 wr)
==629613== LL misses:            153,758  (       21,469 rd   +     132,289 wr)
==629613== LL miss rate:             0.0% (          0.0%     +         0.0%  )

////////////////////////////////////////////////////////////////////////////////////

Running Cache analysis for hdbscan_distvec

==629696== Cachegrind, a cache and branch-prediction profiler
==629696== Copyright (C) 2002-2017, and GNU GPL'd, by Nicholas Nethercote et al.
==629696== Using Valgrind-3.15.0 and LibVEX; rerun with -h for copyright info
==629696== Command: ./build/bin/hdbscan_distvec data/perf_data_d4_12.csv
==629696== 
--629696-- warning: L3 cache found, using its data for the LL simulation.
==629696== brk segment overflow in thread #1: can't grow to 0x483c000
==629696== (see section Limitations in user manual)
==629696== NOTE: further instances of this message will not be shown
==629696== 
==629696== I   refs:      26,486,061,180
==629696== I1  misses:             2,698
==629696== LLi misses:             2,447
==629696== I1  miss rate:           0.00%
==629696== LLi miss rate:           0.00%
==629696== 
==629696== D   refs:       5,875,019,768  (5,227,975,682 rd   + 647,044,086 wr)
==629696== D1  misses:       298,354,558  (  271,866,316 rd   +  26,488,242 wr)
==629696== LLd misses:           151,318  (       19,028 rd   +     132,290 wr)
==629696== D1  miss rate:            5.1% (          5.2%     +         4.1%  )
==629696== LLd miss rate:            0.0% (          0.0%     +         0.0%  )
==629696== 
==629696== LL refs:          298,357,256  (  271,869,014 rd   +  26,488,242 wr)
==629696== LL misses:            153,765  (       21,475 rd   +     132,290 wr)
==629696== LL miss rate:             0.0% (          0.0%     +         0.0%  )

////////////////////////////////////////////////////////////////////////////////////

Running Cache analysis for hdbscan_distvec_quickvec

==629781== Cachegrind, a cache and branch-prediction profiler
==629781== Copyright (C) 2002-2017, and GNU GPL'd, by Nicholas Nethercote et al.
==629781== Using Valgrind-3.15.0 and LibVEX; rerun with -h for copyright info
==629781== Command: ./build/bin/hdbscan_distvec_quickvec data/perf_data_d4_12.csv
==629781== 
--629781-- warning: L3 cache found, using its data for the LL simulation.
==629781== brk segment overflow in thread #1: can't grow to 0x483c000
==629781== (see section Limitations in user manual)
==629781== NOTE: further instances of this message will not be shown
==629781== 
==629781== I   refs:      26,486,063,764
==629781== I1  misses:             2,707
==629781== LLi misses:             2,454
==629781== I1  miss rate:           0.00%
==629781== LLi miss rate:           0.00%
==629781== 
==629781== D   refs:       5,875,020,169  (5,227,975,825 rd   + 647,044,344 wr)
==629781== D1  misses:       298,356,379  (  271,861,890 rd   +  26,494,489 wr)
==629781== LLd misses:           151,303  (       19,013 rd   +     132,290 wr)
==629781== D1  miss rate:            5.1% (          5.2%     +         4.1%  )
==629781== LLd miss rate:            0.0% (          0.0%     +         0.0%  )
==629781== 
==629781== LL refs:          298,359,086  (  271,864,597 rd   +  26,494,489 wr)
==629781== LL misses:            153,757  (       21,467 rd   +     132,290 wr)
==629781== LL miss rate:             0.0% (          0.0%     +         0.0%  )

////////////////////////////////////////////////////////////////////////////////////

Running Cache analysis for hdbscan_distvec_quickvec_primvec

==629891== Cachegrind, a cache and branch-prediction profiler
==629891== Copyright (C) 2002-2017, and GNU GPL'd, by Nicholas Nethercote et al.
==629891== Using Valgrind-3.15.0 and LibVEX; rerun with -h for copyright info
==629891== Command: ./build/bin/hdbscan_distvec_quickvec_primvec data/perf_data_d4_12.csv
==629891== 
--629891-- warning: L3 cache found, using its data for the LL simulation.
==629891== brk segment overflow in thread #1: can't grow to 0x4842000
==629891== (see section Limitations in user manual)
==629891== NOTE: further instances of this message will not be shown
==629891== 
==629891== I   refs:      32,569,157,810
==629891== I1  misses:             2,722
==629891== LLi misses:             2,449
==629891== I1  miss rate:           0.00%
==629891== LLi miss rate:           0.00%
==629891== 
==629891== D   refs:       7,354,875,760  (6,398,789,865 rd   + 956,085,895 wr)
==629891== D1  misses:       286,580,003  (  260,102,220 rd   +  26,477,783 wr)
==629891== LLd misses:           151,048  (       17,834 rd   +     133,214 wr)
==629891== D1  miss rate:            3.9% (          4.1%     +         2.8%  )
==629891== LLd miss rate:            0.0% (          0.0%     +         0.0%  )
==629891== 
==629891== LL refs:          286,582,725  (  260,104,942 rd   +  26,477,783 wr)
==629891== LL misses:            153,497  (       20,283 rd   +     133,214 wr)
==629891== LL miss rate:             0.0% (          0.0%     +         0.0%  )

////////////////////////////////////////////////////////////////////////////////////

