Running Cache analysis for hdbscan_basic

==628937== Cachegrind, a cache and branch-prediction profiler
==628937== Copyright (C) 2002-2017, and GNU GPL'd, by Nicholas Nethercote et al.
==628937== Using Valgrind-3.15.0 and LibVEX; rerun with -h for copyright info
==628937== Command: ./build/bin/hdbscan_basic data/perf_data_d20_12.csv
==628937== 
--628937-- warning: L3 cache found, using its data for the LL simulation.
==628937== 
==628937== I   refs:      45,888,718,834
==628937== I1  misses:             2,677
==628937== LLi misses:             2,481
==628937== I1  miss rate:           0.00%
==628937== LLi miss rate:           0.00%
==628937== 
==628937== D   refs:      13,060,108,411  (11,890,251,238 rd   + 1,169,857,173 wr)
==628937== D1  misses:       758,049,017  (   706,519,328 rd   +    51,529,689 wr)
==628937== LLd misses:       108,370,254  (    82,344,629 rd   +    26,025,625 wr)
==628937== D1  miss rate:            5.8% (           5.9%     +           4.4%  )
==628937== LLd miss rate:            0.8% (           0.7%     +           2.2%  )
==628937== 
==628937== LL refs:          758,051,694  (   706,522,005 rd   +    51,529,689 wr)
==628937== LL misses:        108,372,735  (    82,347,110 rd   +    26,025,625 wr)
==628937== LL miss rate:             0.2% (           0.1%     +           2.2%  )

////////////////////////////////////////////////////////////////////////////////////

Running Cache analysis for hdbscan_basic_distvec

==629028== Cachegrind, a cache and branch-prediction profiler
==629028== Copyright (C) 2002-2017, and GNU GPL'd, by Nicholas Nethercote et al.
==629028== Using Valgrind-3.15.0 and LibVEX; rerun with -h for copyright info
==629028== Command: ./build/bin/hdbscan_basic_distvec data/perf_data_d20_12.csv
==629028== 
--629028-- warning: L3 cache found, using its data for the LL simulation.
==629028== 
==629028== I   refs:      27,111,142,615
==629028== I1  misses:             2,666
==629028== LLi misses:             2,478
==629028== I1  miss rate:           0.00%
==629028== LLi miss rate:           0.00%
==629028== 
==629028== D   refs:       6,143,726,335  (5,511,081,849 rd   + 632,644,486 wr)
==629028== D1  misses:       735,384,021  (  683,502,356 rd   +  51,881,665 wr)
==629028== LLd misses:       121,249,587  (   95,207,182 rd   +  26,042,405 wr)
==629028== D1  miss rate:           12.0% (         12.4%     +         8.2%  )
==629028== LLd miss rate:            2.0% (          1.7%     +         4.1%  )
==629028== 
==629028== LL refs:          735,386,687  (  683,505,022 rd   +  51,881,665 wr)
==629028== LL misses:        121,252,065  (   95,209,660 rd   +  26,042,405 wr)
==629028== LL miss rate:             0.4% (          0.3%     +         4.1%  )

////////////////////////////////////////////////////////////////////////////////////

Running Cache analysis for hdbscan_basic_distvec_quickvec

==629306== Cachegrind, a cache and branch-prediction profiler
==629306== Copyright (C) 2002-2017, and GNU GPL'd, by Nicholas Nethercote et al.
==629306== Using Valgrind-3.15.0 and LibVEX; rerun with -h for copyright info
==629306== Command: ./build/bin/hdbscan_basic_distvec_quickvec data/perf_data_d20_12.csv
==629306== 
--629306-- warning: L3 cache found, using its data for the LL simulation.
==629306== 
==629306== I   refs:      27,111,142,630
==629306== I1  misses:             2,669
==629306== LLi misses:             2,479
==629306== I1  miss rate:           0.00%
==629306== LLi miss rate:           0.00%
==629306== 
==629306== D   refs:       6,143,726,336  (5,511,081,850 rd   + 632,644,486 wr)
==629306== D1  misses:       735,381,638  (  683,528,980 rd   +  51,852,658 wr)
==629306== LLd misses:       121,277,984  (   95,235,614 rd   +  26,042,370 wr)
==629306== D1  miss rate:           12.0% (         12.4%     +         8.2%  )
==629306== LLd miss rate:            2.0% (          1.7%     +         4.1%  )
==629306== 
==629306== LL refs:          735,384,307  (  683,531,649 rd   +  51,852,658 wr)
==629306== LL misses:        121,280,463  (   95,238,093 rd   +  26,042,370 wr)
==629306== LL miss rate:             0.4% (          0.3%     +         4.1%  )

////////////////////////////////////////////////////////////////////////////////////

Running Cache analysis for hdbscan_basic_distvec_quickvec_primvec

==629473== Cachegrind, a cache and branch-prediction profiler
==629473== Copyright (C) 2002-2017, and GNU GPL'd, by Nicholas Nethercote et al.
==629473== Using Valgrind-3.15.0 and LibVEX; rerun with -h for copyright info
==629473== Command: ./build/bin/hdbscan_basic_distvec_quickvec_primvec data/perf_data_d20_12.csv
==629473== 
--629473-- warning: L3 cache found, using its data for the LL simulation.
==629473== 
==629473== I   refs:      26,032,553,829
==629473== I1  misses:             2,676
==629473== LLi misses:             2,486
==629473== I1  miss rate:           0.00%
==629473== LLi miss rate:           0.00%
==629473== 
==629473== D   refs:       5,989,259,578  (5,254,399,637 rd   + 734,859,941 wr)
==629473== D1  misses:       814,754,799  (  763,048,775 rd   +  51,706,024 wr)
==629473== LLd misses:       124,859,492  (   98,858,426 rd   +  26,001,066 wr)
==629473== D1  miss rate:           13.6% (         14.5%     +         7.0%  )
==629473== LLd miss rate:            2.1% (          1.9%     +         3.5%  )
==629473== 
==629473== LL refs:          814,757,475  (  763,051,451 rd   +  51,706,024 wr)
==629473== LL misses:        124,861,978  (   98,860,912 rd   +  26,001,066 wr)
==629473== LL miss rate:             0.4% (          0.3%     +         3.5%  )

////////////////////////////////////////////////////////////////////////////////////

