Running Cache analysis for hdbscan_basic

==628656== Cachegrind, a cache and branch-prediction profiler
==628656== Copyright (C) 2002-2017, and GNU GPL'd, by Nicholas Nethercote et al.
==628656== Using Valgrind-3.15.0 and LibVEX; rerun with -h for copyright info
==628656== Command: ./build/bin/hdbscan_basic data/perf_data_d4_12.csv
==628656== 
--628656-- warning: L3 cache found, using its data for the LL simulation.
==628656== brk segment overflow in thread #1: can't grow to 0x483c000
==628656== (see section Limitations in user manual)
==628656== NOTE: further instances of this message will not be shown
==628656== 
==628656== I   refs:      20,611,551,542
==628656== I1  misses:             2,711
==628656== LLi misses:             2,489
==628656== I1  miss rate:           0.00%
==628656== LLi miss rate:           0.00%
==628656== 
==628656== D   refs:       5,853,590,930  (4,908,050,901 rd   + 945,540,029 wr)
==628656== D1  misses:       333,048,976  (  281,878,944 rd   +  51,170,032 wr)
==628656== LLd misses:        64,050,603  (   37,959,370 rd   +  26,091,233 wr)
==628656== D1  miss rate:            5.7% (          5.7%     +         5.4%  )
==628656== LLd miss rate:            1.1% (          0.8%     +         2.8%  )
==628656== 
==628656== LL refs:          333,051,687  (  281,881,655 rd   +  51,170,032 wr)
==628656== LL misses:         64,053,092  (   37,961,859 rd   +  26,091,233 wr)
==628656== LL miss rate:             0.2% (          0.1%     +         2.8%  )

////////////////////////////////////////////////////////////////////////////////////

Running Cache analysis for hdbscan_basic_distvec

==628732== Cachegrind, a cache and branch-prediction profiler
==628732== Copyright (C) 2002-2017, and GNU GPL'd, by Nicholas Nethercote et al.
==628732== Using Valgrind-3.15.0 and LibVEX; rerun with -h for copyright info
==628732== Command: ./build/bin/hdbscan_basic_distvec data/perf_data_d4_12.csv
==628732== 
--628732-- warning: L3 cache found, using its data for the LL simulation.
==628732== brk segment overflow in thread #1: can't grow to 0x4840000
==628732== (see section Limitations in user manual)
==628732== NOTE: further instances of this message will not be shown
==628732== 
==628732== I   refs:      19,762,547,505
==628732== I1  misses:             2,703
==628732== LLi misses:             2,478
==628732== I1  miss rate:           0.00%
==628732== LLi miss rate:           0.00%
==628732== 
==628732== D   refs:       4,193,177,609  (3,601,897,024 rd   + 591,280,585 wr)
==628732== D1  misses:       322,593,620  (  270,302,174 rd   +  52,291,446 wr)
==628732== LLd misses:        77,008,006  (   50,849,058 rd   +  26,158,948 wr)
==628732== D1  miss rate:            7.7% (          7.5%     +         8.8%  )
==628732== LLd miss rate:            1.8% (          1.4%     +         4.4%  )
==628732== 
==628732== LL refs:          322,596,323  (  270,304,877 rd   +  52,291,446 wr)
==628732== LL misses:         77,010,484  (   50,851,536 rd   +  26,158,948 wr)
==628732== LL miss rate:             0.3% (          0.2%     +         4.4%  )

////////////////////////////////////////////////////////////////////////////////////

Running Cache analysis for hdbscan_basic_distvec_quickvec

==628779== Cachegrind, a cache and branch-prediction profiler
==628779== Copyright (C) 2002-2017, and GNU GPL'd, by Nicholas Nethercote et al.
==628779== Using Valgrind-3.15.0 and LibVEX; rerun with -h for copyright info
==628779== Command: ./build/bin/hdbscan_basic_distvec_quickvec data/perf_data_d4_12.csv
==628779== 
--628779-- warning: L3 cache found, using its data for the LL simulation.
==628779== brk segment overflow in thread #1: can't grow to 0x4840000
==628779== (see section Limitations in user manual)
==628779== NOTE: further instances of this message will not be shown
==628779== 
==628779== I   refs:      19,762,547,507
==628779== I1  misses:             2,706
==628779== LLi misses:             2,480
==628779== I1  miss rate:           0.00%
==628779== LLi miss rate:           0.00%
==628779== 
==628779== D   refs:       4,193,177,609  (3,601,897,024 rd   + 591,280,585 wr)
==628779== D1  misses:       322,639,965  (  270,369,988 rd   +  52,269,977 wr)
==628779== LLd misses:        77,008,286  (   50,849,508 rd   +  26,158,778 wr)
==628779== D1  miss rate:            7.7% (          7.5%     +         8.8%  )
==628779== LLd miss rate:            1.8% (          1.4%     +         4.4%  )
==628779== 
==628779== LL refs:          322,642,671  (  270,372,694 rd   +  52,269,977 wr)
==628779== LL misses:         77,010,766  (   50,851,988 rd   +  26,158,778 wr)
==628779== LL miss rate:             0.3% (          0.2%     +         4.4%  )

////////////////////////////////////////////////////////////////////////////////////

Running Cache analysis for hdbscan_basic_distvec_quickvec_primvec

==628865== Cachegrind, a cache and branch-prediction profiler
==628865== Copyright (C) 2002-2017, and GNU GPL'd, by Nicholas Nethercote et al.
==628865== Using Valgrind-3.15.0 and LibVEX; rerun with -h for copyright info
==628865== Command: ./build/bin/hdbscan_basic_distvec_quickvec_primvec data/perf_data_d4_12.csv
==628865== 
--628865-- warning: L3 cache found, using its data for the LL simulation.
==628865== brk segment overflow in thread #1: can't grow to 0x4840000
==628865== (see section Limitations in user manual)
==628865== NOTE: further instances of this message will not be shown
==628865== 
==628865== I   refs:      18,683,503,332
==628865== I1  misses:             2,712
==628865== LLi misses:             2,486
==628865== I1  miss rate:           0.00%
==628865== LLi miss rate:           0.00%
==628865== 
==628865== D   refs:       4,037,590,954  (3,345,139,473 rd   + 692,451,481 wr)
==628865== D1  misses:       401,610,021  (  349,685,346 rd   +  51,924,675 wr)
==628865== LLd misses:        80,510,122  (   54,419,050 rd   +  26,091,072 wr)
==628865== D1  miss rate:            9.9% (         10.5%     +         7.5%  )
==628865== LLd miss rate:            2.0% (          1.6%     +         3.8%  )
==628865== 
==628865== LL refs:          401,612,733  (  349,688,058 rd   +  51,924,675 wr)
==628865== LL misses:         80,512,608  (   54,421,536 rd   +  26,091,072 wr)
==628865== LL miss rate:             0.4% (          0.2%     +         3.8%  )

////////////////////////////////////////////////////////////////////////////////////

