Running test at time Di 22 Jun 2021 03:24:43 CEST
======================              
Measurement for data/perf_data_d32_0.csv              
======================
Compiled with
- Compiler ID:		 Clang
- Compiler version:	 11.1.0
- Compiler flags:	 -O3 -march=native

DATASET path: data/perf_data_d32_0.csv

RDTSC: 73’464.000000 cycles (0.000025 sec @ 2’900.000000 MHz)
C clock(): 73’547.851562 cycles (0.000025 sec @ 2’900.000000 MHz)
C gettimeofday(): 0.000025 sec

PERF cycles: 73’323
FLOPS count add/sub: 73’584
FLOPS count mult: 0
FLOPS count div/sqrt: 1’533
FLOPS count multiply-add: 97’280
FLOPS count overall: 172’397
Performance (PERF) = 2.351199 dflops/cycle
Performance (RDTSC) = 2.346687 dflops/cycle

======================              
Measurement for data/perf_data_d32_1.csv              
======================
Compiled with
- Compiler ID:		 Clang
- Compiler version:	 11.1.0
- Compiler flags:	 -O3 -march=native

DATASET path: data/perf_data_d32_1.csv

RDTSC: 269’051.000000 cycles (0.000093 sec @ 2’900.000000 MHz)
C clock(): 268’839.062500 cycles (0.000093 sec @ 2’900.000000 MHz)
C gettimeofday(): 0.000093 sec

PERF cycles: 399’886
FLOPS count add/sub: 294’732
FLOPS count mult: 0
FLOPS count div/sqrt: 6’156
FLOPS count multiply-add: 391’168
FLOPS count overall: 692’056
Performance (PERF) = 1.730633 dflops/cycle
Performance (RDTSC) = 2.572211 dflops/cycle

======================              
Measurement for data/perf_data_d32_2.csv              
======================
Compiled with
- Compiler ID:		 Clang
- Compiler version:	 11.1.0
- Compiler flags:	 -O3 -march=native

DATASET path: data/perf_data_d32_2.csv

RDTSC: 1’084’244.000000 cycles (0.000374 sec @ 2’900.000000 MHz)
C clock(): 1’082’364.583333 cycles (0.000373 sec @ 2’900.000000 MHz)
C gettimeofday(): 0.000372 sec

PERF cycles: 1’079’910
FLOPS count add/sub: 1’179’511
FLOPS count mult: 0
FLOPS count div/sqrt: 24’620
FLOPS count multiply-add: 1’568’768
FLOPS count overall: 2’772’899
Performance (PERF) = 2.567713 dflops/cycle
Performance (RDTSC) = 2.557449 dflops/cycle

======================              
Measurement for data/perf_data_d32_3.csv              
======================
Compiled with
- Compiler ID:		 Clang
- Compiler version:	 11.1.0
- Compiler flags:	 -O3 -march=native

DATASET path: data/perf_data_d32_3.csv

RDTSC: 3’907’888.000000 cycles (0.001348 sec @ 2’900.000000 MHz)
C clock(): 3’910’770.833333 cycles (0.001349 sec @ 2’900.000000 MHz)
C gettimeofday(): 0.001351 sec

PERF cycles: 3’898’261
FLOPS count add/sub: 4’718’713
FLOPS count mult: 0
FLOPS count div/sqrt: 98’408
FLOPS count multiply-add: 6’283’264
FLOPS count overall: 11’100’385
Performance (PERF) = 2.847522 dflops/cycle
Performance (RDTSC) = 2.840507 dflops/cycle

======================              
Measurement for data/perf_data_d32_4.csv              
======================
Compiled with
- Compiler ID:		 Clang
- Compiler version:	 11.1.0
- Compiler flags:	 -O3 -march=native

DATASET path: data/perf_data_d32_4.csv

RDTSC: 14’223’530.000000 cycles (0.004905 sec @ 2’900.000000 MHz)
C clock(): 17’334’025.000000 cycles (0.005977 sec @ 2’900.000000 MHz)
C gettimeofday(): 0.004946 sec

PERF cycles: 14’282’876
FLOPS count add/sub: 18’876’043
FLOPS count mult: 0
FLOPS count div/sqrt: 393’441
FLOPS count multiply-add: 25’149’440
FLOPS count overall: 44’418’924
Performance (PERF) = 3.109943 dflops/cycle
Performance (RDTSC) = 3.122918 dflops/cycle

======================              
Measurement for data/perf_data_d32_5.csv              
======================
Compiled with
- Compiler ID:		 Clang
- Compiler version:	 11.1.0
- Compiler flags:	 -O3 -march=native

DATASET path: data/perf_data_d32_5.csv

RDTSC: 54’591’823.000000 cycles (0.018825 sec @ 2’900.000000 MHz)
C clock(): 54’412’700.000000 cycles (0.018763 sec @ 2’900.000000 MHz)
C gettimeofday(): 0.019015 sec

PERF cycles: 54’282’314
FLOPS count add/sub: 75’501’052
FLOPS count mult: 0
FLOPS count div/sqrt: 1’573’342
FLOPS count multiply-add: 100’630’528
FLOPS count overall: 177’704’922
Performance (PERF) = 3.273717 dflops/cycle
Performance (RDTSC) = 3.255156 dflops/cycle

======================              
Measurement for data/perf_data_d32_6.csv              
======================
Compiled with
- Compiler ID:		 Clang
- Compiler version:	 11.1.0
- Compiler flags:	 -O3 -march=native

DATASET path: data/perf_data_d32_6.csv

RDTSC: 221’506’514.000000 cycles (0.076382 sec @ 2’900.000000 MHz)
C clock(): 214’707’300.000000 cycles (0.074037 sec @ 2’900.000000 MHz)
C gettimeofday(): 0.077296 sec

PERF cycles: 213’085’917
FLOPS count add/sub: 301’997’113
FLOPS count mult: 0
FLOPS count div/sqrt: 6’292’440
FLOPS count multiply-add: 402’587’648
FLOPS count overall: 710’877’201
Performance (PERF) = 3.336106 dflops/cycle
Performance (RDTSC) = 3.209284 dflops/cycle

======================              
Measurement for data/perf_data_d32_7.csv              
======================
Compiled with
- Compiler ID:		 Clang
- Compiler version:	 11.1.0
- Compiler flags:	 -O3 -march=native

DATASET path: data/perf_data_d32_7.csv

RDTSC: 876’990’092.000000 cycles (0.302410 sec @ 2’900.000000 MHz)
C clock(): 875’510’000.000000 cycles (0.301900 sec @ 2’900.000000 MHz)
C gettimeofday(): 0.304621 sec

PERF cycles: 882’943’537
FLOPS count add/sub: 1’207’974’666
FLOPS count mult: 0
FLOPS count div/sqrt: 25’167’815
FLOPS count multiply-add: 1’610’481’664
FLOPS count overall: 2’843’624’145
Performance (PERF) = 3.220618 dflops/cycle
Performance (RDTSC) = 3.242481 dflops/cycle

======================              
Measurement for data/perf_data_d32_8.csv              
======================
Compiled with
- Compiler ID:		 Clang
- Compiler version:	 11.1.0
- Compiler flags:	 -O3 -march=native

DATASET path: data/perf_data_d32_8.csv

RDTSC: 2’063’057’090.000000 cycles (0.711399 sec @ 2’900.000000 MHz)
C clock(): 2’067’412’900.000000 cycles (0.712901 sec @ 2’900.000000 MHz)
C gettimeofday(): 0.697572 sec

PERF cycles: 2’030’174’434
FLOPS count add/sub: 2’717’915’814
FLOPS count mult: 0
FLOPS count div/sqrt: 56’626’091
FLOPS count multiply-add: 3’623’682’048
FLOPS count overall: 6’398’223’953
Performance (PERF) = 3.151564 dflops/cycle
Performance (RDTSC) = 3.101332 dflops/cycle

======================              
Measurement for data/perf_data_d32_9.csv              
======================
Compiled with
- Compiler ID:		 Clang
- Compiler version:	 11.1.0
- Compiler flags:	 -O3 -march=native

DATASET path: data/perf_data_d32_9.csv

RDTSC: 3’782’071’781.000000 cycles (1.304163 sec @ 2’900.000000 MHz)
C clock(): 3’750’966’333.333333 cycles (1.293437 sec @ 2’900.000000 MHz)
C gettimeofday(): 1.278142 sec

PERF cycles: 3’671’303’469
FLOPS count add/sub: 4’831’850’991
FLOPS count mult: 0
FLOPS count div/sqrt: 100’667’283
FLOPS count multiply-add: 6’442’188’800
FLOPS count overall: 11’374’707’074
Performance (PERF) = 3.098275 dflops/cycle
Performance (RDTSC) = 3.007533 dflops/cycle

======================              
Measurement for data/perf_data_d32_10.csv              
======================
Compiled with
- Compiler ID:		 Clang
- Compiler version:	 11.1.0
- Compiler flags:	 -O3 -march=native

DATASET path: data/perf_data_d32_10.csv

RDTSC: 6’149’036’247.000000 cycles (2.120357 sec @ 2’900.000000 MHz)
C clock(): 6’108’001’266.666667 cycles (2.106207 sec @ 2’900.000000 MHz)
C gettimeofday(): 2.075044 sec

PERF cycles: 5’878’896’346
FLOPS count add/sub: 7’549’758’371
FLOPS count mult: 0
FLOPS count div/sqrt: 157’291’395
FLOPS count multiply-add: 10’066’001’920
FLOPS count overall: 17’773’051’686
Performance (PERF) = 3.023195 dflops/cycle
Performance (RDTSC) = 2.890380 dflops/cycle

======================              
Measurement for data/perf_data_d32_11.csv              
======================
Compiled with
- Compiler ID:		 Clang
- Compiler version:	 11.1.0
- Compiler flags:	 -O3 -march=native

DATASET path: data/perf_data_d32_11.csv

RDTSC: 9’724’261’913.000000 cycles (3.353194 sec @ 2’900.000000 MHz)
C clock(): 9’530’042’833.333332 cycles (3.286222 sec @ 2’900.000000 MHz)
C gettimeofday(): 3.336814 sec

PERF cycles: 9’558’486’040
FLOPS count add/sub: 10’871’648’486
FLOPS count mult: 0
FLOPS count div/sqrt: 226’498’423
FLOPS count multiply-add: 14’495’121’408
FLOPS count overall: 25’593’268’317
Performance (PERF) = 2.677544 dflops/cycle
Performance (RDTSC) = 2.631898 dflops/cycle

======================              
Measurement for data/perf_data_d32_12.csv              
======================
Compiled with
- Compiler ID:		 Clang
- Compiler version:	 11.1.0
- Compiler flags:	 -O3 -march=native

DATASET path: data/perf_data_d32_12.csv

RDTSC: 14’269’080’694.000000 cycles (4.920373 sec @ 2’900.000000 MHz)
C clock(): 14’485’430’400.000000 cycles (4.994976 sec @ 2’900.000000 MHz)
C gettimeofday(): 5.004207 sec

PERF cycles: 14’675’889’557
FLOPS count add/sub: 14’797’543’719
FLOPS count mult: 0
FLOPS count div/sqrt: 308’288’366
FLOPS count multiply-add: 19’729’547’264
FLOPS count overall: 34’835’379’349
Performance (PERF) = 2.373647 dflops/cycle
Performance (RDTSC) = 2.441319 dflops/cycle

