Running test at time Di 22 Jun 2021 03:11:47 CEST
======================          
Measurement for data/perf_data_d2_7.csv          
======================
Compiled with
- Compiler ID:		 Clang
- Compiler version:	 11.1.0
- Compiler flags:	 -O3 -march=native

DATASET path: data/perf_data_d2_7.csv

RDTSC: 471’521’082.000000 cycles (0.162593 sec @ 2’900.000000 MHz)
C clock(): 469’273’166.666667 cycles (0.161818 sec @ 2’900.000000 MHz)
C gettimeofday(): 0.161850 sec

PERF cycles: 466’049’188
FLOPS count add/sub: 201’579’726
FLOPS count mult: 33’554’432
FLOPS count div/sqrt: 25’166’788
FLOPS count multiply-add: 33’546’240
FLOPS count overall: 293’847’186
Performance (PERF) = 0.630507 dflops/cycle
Performance (RDTSC) = 0.623190 dflops/cycle

======================            
OUTPUT_LOG from new performance run:            
======================
Running test at time Di 22 Jun 2021 03:14:05 CEST
======================          
Measurement for data/perf_data_d4_7.csv          
======================
Compiled with
- Compiler ID:		 Clang
- Compiler version:	 11.1.0
- Compiler flags:	 -O3 -march=native

DATASET path: data/perf_data_d4_7.csv

RDTSC: 559’329’592.000000 cycles (0.192872 sec @ 2’900.000000 MHz)
C clock(): 497’642’900.000000 cycles (0.171601 sec @ 2’900.000000 MHz)
C gettimeofday(): 0.171209 sec

PERF cycles: 493’721’516
FLOPS count add/sub: 285’396’722
FLOPS count mult: 67’108’864
FLOPS count div/sqrt: 25’166’131
FLOPS count multiply-add: 67’092’480
FLOPS count overall: 444’764’197
Performance (PERF) = 0.900840 dflops/cycle
Performance (RDTSC) = 0.795174 dflops/cycle

======================            
OUTPUT_LOG from new performance run:            
======================
Running test at time Di 22 Jun 2021 03:16:26 CEST
======================          
Measurement for data/perf_data_d8_7.csv          
======================
Compiled with
- Compiler ID:		 Clang
- Compiler version:	 11.1.0
- Compiler flags:	 -O3 -march=native

DATASET path: data/perf_data_d8_7.csv

RDTSC: 1’047’461’575.000000 cycles (0.361194 sec @ 2’900.000000 MHz)
C clock(): 1’044’208’800.000000 cycles (0.360072 sec @ 2’900.000000 MHz)
C gettimeofday(): 0.361219 sec

PERF cycles: 1’038’708’900
FLOPS count add/sub: 335’609’067
FLOPS count mult: 0
FLOPS count div/sqrt: 25’167’679
FLOPS count multiply-add: 402’620’416
FLOPS count overall: 763’397’162
Performance (PERF) = 0.734948 dflops/cycle
Performance (RDTSC) = 0.728807 dflops/cycle

======================            
OUTPUT_LOG from new performance run:            
======================
Running test at time Di 22 Jun 2021 03:21:16 CEST
======================          
Measurement for data/perf_data_d16_7.csv          
======================
Compiled with
- Compiler ID:		 Clang
- Compiler version:	 11.1.0
- Compiler flags:	 -O3 -march=native

DATASET path: data/perf_data_d16_7.csv

RDTSC: 677’678’737.000000 cycles (0.233682 sec @ 2’900.000000 MHz)
C clock(): 687’475’933.333333 cycles (0.237061 sec @ 2’900.000000 MHz)
C gettimeofday(): 0.234899 sec

PERF cycles: 671’288’345
FLOPS count add/sub: 805’351’988
FLOPS count mult: 0
FLOPS count div/sqrt: 25’167’786
FLOPS count multiply-add: 805’240’832
FLOPS count overall: 1’635’760’606
Performance (PERF) = 2.436748 dflops/cycle
Performance (RDTSC) = 2.413770 dflops/cycle

======================            
OUTPUT_LOG from new performance run:            
======================
Running test at time Di 22 Jun 2021 03:24:37 CEST
======================          
Measurement for data/perf_data_d32_7.csv          
======================
Compiled with
- Compiler ID:		 Clang
- Compiler version:	 11.1.0
- Compiler flags:	 -O3 -march=native

DATASET path: data/perf_data_d32_7.csv

RDTSC: 908’139’408.000000 cycles (0.313152 sec @ 2’900.000000 MHz)
C clock(): 882’304’700.000000 cycles (0.304243 sec @ 2’900.000000 MHz)
C gettimeofday(): 0.312671 sec

PERF cycles: 900’053’413
FLOPS count add/sub: 1’207’974’666
FLOPS count mult: 0
FLOPS count div/sqrt: 25’167’815
FLOPS count multiply-add: 1’610’481’664
FLOPS count overall: 2’843’624’145
Performance (PERF) = 3.159395 dflops/cycle
Performance (RDTSC) = 3.131264 dflops/cycle

======================            
OUTPUT_LOG from new performance run:            
======================
Running test at time Di 22 Jun 2021 03:29:16 CEST
======================          
Measurement for data/perf_data_d64_7.csv          
======================
Compiled with
- Compiler ID:		 Clang
- Compiler version:	 11.1.0
- Compiler flags:	 -O3 -march=native

DATASET path: data/perf_data_d64_7.csv

RDTSC: 1’321’293’137.000000 cycles (0.455618 sec @ 2’900.000000 MHz)
C clock(): 1’311’742’500.000000 cycles (0.452325 sec @ 2’900.000000 MHz)
C gettimeofday(): 0.462936 sec

PERF cycles: 1’335’021’221
FLOPS count add/sub: 2’013’218’308
FLOPS count mult: 0
FLOPS count div/sqrt: 25’167’821
FLOPS count multiply-add: 3’220’963’328
FLOPS count overall: 5’259’349’457
Performance (PERF) = 3.939525 dflops/cycle
Performance (RDTSC) = 3.980456 dflops/cycle

======================            
OUTPUT_LOG from new performance run:            
======================
Running test at time Di 22 Jun 2021 03:38:55 CEST
======================          
Measurement for data/perf_data_d128_7.csv          
======================
Compiled with
- Compiler ID:		 Clang
- Compiler version:	 11.1.0
- Compiler flags:	 -O3 -march=native

DATASET path: data/perf_data_d128_7.csv

RDTSC: 3’272’040’439.000000 cycles (1.128290 sec @ 2’900.000000 MHz)
C clock(): 3’128’010’566.666667 cycles (1.078624 sec @ 2’900.000000 MHz)
C gettimeofday(): 1.065601 sec

PERF cycles: 3’064’235’996
FLOPS count add/sub: 3’623’699’965
FLOPS count mult: 0
FLOPS count div/sqrt: 25’167’831
FLOPS count multiply-add: 6’441’926’656
FLOPS count overall: 10’090’794’452
Performance (PERF) = 3.293087 dflops/cycle
Performance (RDTSC) = 3.083946 dflops/cycle

======================            
OUTPUT_LOG from new performance run:            
======================
Running test at time Di 22 Jun 2021 03:57:35 CEST
======================          
Measurement for data/perf_data_d256_7.csv          
======================
Compiled with
- Compiler ID:		 Clang
- Compiler version:	 11.1.0
- Compiler flags:	 -O3 -march=native

DATASET path: data/perf_data_d256_7.csv

RDTSC: 7’829’548’624.000000 cycles (2.699844 sec @ 2’900.000000 MHz)
C clock(): 7’791’316’900.000000 cycles (2.686661 sec @ 2’900.000000 MHz)
C gettimeofday(): 2.669214 sec

PERF cycles: 7’643’229’665
FLOPS count add/sub: 6’844’685’233
FLOPS count mult: 0
FLOPS count div/sqrt: 25’167’827
FLOPS count multiply-add: 12’883’853’312
FLOPS count overall: 19’753’706’372
Performance (PERF) = 2.584471 dflops/cycle
Performance (RDTSC) = 2.522969 dflops/cycle

