Running test at time Di 22 Jun 2021 04:37:56 CEST
======================              
Measurement for data/perf_data_d8_0.csv              
======================
Compiled with
- Compiler ID:		 Clang
- Compiler version:	 11.1.0
- Compiler flags:	 -O3 -march=native

DATASET path: data/perf_data_d8_0.csv

RDTSC: 94’181.000000 cycles (0.000032 sec @ 2’900.000000 MHz)
C clock(): 93’281.445312 cycles (0.000032 sec @ 2’900.000000 MHz)
C gettimeofday(): 0.000032 sec

PERF cycles: 156’080
FLOPS count add/sub: 20’363
FLOPS count mult: 0
FLOPS count div/sqrt: 1’547
FLOPS count multiply-add: 24’320
FLOPS count overall: 46’230
Performance (PERF) = 0.296194 dflops/cycle
Performance (RDTSC) = 0.490863 dflops/cycle

======================              
Measurement for data/perf_data_d8_1.csv              
======================
Compiled with
- Compiler ID:		 Clang
- Compiler version:	 11.1.0
- Compiler flags:	 -O3 -march=native

DATASET path: data/perf_data_d8_1.csv

RDTSC: 346’485.000000 cycles (0.000119 sec @ 2’900.000000 MHz)
C clock(): 345’802.343750 cycles (0.000119 sec @ 2’900.000000 MHz)
C gettimeofday(): 0.000119 sec

PERF cycles: 346’167
FLOPS count add/sub: 81’805
FLOPS count mult: 0
FLOPS count div/sqrt: 6’172
FLOPS count multiply-add: 97’792
FLOPS count overall: 185’769
Performance (PERF) = 0.536646 dflops/cycle
Performance (RDTSC) = 0.536153 dflops/cycle

======================              
Measurement for data/perf_data_d8_2.csv              
======================
Compiled with
- Compiler ID:		 Clang
- Compiler version:	 11.1.0
- Compiler flags:	 -O3 -march=native

DATASET path: data/perf_data_d8_2.csv

RDTSC: 1’312’606.000000 cycles (0.000453 sec @ 2’900.000000 MHz)
C clock(): 1’324’544.791667 cycles (0.000457 sec @ 2’900.000000 MHz)
C gettimeofday(): 0.000452 sec

PERF cycles: 1’303’432
FLOPS count add/sub: 327’624
FLOPS count mult: 0
FLOPS count div/sqrt: 24’632
FLOPS count multiply-add: 392’192
FLOPS count overall: 744’448
Performance (PERF) = 0.571144 dflops/cycle
Performance (RDTSC) = 0.567153 dflops/cycle

======================              
Measurement for data/perf_data_d8_3.csv              
======================
Compiled with
- Compiler ID:		 Clang
- Compiler version:	 11.1.0
- Compiler flags:	 -O3 -march=native

DATASET path: data/perf_data_d8_3.csv

RDTSC: 4’831’752.000000 cycles (0.001666 sec @ 2’900.000000 MHz)
C clock(): 4’878’404.166667 cycles (0.001682 sec @ 2’900.000000 MHz)
C gettimeofday(): 0.001690 sec

PERF cycles: 4’847’364
FLOPS count add/sub: 1’311’721
FLOPS count mult: 0
FLOPS count div/sqrt: 98’414
FLOPS count multiply-add: 1’570’816
FLOPS count overall: 2’980’951
Performance (PERF) = 0.614963 dflops/cycle
Performance (RDTSC) = 0.616950 dflops/cycle

======================              
Measurement for data/perf_data_d8_4.csv              
======================
Compiled with
- Compiler ID:		 Clang
- Compiler version:	 11.1.0
- Compiler flags:	 -O3 -march=native

DATASET path: data/perf_data_d8_4.csv

RDTSC: 18’524’697.000000 cycles (0.006388 sec @ 2’900.000000 MHz)
C clock(): 18’182’033.333333 cycles (0.006270 sec @ 2’900.000000 MHz)
C gettimeofday(): 0.006236 sec

PERF cycles: 17’921’181
FLOPS count add/sub: 5’246’197
FLOPS count mult: 0
FLOPS count div/sqrt: 393’442
FLOPS count multiply-add: 6’287’360
FLOPS count overall: 11’926’999
Performance (PERF) = 0.665525 dflops/cycle
Performance (RDTSC) = 0.643843 dflops/cycle

======================              
Measurement for data/perf_data_d8_5.csv              
======================
Compiled with
- Compiler ID:		 Clang
- Compiler version:	 11.1.0
- Compiler flags:	 -O3 -march=native

DATASET path: data/perf_data_d8_5.csv

RDTSC: 68’903’913.000000 cycles (0.023760 sec @ 2’900.000000 MHz)
C clock(): 68’941’700.000000 cycles (0.023773 sec @ 2’900.000000 MHz)
C gettimeofday(): 0.023800 sec

PERF cycles: 68’624’243
FLOPS count add/sub: 20’981’443
FLOPS count mult: 0
FLOPS count div/sqrt: 1’573’310
FLOPS count multiply-add: 25’157’632
FLOPS count overall: 47’712’385
Performance (PERF) = 0.695270 dflops/cycle
Performance (RDTSC) = 0.692448 dflops/cycle

======================              
Measurement for data/perf_data_d8_6.csv              
======================
Compiled with
- Compiler ID:		 Clang
- Compiler version:	 11.1.0
- Compiler flags:	 -O3 -march=native

DATASET path: data/perf_data_d8_6.csv

RDTSC: 270’098’701.000000 cycles (0.093137 sec @ 2’900.000000 MHz)
C clock(): 269’829’533.333333 cycles (0.093045 sec @ 2’900.000000 MHz)
C gettimeofday(): 0.093479 sec

PERF cycles: 265’792’932
FLOPS count add/sub: 83’904’192
FLOPS count mult: 0
FLOPS count div/sqrt: 6’292’381
FLOPS count multiply-add: 100’646’912
FLOPS count overall: 190’843’485
Performance (PERF) = 0.718016 dflops/cycle
Performance (RDTSC) = 0.706569 dflops/cycle

======================              
Measurement for data/perf_data_d8_7.csv              
======================
Compiled with
- Compiler ID:		 Clang
- Compiler version:	 11.1.0
- Compiler flags:	 -O3 -march=native

DATASET path: data/perf_data_d8_7.csv

RDTSC: 1’082’926’671.000000 cycles (0.373423 sec @ 2’900.000000 MHz)
C clock(): 1’083’783’166.666667 cycles (0.373718 sec @ 2’900.000000 MHz)
C gettimeofday(): 0.372683 sec

PERF cycles: 1’075’396’714
FLOPS count add/sub: 335’604’562
FLOPS count mult: 0
FLOPS count div/sqrt: 25’167’696
FLOPS count multiply-add: 402’620’416
FLOPS count overall: 763’392’674
Performance (PERF) = 0.709871 dflops/cycle
Performance (RDTSC) = 0.704935 dflops/cycle

======================              
Measurement for data/perf_data_d8_8.csv              
======================
Compiled with
- Compiler ID:		 Clang
- Compiler version:	 11.1.0
- Compiler flags:	 -O3 -march=native

DATASET path: data/perf_data_d8_8.csv

RDTSC: 2’462’718’328.000000 cycles (0.849213 sec @ 2’900.000000 MHz)
C clock(): 2’467’234’933.333333 cycles (0.850771 sec @ 2’900.000000 MHz)
C gettimeofday(): 0.848620 sec

PERF cycles: 2’445’130’131
FLOPS count add/sub: 755’071’067
FLOPS count mult: 0
FLOPS count div/sqrt: 56’625’902
FLOPS count multiply-add: 905’920’512
FLOPS count overall: 1’717’617’481
Performance (PERF) = 0.702465 dflops/cycle
Performance (RDTSC) = 0.697448 dflops/cycle

======================              
Measurement for data/perf_data_d8_9.csv              
======================
Compiled with
- Compiler ID:		 Clang
- Compiler version:	 11.1.0
- Compiler flags:	 -O3 -march=native

DATASET path: data/perf_data_d8_9.csv

RDTSC: 4’406’481’154.000000 cycles (1.519476 sec @ 2’900.000000 MHz)
C clock(): 4’408’881’600.000000 cycles (1.520304 sec @ 2’900.000000 MHz)
C gettimeofday(): 1.536181 sec

PERF cycles: 4’453’423’258
FLOPS count add/sub: 1’342’383’251
FLOPS count mult: 0
FLOPS count div/sqrt: 100’667’038
FLOPS count multiply-add: 1’610’547’200
FLOPS count overall: 3’053’597’489
Performance (PERF) = 0.685674 dflops/cycle
Performance (RDTSC) = 0.692979 dflops/cycle

======================              
Measurement for data/perf_data_d8_10.csv              
======================
Compiled with
- Compiler ID:		 Clang
- Compiler version:	 11.1.0
- Compiler flags:	 -O3 -march=native

DATASET path: data/perf_data_d8_10.csv

RDTSC: 7’018’435’686.000000 cycles (2.420150 sec @ 2’900.000000 MHz)
C clock(): 7’057’889’500.000000 cycles (2.433755 sec @ 2’900.000000 MHz)
C gettimeofday(): 2.421562 sec

PERF cycles: 7’036’248’265
FLOPS count add/sub: 2’097’493’443
FLOPS count mult: 0
FLOPS count div/sqrt: 157’291’067
FLOPS count multiply-add: 2’516’500’480
FLOPS count overall: 4’771’284’990
Performance (PERF) = 0.678101 dflops/cycle
Performance (RDTSC) = 0.679822 dflops/cycle

======================              
Measurement for data/perf_data_d8_11.csv              
======================
Compiled with
- Compiler ID:		 Clang
- Compiler version:	 11.1.0
- Compiler flags:	 -O3 -march=native

DATASET path: data/perf_data_d8_11.csv

RDTSC: 10’348’474’095.000000 cycles (3.568439 sec @ 2’900.000000 MHz)
C clock(): 10’197’812’300.000000 cycles (3.516487 sec @ 2’900.000000 MHz)
C gettimeofday(): 3.577094 sec

PERF cycles: 10’157’654’683
FLOPS count add/sub: 3’020’340’686
FLOPS count mult: 0
FLOPS count div/sqrt: 226’498’030
FLOPS count multiply-add: 3’623’780’352
FLOPS count overall: 6’870’619’068
Performance (PERF) = 0.676398 dflops/cycle
Performance (RDTSC) = 0.663926 dflops/cycle

======================              
Measurement for data/perf_data_d8_12.csv              
======================
Compiled with
- Compiler ID:		 Clang
- Compiler version:	 11.1.0
- Compiler flags:	 -O3 -march=native

DATASET path: data/perf_data_d8_12.csv

RDTSC: 14’198’128’937.000000 cycles (4.895907 sec @ 2’900.000000 MHz)
C clock(): 14’132’633’800.000000 cycles (4.873322 sec @ 2’900.000000 MHz)
C gettimeofday(): 4.866208 sec

PERF cycles: 14’078’755’115
FLOPS count add/sub: 4’111’003’606
FLOPS count mult: 0
FLOPS count div/sqrt: 308’287’914
FLOPS count multiply-add: 4’932’386’816
FLOPS count overall: 9’351’678’336
Performance (PERF) = 0.664240 dflops/cycle
Performance (RDTSC) = 0.658656 dflops/cycle

