Running test at time Sun Jun  6 08:15:11 AM CEST 2021
======================              
Measurement for data/perf_data_d4_0.csv              
======================
Compiled with
- Compiler ID:		 Clang
- Compiler version:	 11.1.0
- Compiler flags:	 -O3 -march=native

DATASET path: data/perf_data_d4_0.csv

RDTSC: 97,395.000000 cycles (0.000037 sec @ 2,600.000000 MHz)
C clock(): 93,457.812500 cycles (0.000036 sec @ 2,600.000000 MHz)
C gettimeofday(): 0.000036 sec

PERF cycles: 101,637
FLOPS count scalar double: 529
FLOPS count 128 packed double: 0 (multiply by 2 to get scalar operations)
FLOPS count 256 packed double: 8,182 (multiply by 4 to get scalar operations)
Performance (PERF) = 0.327214 dflops/cycle (only counting add, mul, sub)
Performance (RDTSC) = 0.341465 dflops/cycle (only counting add, mul, sub)
Got ovalue: data/timings/20210606_074421/advprim_distvec_quickvec_primvec.csv


======================              
Measurement for data/perf_data_d4_1.csv              
======================
Compiled with
- Compiler ID:		 Clang
- Compiler version:	 11.1.0
- Compiler flags:	 -O3 -march=native

DATASET path: data/perf_data_d4_1.csv

RDTSC: 427,491.000000 cycles (0.000164 sec @ 2,600.000000 MHz)
C clock(): 400,169.791667 cycles (0.000154 sec @ 2,600.000000 MHz)
C gettimeofday(): 0.000155 sec

PERF cycles: 540,378
FLOPS count scalar double: 1,602
FLOPS count 128 packed double: 0 (multiply by 2 to get scalar operations)
FLOPS count 256 packed double: 31,090 (multiply by 4 to get scalar operations)
Performance (PERF) = 0.233100 dflops/cycle (only counting add, mul, sub)
Performance (RDTSC) = 0.294654 dflops/cycle (only counting add, mul, sub)
Got ovalue: data/timings/20210606_074421/advprim_distvec_quickvec_primvec.csv


======================              
Measurement for data/perf_data_d4_2.csv              
======================
Compiled with
- Compiler ID:		 Clang
- Compiler version:	 11.1.0
- Compiler flags:	 -O3 -march=native

DATASET path: data/perf_data_d4_2.csv

RDTSC: 1,413,975.000000 cycles (0.000544 sec @ 2,600.000000 MHz)
C clock(): 1,356,279.166667 cycles (0.000522 sec @ 2,600.000000 MHz)
C gettimeofday(): 0.000521 sec

PERF cycles: 1,356,874
FLOPS count scalar double: 2,901
FLOPS count 128 packed double: 0 (multiply by 2 to get scalar operations)
FLOPS count 256 packed double: 112,838 (multiply by 4 to get scalar operations)
Performance (PERF) = 0.334779 dflops/cycle (only counting add, mul, sub)
Performance (RDTSC) = 0.321260 dflops/cycle (only counting add, mul, sub)
Got ovalue: data/timings/20210606_074421/advprim_distvec_quickvec_primvec.csv


======================              
Measurement for data/perf_data_d4_3.csv              
======================
Compiled with
- Compiler ID:		 Clang
- Compiler version:	 11.1.0
- Compiler flags:	 -O3 -march=native

DATASET path: data/perf_data_d4_3.csv

RDTSC: 4,936,625.000000 cycles (0.001899 sec @ 2,600.000000 MHz)
C clock(): 4,555,200.000000 cycles (0.001752 sec @ 2,600.000000 MHz)
C gettimeofday(): 0.001750 sec

PERF cycles: 4,557,063
FLOPS count scalar double: 4,987
FLOPS count 128 packed double: 0 (multiply by 2 to get scalar operations)
FLOPS count 256 packed double: 431,850 (multiply by 4 to get scalar operations)
Performance (PERF) = 0.380154 dflops/cycle (only counting add, mul, sub)
Performance (RDTSC) = 0.350925 dflops/cycle (only counting add, mul, sub)
Got ovalue: data/timings/20210606_074421/advprim_distvec_quickvec_primvec.csv


======================              
Measurement for data/perf_data_d4_4.csv              
======================
Compiled with
- Compiler ID:		 Clang
- Compiler version:	 11.1.0
- Compiler flags:	 -O3 -march=native

DATASET path: data/perf_data_d4_4.csv

RDTSC: 24,948,333.000000 cycles (0.009596 sec @ 2,600.000000 MHz)
C clock(): 16,811,600.000000 cycles (0.006466 sec @ 2,600.000000 MHz)
C gettimeofday(): 0.006565 sec

PERF cycles: 16,743,539
FLOPS count scalar double: 11,323
FLOPS count 128 packed double: 0 (multiply by 2 to get scalar operations)
FLOPS count 256 packed double: 1,730,354 (multiply by 4 to get scalar operations)
Performance (PERF) = 0.414055 dflops/cycle (only counting add, mul, sub)
Performance (RDTSC) = 0.277884 dflops/cycle (only counting add, mul, sub)
Got ovalue: data/timings/20210606_074421/advprim_distvec_quickvec_primvec.csv


======================              
Measurement for data/perf_data_d4_5.csv              
======================
Compiled with
- Compiler ID:		 Clang
- Compiler version:	 11.1.0
- Compiler flags:	 -O3 -march=native

DATASET path: data/perf_data_d4_5.csv

RDTSC: 66,661,159.000000 cycles (0.025639 sec @ 2,600.000000 MHz)
C clock(): 63,797,933.333333 cycles (0.024538 sec @ 2,600.000000 MHz)
C gettimeofday(): 0.025118 sec

PERF cycles: 64,450,654
FLOPS count scalar double: 29,637
FLOPS count 128 packed double: 0 (multiply by 2 to get scalar operations)
FLOPS count 256 packed double: 6,830,598 (multiply by 4 to get scalar operations)
Performance (PERF) = 0.424387 dflops/cycle (only counting add, mul, sub)
Performance (RDTSC) = 0.410314 dflops/cycle (only counting add, mul, sub)
Got ovalue: data/timings/20210606_074421/advprim_distvec_quickvec_primvec.csv


======================              
Measurement for data/perf_data_d4_6.csv              
======================
Compiled with
- Compiler ID:		 Clang
- Compiler version:	 11.1.0
- Compiler flags:	 -O3 -march=native

DATASET path: data/perf_data_d4_6.csv

RDTSC: 285,194,962.000000 cycles (0.109690 sec @ 2,600.000000 MHz)
C clock(): 280,663,066.666667 cycles (0.107947 sec @ 2,600.000000 MHz)
C gettimeofday(): 0.109316 sec

PERF cycles: 271,586,514
FLOPS count scalar double: 75,446
FLOPS count 128 packed double: 0 (multiply by 2 to get scalar operations)
FLOPS count 256 packed double: 27,401,436 (multiply by 4 to get scalar operations)
Performance (PERF) = 0.403854 dflops/cycle (only counting add, mul, sub)
Performance (RDTSC) = 0.384583 dflops/cycle (only counting add, mul, sub)
Got ovalue: data/timings/20210606_074421/advprim_distvec_quickvec_primvec.csv


======================              
Measurement for data/perf_data_d4_7.csv              
======================
Compiled with
- Compiler ID:		 Clang
- Compiler version:	 11.1.0
- Compiler flags:	 -O3 -march=native

DATASET path: data/perf_data_d4_7.csv

RDTSC: 1,147,711,801.000000 cycles (0.441428 sec @ 2,600.000000 MHz)
C clock(): 1,116,370,666.666667 cycles (0.429373 sec @ 2,600.000000 MHz)
C gettimeofday(): 0.420775 sec

PERF cycles: 1,107,501,115
FLOPS count scalar double: 227,365
FLOPS count 128 packed double: 0 (multiply by 2 to get scalar operations)
FLOPS count 256 packed double: 109,507,590 (multiply by 4 to get scalar operations)
Performance (PERF) = 0.395718 dflops/cycle (only counting add, mul, sub)
Performance (RDTSC) = 0.381853 dflops/cycle (only counting add, mul, sub)
Got ovalue: data/timings/20210606_074421/advprim_distvec_quickvec_primvec.csv


======================              
Measurement for data/perf_data_d4_8.csv              
======================
Compiled with
- Compiler ID:		 Clang
- Compiler version:	 11.1.0
- Compiler flags:	 -O3 -march=native

DATASET path: data/perf_data_d4_8.csv

RDTSC: 2,601,621,116.000000 cycles (1.000624 sec @ 2,600.000000 MHz)
C clock(): 2,488,795,400.000000 cycles (0.957229 sec @ 2,600.000000 MHz)
C gettimeofday(): 0.955560 sec

PERF cycles: 2,489,312,132
FLOPS count scalar double: 528,366
FLOPS count 128 packed double: 0 (multiply by 2 to get scalar operations)
FLOPS count 256 packed double: 245,565,262 (multiply by 4 to get scalar operations)
Performance (PERF) = 0.394804 dflops/cycle (only counting add, mul, sub)
Performance (RDTSC) = 0.377760 dflops/cycle (only counting add, mul, sub)
Got ovalue: data/timings/20210606_074421/advprim_distvec_quickvec_primvec.csv


======================              
Measurement for data/perf_data_d4_9.csv              
======================
Compiled with
- Compiler ID:		 Clang
- Compiler version:	 11.1.0
- Compiler flags:	 -O3 -march=native

DATASET path: data/perf_data_d4_9.csv

RDTSC: 4,747,042,671.000000 cycles (1.825786 sec @ 2,600.000000 MHz)
C clock(): 4,530,753,933.333334 cycles (1.742598 sec @ 2,600.000000 MHz)
C gettimeofday(): 1.745159 sec

PERF cycles: 4,508,670,214
FLOPS count scalar double: 845,910
FLOPS count 128 packed double: 0 (multiply by 2 to get scalar operations)
FLOPS count 256 packed double: 437,092,290 (multiply by 4 to get scalar operations)
Performance (PERF) = 0.387967 dflops/cycle (only counting add, mul, sub)
Performance (RDTSC) = 0.368485 dflops/cycle (only counting add, mul, sub)
Got ovalue: data/timings/20210606_074421/advprim_distvec_quickvec_primvec.csv


======================              
Measurement for data/perf_data_d4_10.csv              
======================
Compiled with
- Compiler ID:		 Clang
- Compiler version:	 11.1.0
- Compiler flags:	 -O3 -march=native

DATASET path: data/perf_data_d4_10.csv

RDTSC: 7,274,198,568.000000 cycles (2.797769 sec @ 2,600.000000 MHz)
C clock(): 6,959,656,600.000000 cycles (2.676791 sec @ 2,600.000000 MHz)
C gettimeofday(): 2.679375 sec

PERF cycles: 6,954,125,901
FLOPS count scalar double: 1,268,622
FLOPS count 128 packed double: 0 (multiply by 2 to get scalar operations)
FLOPS count 256 packed double: 681,264,160 (multiply by 4 to get scalar operations)
Performance (PERF) = 0.392044 dflops/cycle (only counting add, mul, sub)
Performance (RDTSC) = 0.374794 dflops/cycle (only counting add, mul, sub)
Got ovalue: data/timings/20210606_074421/advprim_distvec_quickvec_primvec.csv


======================              
Measurement for data/perf_data_d4_11.csv              
======================
Compiled with
- Compiler ID:		 Clang
- Compiler version:	 11.1.0
- Compiler flags:	 -O3 -march=native

DATASET path: data/perf_data_d4_11.csv

RDTSC: 10,964,722,248.000000 cycles (4.217201 sec @ 2,600.000000 MHz)
C clock(): 10,489,919,266.666668 cycles (4.034584 sec @ 2,600.000000 MHz)
C gettimeofday(): 4.034035 sec

PERF cycles: 10,414,766,848
FLOPS count scalar double: 1,906,789
FLOPS count 128 packed double: 0 (multiply by 2 to get scalar operations)
FLOPS count 256 packed double: 982,968,020 (multiply by 4 to get scalar operations)
Performance (PERF) = 0.377712 dflops/cycle (only counting add, mul, sub)
Performance (RDTSC) = 0.358767 dflops/cycle (only counting add, mul, sub)
Got ovalue: data/timings/20210606_074421/advprim_distvec_quickvec_primvec.csv


======================              
Measurement for data/perf_data_d4_12.csv              
======================
Compiled with
- Compiler ID:		 Clang
- Compiler version:	 11.1.0
- Compiler flags:	 -O3 -march=native

DATASET path: data/perf_data_d4_12.csv

RDTSC: 14,326,725,299.000000 cycles (5.510279 sec @ 2,600.000000 MHz)
C clock(): 13,768,398,800.000000 cycles (5.295538 sec @ 2,600.000000 MHz)
C gettimeofday(): 5.279816 sec

PERF cycles: 13,682,342,552
FLOPS count scalar double: 2,474,438
FLOPS count 128 packed double: 0 (multiply by 2 to get scalar operations)
FLOPS count 256 packed double: 1,336,832,392 (multiply by 4 to get scalar operations)
Performance (PERF) = 0.391001 dflops/cycle (only counting add, mul, sub)
Performance (RDTSC) = 0.373414 dflops/cycle (only counting add, mul, sub)
Got ovalue: data/timings/20210606_074421/advprim_distvec_quickvec_primvec.csv


