Running test at time Sun Jun  6 08:21:19 AM CEST 2021
======================              
Measurement for data/perf_data_d4_0.csv              
======================
Compiled with
- Compiler ID:		 Clang
- Compiler version:	 11.1.0
- Compiler flags:	 -O3 -march=native

DATASET path: data/perf_data_d4_0.csv

RDTSC: 65,423.000000 cycles (0.000025 sec @ 2,600.000000 MHz)
C clock(): 61,231.184896 cycles (0.000024 sec @ 2,600.000000 MHz)
C gettimeofday(): 0.000023 sec

PERF cycles: 172,204
FLOPS count scalar double: 2,513
FLOPS count 128 packed double: 496 (multiply by 2 to get scalar operations)
FLOPS count 256 packed double: 4,560 (multiply by 4 to get scalar operations)
Performance (PERF) = 0.126275 dflops/cycle (only counting add, mul, sub)
Performance (RDTSC) = 0.332375 dflops/cycle (only counting add, mul, sub)
Got ovalue: data/timings/20210606_074421/intel_pext_partition.csv


======================              
Measurement for data/perf_data_d4_1.csv              
======================
Compiled with
- Compiler ID:		 Clang
- Compiler version:	 11.1.0
- Compiler flags:	 -O3 -march=native

DATASET path: data/perf_data_d4_1.csv

RDTSC: 271,404.000000 cycles (0.000104 sec @ 2,600.000000 MHz)
C clock(): 270,213.802083 cycles (0.000104 sec @ 2,600.000000 MHz)
C gettimeofday(): 0.000101 sec

PERF cycles: 276,867
FLOPS count scalar double: 9,666
FLOPS count 128 packed double: 2,016 (multiply by 2 to get scalar operations)
FLOPS count 256 packed double: 18,336 (multiply by 4 to get scalar operations)
Performance (PERF) = 0.314382 dflops/cycle (only counting add, mul, sub)
Performance (RDTSC) = 0.320710 dflops/cycle (only counting add, mul, sub)
Got ovalue: data/timings/20210606_074421/intel_pext_partition.csv


======================              
Measurement for data/perf_data_d4_2.csv              
======================
Compiled with
- Compiler ID:		 Clang
- Compiler version:	 11.1.0
- Compiler flags:	 -O3 -march=native

DATASET path: data/perf_data_d4_2.csv

RDTSC: 1,166,117.000000 cycles (0.000449 sec @ 2,600.000000 MHz)
C clock(): 1,160,250.000000 cycles (0.000446 sec @ 2,600.000000 MHz)
C gettimeofday(): 0.000429 sec

PERF cycles: 1,128,121
FLOPS count scalar double: 35,413
FLOPS count 128 packed double: 8,128 (multiply by 2 to get scalar operations)
FLOPS count 256 packed double: 73,536 (multiply by 4 to get scalar operations)
Performance (PERF) = 0.306539 dflops/cycle (only counting add, mul, sub)
Performance (RDTSC) = 0.296551 dflops/cycle (only counting add, mul, sub)
Got ovalue: data/timings/20210606_074421/intel_pext_partition.csv


======================              
Measurement for data/perf_data_d4_3.csv              
======================
Compiled with
- Compiler ID:		 Clang
- Compiler version:	 11.1.0
- Compiler flags:	 -O3 -march=native

DATASET path: data/perf_data_d4_3.csv

RDTSC: 3,916,462.000000 cycles (0.001506 sec @ 2,600.000000 MHz)
C clock(): 3,761,658.333333 cycles (0.001447 sec @ 2,600.000000 MHz)
C gettimeofday(): 0.001404 sec

PERF cycles: 3,716,365
FLOPS count scalar double: 135,547
FLOPS count 128 packed double: 32,640 (multiply by 2 to get scalar operations)
FLOPS count 256 packed double: 294,528 (multiply by 4 to get scalar operations)
Performance (PERF) = 0.371045 dflops/cycle (only counting add, mul, sub)
Performance (RDTSC) = 0.352088 dflops/cycle (only counting add, mul, sub)
Got ovalue: data/timings/20210606_074421/intel_pext_partition.csv


======================              
Measurement for data/perf_data_d4_4.csv              
======================
Compiled with
- Compiler ID:		 Clang
- Compiler version:	 11.1.0
- Compiler flags:	 -O3 -march=native

DATASET path: data/perf_data_d4_4.csv

RDTSC: 14,139,570.000000 cycles (0.005438 sec @ 2,600.000000 MHz)
C clock(): 13,553,583.333333 cycles (0.005213 sec @ 2,600.000000 MHz)
C gettimeofday(): 0.005160 sec

PERF cycles: 13,400,599
FLOPS count scalar double: 534,587
FLOPS count 128 packed double: 130,816 (multiply by 2 to get scalar operations)
FLOPS count 256 packed double: 1,178,880 (multiply by 4 to get scalar operations)
Performance (PERF) = 0.411305 dflops/cycle (only counting add, mul, sub)
Performance (RDTSC) = 0.389810 dflops/cycle (only counting add, mul, sub)
Got ovalue: data/timings/20210606_074421/intel_pext_partition.csv


======================              
Measurement for data/perf_data_d4_5.csv              
======================
Compiled with
- Compiler ID:		 Clang
- Compiler version:	 11.1.0
- Compiler flags:	 -O3 -march=native

DATASET path: data/perf_data_d4_5.csv

RDTSC: 60,804,086.000000 cycles (0.023386 sec @ 2,600.000000 MHz)
C clock(): 62,378,333.333333 cycles (0.023992 sec @ 2,600.000000 MHz)
C gettimeofday(): 0.020304 sec

PERF cycles: 54,432,351
FLOPS count scalar double: 2,124,754
FLOPS count 128 packed double: 523,776 (multiply by 2 to get scalar operations)
FLOPS count 256 packed double: 4,717,056 (multiply by 4 to get scalar operations)
Performance (PERF) = 0.404916 dflops/cycle (only counting add, mul, sub)
Performance (RDTSC) = 0.362484 dflops/cycle (only counting add, mul, sub)
Got ovalue: data/timings/20210606_074421/intel_pext_partition.csv


======================              
Measurement for data/perf_data_d4_6.csv              
======================
Compiled with
- Compiler ID:		 Clang
- Compiler version:	 11.1.0
- Compiler flags:	 -O3 -march=native

DATASET path: data/perf_data_d4_6.csv

RDTSC: 239,834,814.000000 cycles (0.092244 sec @ 2,600.000000 MHz)
C clock(): 226,202,600.000000 cycles (0.087001 sec @ 2,600.000000 MHz)
C gettimeofday(): 0.086901 sec

PERF cycles: 223,214,125
FLOPS count scalar double: 8,459,958
FLOPS count 128 packed double: 2,096,128 (multiply by 2 to get scalar operations)
FLOPS count 256 packed double: 18,871,296 (multiply by 4 to get scalar operations)
Performance (PERF) = 0.394856 dflops/cycle (only counting add, mul, sub)
Performance (RDTSC) = 0.367492 dflops/cycle (only counting add, mul, sub)
Got ovalue: data/timings/20210606_074421/intel_pext_partition.csv


======================              
Measurement for data/perf_data_d4_7.csv              
======================
Compiled with
- Compiler ID:		 Clang
- Compiler version:	 11.1.0
- Compiler flags:	 -O3 -march=native

DATASET path: data/perf_data_d4_7.csv

RDTSC: 846,865,317.000000 cycles (0.325717 sec @ 2,600.000000 MHz)
C clock(): 821,931,066.666667 cycles (0.316127 sec @ 2,600.000000 MHz)
C gettimeofday(): 0.313882 sec

PERF cycles: 818,420,815
FLOPS count scalar double: 33,773,605
FLOPS count 128 packed double: 8,386,560 (multiply by 2 to get scalar operations)
FLOPS count 256 packed double: 75,491,328 (multiply by 4 to get scalar operations)
Performance (PERF) = 0.430722 dflops/cycle (only counting add, mul, sub)
Performance (RDTSC) = 0.416255 dflops/cycle (only counting add, mul, sub)
Got ovalue: data/timings/20210606_074421/intel_pext_partition.csv


======================              
Measurement for data/perf_data_d4_8.csv              
======================
Compiled with
- Compiler ID:		 Clang
- Compiler version:	 11.1.0
- Compiler flags:	 -O3 -march=native

DATASET path: data/perf_data_d4_8.csv

RDTSC: 2,014,776,418.000000 cycles (0.774914 sec @ 2,600.000000 MHz)
C clock(): 1,924,730,600.000000 cycles (0.740281 sec @ 2,600.000000 MHz)
C gettimeofday(): 0.731156 sec

PERF cycles: 1,900,510,960
FLOPS count scalar double: 76,013,550
FLOPS count 128 packed double: 18,871,296 (multiply by 2 to get scalar operations)
FLOPS count 256 packed double: 169,860,096 (multiply by 4 to get scalar operations)
Performance (PERF) = 0.417360 dflops/cycle (only counting add, mul, sub)
Performance (RDTSC) = 0.393690 dflops/cycle (only counting add, mul, sub)
Got ovalue: data/timings/20210606_074421/intel_pext_partition.csv


======================              
Measurement for data/perf_data_d4_9.csv              
======================
Compiled with
- Compiler ID:		 Clang
- Compiler version:	 11.1.0
- Compiler flags:	 -O3 -march=native

DATASET path: data/perf_data_d4_9.csv

RDTSC: 3,407,677,659.000000 cycles (1.310645 sec @ 2,600.000000 MHz)
C clock(): 3,252,302,733.333333 cycles (1.250886 sec @ 2,600.000000 MHz)
C gettimeofday(): 1.261842 sec

PERF cycles: 3,258,072,604
FLOPS count scalar double: 135,047,253
FLOPS count 128 packed double: 33,550,336 (multiply by 2 to get scalar operations)
FLOPS count 256 packed double: 301,977,600 (multiply by 4 to get scalar operations)
Performance (PERF) = 0.432789 dflops/cycle (only counting add, mul, sub)
Performance (RDTSC) = 0.413789 dflops/cycle (only counting add, mul, sub)
Got ovalue: data/timings/20210606_074421/intel_pext_partition.csv


======================              
Measurement for data/perf_data_d4_10.csv              
======================
Compiled with
- Compiler ID:		 Clang
- Compiler version:	 11.1.0
- Compiler flags:	 -O3 -march=native

DATASET path: data/perf_data_d4_10.csv

RDTSC: 5,286,932,638.000000 cycles (2.033436 sec @ 2,600.000000 MHz)
C clock(): 5,049,766,800.000000 cycles (1.942218 sec @ 2,600.000000 MHz)
C gettimeofday(): 1.956124 sec

PERF cycles: 5,035,899,857
FLOPS count scalar double: 210,963,342
FLOPS count 128 packed double: 52,423,680 (multiply by 2 to get scalar operations)
FLOPS count 256 packed double: 471,843,840 (multiply by 4 to get scalar operations)
Performance (PERF) = 0.437496 dflops/cycle (only counting add, mul, sub)
Performance (RDTSC) = 0.416723 dflops/cycle (only counting add, mul, sub)
Got ovalue: data/timings/20210606_074421/intel_pext_partition.csv


======================              
Measurement for data/perf_data_d4_11.csv              
======================
Compiled with
- Compiler ID:		 Clang
- Compiler version:	 11.1.0
- Compiler flags:	 -O3 -march=native

DATASET path: data/perf_data_d4_11.csv

RDTSC: 7,786,497,930.000000 cycles (2.994807 sec @ 2,600.000000 MHz)
C clock(): 7,447,128,866.666667 cycles (2.864280 sec @ 2,600.000000 MHz)
C gettimeofday(): 2.846181 sec

PERF cycles: 7,378,325,086
FLOPS count scalar double: 303,872,101
FLOPS count 128 packed double: 75,491,328 (multiply by 2 to get scalar operations)
FLOPS count 256 packed double: 679,458,816 (multiply by 4 to get scalar operations)
Performance (PERF) = 0.430001 dflops/cycle (only counting add, mul, sub)
Performance (RDTSC) = 0.407460 dflops/cycle (only counting add, mul, sub)
Got ovalue: data/timings/20210606_074421/intel_pext_partition.csv


======================              
Measurement for data/perf_data_d4_12.csv              
======================
Compiled with
- Compiler ID:		 Clang
- Compiler version:	 11.1.0
- Compiler flags:	 -O3 -march=native

DATASET path: data/perf_data_d4_12.csv

RDTSC: 10,592,893,018.000000 cycles (4.074190 sec @ 2,600.000000 MHz)
C clock(): 10,140,485,333.333332 cycles (3.900187 sec @ 2,600.000000 MHz)
C gettimeofday(): 3.916721 sec

PERF cycles: 10,179,385,575
FLOPS count scalar double: 413,487,557
FLOPS count 128 packed double: 102,753,280 (multiply by 2 to get scalar operations)
FLOPS count 256 packed double: 924,822,528 (multiply by 4 to get scalar operations)
Performance (PERF) = 0.424219 dflops/cycle (only counting add, mul, sub)
Performance (RDTSC) = 0.407659 dflops/cycle (only counting add, mul, sub)
Got ovalue: data/timings/20210606_074421/intel_pext_partition.csv


