Running test at time Sun Jun  6 07:45:31 AM CEST 2021
======================          
Measurement for data/perf_data_d4_7.csv          
======================
Compiled with
- Compiler ID:		 Clang
- Compiler version:	 11.1.0
- Compiler flags:	 -O3 -march=native

DATASET path: data/perf_data_d4_7.csv

RDTSC: 880,487,388.000000 cycles (0.338649 sec @ 2,600.000000 MHz)
C clock(): 617,188,866.666667 cycles (0.237380 sec @ 2,600.000000 MHz)
C gettimeofday(): 0.236973 sec

PERF cycles: 655,161,065
FLOPS count scalar double: 33,765,113
FLOPS count 128 packed double: 8,386,560 (multiply by 2 to get scalar operations)
FLOPS count 256 packed double: 75,491,328 (multiply by 4 to get scalar operations)
Performance (PERF) = 0.538041 dflops/cycle (only counting add, mul, sub)
Performance (RDTSC) = 0.400350 dflops/cycle (only counting add, mul, sub)
Got ovalue: data/timings/20210606_074421/bubbleselect.csv


======================            
OUTPUT_LOG from new performance run:            
======================
Running test at time Sun Jun  6 07:45:45 AM CEST 2021
======================          
Measurement for data/perf_data_d4_7.csv          
======================
Compiled with
- Compiler ID:		 Clang
- Compiler version:	 11.1.0
- Compiler flags:	 -O3 -march=native

DATASET path: data/perf_data_d4_7.csv

RDTSC: 745,080,488.000000 cycles (0.286569 sec @ 2,600.000000 MHz)
C clock(): 686,601,933.333333 cycles (0.264078 sec @ 2,600.000000 MHz)
C gettimeofday(): 0.262419 sec

PERF cycles: 668,128,155
FLOPS count scalar double: 33,729,468
FLOPS count 128 packed double: 8,386,560 (multiply by 2 to get scalar operations)
FLOPS count 256 packed double: 75,491,328 (multiply by 4 to get scalar operations)
Performance (PERF) = 0.527545 dflops/cycle (only counting add, mul, sub)
Performance (RDTSC) = 0.473060 dflops/cycle (only counting add, mul, sub)
Got ovalue: data/timings/20210606_074421/bubbleselect.csv


======================            
OUTPUT_LOG from new performance run:            
======================
Running test at time Sun Jun  6 07:46:00 AM CEST 2021
======================          
Measurement for data/perf_data_d4_7.csv          
======================
Compiled with
- Compiler ID:		 Clang
- Compiler version:	 11.1.0
- Compiler flags:	 -O3 -march=native

DATASET path: data/perf_data_d4_7.csv

RDTSC: 828,639,809.000000 cycles (0.318708 sec @ 2,600.000000 MHz)
C clock(): 772,076,933.333333 cycles (0.296953 sec @ 2,600.000000 MHz)
C gettimeofday(): 0.297180 sec

PERF cycles: 761,775,207
FLOPS count scalar double: 33,667,337
FLOPS count 128 packed double: 8,386,560 (multiply by 2 to get scalar operations)
FLOPS count 256 packed double: 75,491,328 (multiply by 4 to get scalar operations)
Performance (PERF) = 0.462611 dflops/cycle (only counting add, mul, sub)
Performance (RDTSC) = 0.425282 dflops/cycle (only counting add, mul, sub)
Got ovalue: data/timings/20210606_074421/bubbleselect.csv


======================            
OUTPUT_LOG from new performance run:            
======================
Running test at time Sun Jun  6 07:46:15 AM CEST 2021
======================          
Measurement for data/perf_data_d4_7.csv          
======================
Compiled with
- Compiler ID:		 Clang
- Compiler version:	 11.1.0
- Compiler flags:	 -O3 -march=native

DATASET path: data/perf_data_d4_7.csv

RDTSC: 892,048,598.000000 cycles (0.343096 sec @ 2,600.000000 MHz)
C clock(): 838,307,600.000000 cycles (0.322426 sec @ 2,600.000000 MHz)
C gettimeofday(): 0.319905 sec

PERF cycles: 818,075,942
FLOPS count scalar double: 33,652,021
FLOPS count 128 packed double: 8,386,560 (multiply by 2 to get scalar operations)
FLOPS count 256 packed double: 75,491,328 (multiply by 4 to get scalar operations)
Performance (PERF) = 0.430755 dflops/cycle (only counting add, mul, sub)
Performance (RDTSC) = 0.395035 dflops/cycle (only counting add, mul, sub)
Got ovalue: data/timings/20210606_074421/bubbleselect.csv


======================            
OUTPUT_LOG from new performance run:            
======================
Running test at time Sun Jun  6 07:46:31 AM CEST 2021
======================          
Measurement for data/perf_data_d4_7.csv          
======================
Compiled with
- Compiler ID:		 Clang
- Compiler version:	 11.1.0
- Compiler flags:	 -O3 -march=native

DATASET path: data/perf_data_d4_7.csv

RDTSC: 947,263,208.000000 cycles (0.364332 sec @ 2,600.000000 MHz)
C clock(): 887,160,733.333333 cycles (0.341216 sec @ 2,600.000000 MHz)
C gettimeofday(): 0.342444 sec

PERF cycles: 879,262,995
FLOPS count scalar double: 33,653,912
FLOPS count 128 packed double: 8,386,560 (multiply by 2 to get scalar operations)
FLOPS count 256 packed double: 75,491,328 (multiply by 4 to get scalar operations)
Performance (PERF) = 0.400782 dflops/cycle (only counting add, mul, sub)
Performance (RDTSC) = 0.372011 dflops/cycle (only counting add, mul, sub)
Got ovalue: data/timings/20210606_074421/bubbleselect.csv


======================            
OUTPUT_LOG from new performance run:            
======================
Running test at time Sun Jun  6 07:46:47 AM CEST 2021
======================          
Measurement for data/perf_data_d4_7.csv          
======================
Compiled with
- Compiler ID:		 Clang
- Compiler version:	 11.1.0
- Compiler flags:	 -O3 -march=native

DATASET path: data/perf_data_d4_7.csv

RDTSC: 1,025,358,279.000000 cycles (0.394369 sec @ 2,600.000000 MHz)
C clock(): 957,086,866.666667 cycles (0.368110 sec @ 2,600.000000 MHz)
C gettimeofday(): 0.370071 sec

PERF cycles: 944,989,147
FLOPS count scalar double: 33,659,969
FLOPS count 128 packed double: 8,386,560 (multiply by 2 to get scalar operations)
FLOPS count 256 packed double: 75,491,328 (multiply by 4 to get scalar operations)
Performance (PERF) = 0.372913 dflops/cycle (only counting add, mul, sub)
Performance (RDTSC) = 0.343683 dflops/cycle (only counting add, mul, sub)
Got ovalue: data/timings/20210606_074421/bubbleselect.csv


======================            
OUTPUT_LOG from new performance run:            
======================
Running test at time Sun Jun  6 07:47:04 AM CEST 2021
======================          
Measurement for data/perf_data_d4_7.csv          
======================
Compiled with
- Compiler ID:		 Clang
- Compiler version:	 11.1.0
- Compiler flags:	 -O3 -march=native

DATASET path: data/perf_data_d4_7.csv

RDTSC: 1,063,813,734.000000 cycles (0.409159 sec @ 2,600.000000 MHz)
C clock(): 1,006,034,466.666667 cycles (0.386936 sec @ 2,600.000000 MHz)
C gettimeofday(): 0.386107 sec

PERF cycles: 997,029,796
FLOPS count scalar double: 33,659,860
FLOPS count 128 packed double: 8,386,560 (multiply by 2 to get scalar operations)
FLOPS count 256 packed double: 75,491,328 (multiply by 4 to get scalar operations)
Performance (PERF) = 0.353448 dflops/cycle (only counting add, mul, sub)
Performance (RDTSC) = 0.331259 dflops/cycle (only counting add, mul, sub)
Got ovalue: data/timings/20210606_074421/bubbleselect.csv


======================            
OUTPUT_LOG from new performance run:            
======================
Running test at time Sun Jun  6 07:47:21 AM CEST 2021
======================          
Measurement for data/perf_data_d4_7.csv          
======================
Compiled with
- Compiler ID:		 Clang
- Compiler version:	 11.1.0
- Compiler flags:	 -O3 -march=native

DATASET path: data/perf_data_d4_7.csv

RDTSC: 1,151,595,763.000000 cycles (0.442921 sec @ 2,600.000000 MHz)
C clock(): 1,071,044,000.000000 cycles (0.411940 sec @ 2,600.000000 MHz)
C gettimeofday(): 0.411796 sec

PERF cycles: 1,081,153,720
FLOPS count scalar double: 33,668,993
FLOPS count 128 packed double: 8,386,560 (multiply by 2 to get scalar operations)
FLOPS count 256 packed double: 75,491,328 (multiply by 4 to get scalar operations)
Performance (PERF) = 0.325955 dflops/cycle (only counting add, mul, sub)
Performance (RDTSC) = 0.306017 dflops/cycle (only counting add, mul, sub)
Got ovalue: data/timings/20210606_074421/bubbleselect.csv


======================            
OUTPUT_LOG from new performance run:            
======================
Running test at time Sun Jun  6 07:47:39 AM CEST 2021
======================          
Measurement for data/perf_data_d4_7.csv          
======================
Compiled with
- Compiler ID:		 Clang
- Compiler version:	 11.1.0
- Compiler flags:	 -O3 -march=native

DATASET path: data/perf_data_d4_7.csv

RDTSC: 1,224,684,687.000000 cycles (0.471033 sec @ 2,600.000000 MHz)
C clock(): 1,149,560,533.333333 cycles (0.442139 sec @ 2,600.000000 MHz)
C gettimeofday(): 0.440277 sec

PERF cycles: 1,150,376,147
FLOPS count scalar double: 33,668,973
FLOPS count 128 packed double: 8,386,560 (multiply by 2 to get scalar operations)
FLOPS count 256 packed double: 75,491,328 (multiply by 4 to get scalar operations)
Performance (PERF) = 0.306341 dflops/cycle (only counting add, mul, sub)
Performance (RDTSC) = 0.287754 dflops/cycle (only counting add, mul, sub)
Got ovalue: data/timings/20210606_074421/bubbleselect.csv


======================            
OUTPUT_LOG from new performance run:            
======================
Running test at time Sun Jun  6 07:47:57 AM CEST 2021
======================          
Measurement for data/perf_data_d4_7.csv          
======================
Compiled with
- Compiler ID:		 Clang
- Compiler version:	 11.1.0
- Compiler flags:	 -O3 -march=native

DATASET path: data/perf_data_d4_7.csv

RDTSC: 1,286,140,985.000000 cycles (0.494670 sec @ 2,600.000000 MHz)
C clock(): 1,223,311,266.666667 cycles (0.470504 sec @ 2,600.000000 MHz)
C gettimeofday(): 0.472372 sec

PERF cycles: 1,219,752,698
FLOPS count scalar double: 33,668,980
FLOPS count 128 packed double: 8,386,560 (multiply by 2 to get scalar operations)
FLOPS count 256 packed double: 75,491,328 (multiply by 4 to get scalar operations)
Performance (PERF) = 0.288917 dflops/cycle (only counting add, mul, sub)
Performance (RDTSC) = 0.274004 dflops/cycle (only counting add, mul, sub)
Got ovalue: data/timings/20210606_074421/bubbleselect.csv


======================            
OUTPUT_LOG from new performance run:            
======================
Running test at time Sun Jun  6 07:48:16 AM CEST 2021
======================          
Measurement for data/perf_data_d4_7.csv          
======================
Compiled with
- Compiler ID:		 Clang
- Compiler version:	 11.1.0
- Compiler flags:	 -O3 -march=native

DATASET path: data/perf_data_d4_7.csv

RDTSC: 1,380,119,967.000000 cycles (0.530815 sec @ 2,600.000000 MHz)
C clock(): 1,309,943,266.666667 cycles (0.503824 sec @ 2,600.000000 MHz)
C gettimeofday(): 0.505683 sec

PERF cycles: 1,312,013,304
FLOPS count scalar double: 33,668,994
FLOPS count 128 packed double: 8,386,560 (multiply by 2 to get scalar operations)
FLOPS count 256 packed double: 75,491,328 (multiply by 4 to get scalar operations)
Performance (PERF) = 0.268600 dflops/cycle (only counting add, mul, sub)
Performance (RDTSC) = 0.255346 dflops/cycle (only counting add, mul, sub)
Got ovalue: data/timings/20210606_074421/bubbleselect.csv


