Running test at time Sun Jun  6 07:48:53 AM CEST 2021
======================          
Measurement for data/perf_data_d4_7.csv          
======================
Compiled with
- Compiler ID:		 Clang
- Compiler version:	 11.1.0
- Compiler flags:	 -O3 -march=native

DATASET path: data/perf_data_d4_7.csv

RDTSC: 665,460,139.000000 cycles (0.255946 sec @ 2,600.000000 MHz)
C clock(): 650,976,733.333333 cycles (0.250376 sec @ 2,600.000000 MHz)
C gettimeofday(): 0.243667 sec

PERF cycles: 625,683,051
FLOPS count scalar double: 33,765,113
FLOPS count 128 packed double: 8,386,560 (multiply by 2 to get scalar operations)
FLOPS count 256 packed double: 75,491,328 (multiply by 4 to get scalar operations)
Performance (PERF) = 0.563390 dflops/cycle (only counting add, mul, sub)
Performance (RDTSC) = 0.529714 dflops/cycle (only counting add, mul, sub)
Got ovalue: data/timings/20210606_074421/quickselect_vectorized.csv


======================            
OUTPUT_LOG from new performance run:            
======================
Running test at time Sun Jun  6 07:48:58 AM CEST 2021
======================          
Measurement for data/perf_data_d4_7.csv          
======================
Compiled with
- Compiler ID:		 Clang
- Compiler version:	 11.1.0
- Compiler flags:	 -O3 -march=native

DATASET path: data/perf_data_d4_7.csv

RDTSC: 706,334,394.000000 cycles (0.271667 sec @ 2,600.000000 MHz)
C clock(): 689,317,200.000000 cycles (0.265122 sec @ 2,600.000000 MHz)
C gettimeofday(): 0.257435 sec

PERF cycles: 675,432,262
FLOPS count scalar double: 33,729,468
FLOPS count 128 packed double: 8,386,560 (multiply by 2 to get scalar operations)
FLOPS count 256 packed double: 75,491,328 (multiply by 4 to get scalar operations)
Performance (PERF) = 0.521840 dflops/cycle (only counting add, mul, sub)
Performance (RDTSC) = 0.499010 dflops/cycle (only counting add, mul, sub)
Got ovalue: data/timings/20210606_074421/quickselect_vectorized.csv


======================            
OUTPUT_LOG from new performance run:            
======================
Running test at time Sun Jun  6 07:49:03 AM CEST 2021
======================          
Measurement for data/perf_data_d4_7.csv          
======================
Compiled with
- Compiler ID:		 Clang
- Compiler version:	 11.1.0
- Compiler flags:	 -O3 -march=native

DATASET path: data/perf_data_d4_7.csv

RDTSC: 773,507,383.000000 cycles (0.297503 sec @ 2,600.000000 MHz)
C clock(): 727,784,200.000000 cycles (0.279917 sec @ 2,600.000000 MHz)
C gettimeofday(): 0.281087 sec

PERF cycles: 730,149,440
FLOPS count scalar double: 33,667,337
FLOPS count 128 packed double: 8,386,560 (multiply by 2 to get scalar operations)
FLOPS count 256 packed double: 75,491,328 (multiply by 4 to get scalar operations)
Performance (PERF) = 0.482649 dflops/cycle (only counting add, mul, sub)
Performance (RDTSC) = 0.455595 dflops/cycle (only counting add, mul, sub)
Got ovalue: data/timings/20210606_074421/quickselect_vectorized.csv


======================            
OUTPUT_LOG from new performance run:            
======================
Running test at time Sun Jun  6 07:49:09 AM CEST 2021
======================          
Measurement for data/perf_data_d4_7.csv          
======================
Compiled with
- Compiler ID:		 Clang
- Compiler version:	 11.1.0
- Compiler flags:	 -O3 -march=native

DATASET path: data/perf_data_d4_7.csv

RDTSC: 835,728,319.000000 cycles (0.321434 sec @ 2,600.000000 MHz)
C clock(): 756,124,200.000000 cycles (0.290817 sec @ 2,600.000000 MHz)
C gettimeofday(): 0.296204 sec

PERF cycles: 747,437,291
FLOPS count scalar double: 33,652,021
FLOPS count 128 packed double: 8,386,560 (multiply by 2 to get scalar operations)
FLOPS count 256 packed double: 75,491,328 (multiply by 4 to get scalar operations)
Performance (PERF) = 0.471465 dflops/cycle (only counting add, mul, sub)
Performance (RDTSC) = 0.421657 dflops/cycle (only counting add, mul, sub)
Got ovalue: data/timings/20210606_074421/quickselect_vectorized.csv


======================            
OUTPUT_LOG from new performance run:            
======================
Running test at time Sun Jun  6 07:49:15 AM CEST 2021
======================          
Measurement for data/perf_data_d4_7.csv          
======================
Compiled with
- Compiler ID:		 Clang
- Compiler version:	 11.1.0
- Compiler flags:	 -O3 -march=native

DATASET path: data/perf_data_d4_7.csv

RDTSC: 818,020,842.000000 cycles (0.314623 sec @ 2,600.000000 MHz)
C clock(): 760,624,800.000000 cycles (0.292548 sec @ 2,600.000000 MHz)
C gettimeofday(): 0.291983 sec

PERF cycles: 753,433,672
FLOPS count scalar double: 33,653,912
FLOPS count 128 packed double: 8,386,560 (multiply by 2 to get scalar operations)
FLOPS count 256 packed double: 75,491,328 (multiply by 4 to get scalar operations)
Performance (PERF) = 0.467715 dflops/cycle (only counting add, mul, sub)
Performance (RDTSC) = 0.430787 dflops/cycle (only counting add, mul, sub)
Got ovalue: data/timings/20210606_074421/quickselect_vectorized.csv


======================            
OUTPUT_LOG from new performance run:            
======================
Running test at time Sun Jun  6 07:49:21 AM CEST 2021
======================          
Measurement for data/perf_data_d4_7.csv          
======================
Compiled with
- Compiler ID:		 Clang
- Compiler version:	 11.1.0
- Compiler flags:	 -O3 -march=native

DATASET path: data/perf_data_d4_7.csv

RDTSC: 835,640,377.000000 cycles (0.321400 sec @ 2,600.000000 MHz)
C clock(): 773,841,466.666667 cycles (0.297631 sec @ 2,600.000000 MHz)
C gettimeofday(): 0.297834 sec

PERF cycles: 766,938,356
FLOPS count scalar double: 33,659,969
FLOPS count 128 packed double: 8,386,560 (multiply by 2 to get scalar operations)
FLOPS count 256 packed double: 75,491,328 (multiply by 4 to get scalar operations)
Performance (PERF) = 0.459487 dflops/cycle (only counting add, mul, sub)
Performance (RDTSC) = 0.421711 dflops/cycle (only counting add, mul, sub)
Got ovalue: data/timings/20210606_074421/quickselect_vectorized.csv


======================            
OUTPUT_LOG from new performance run:            
======================
Running test at time Sun Jun  6 07:49:27 AM CEST 2021
======================          
Measurement for data/perf_data_d4_7.csv          
======================
Compiled with
- Compiler ID:		 Clang
- Compiler version:	 11.1.0
- Compiler flags:	 -O3 -march=native

DATASET path: data/perf_data_d4_7.csv

RDTSC: 820,385,310.000000 cycles (0.315533 sec @ 2,600.000000 MHz)
C clock(): 768,160,466.666667 cycles (0.295446 sec @ 2,600.000000 MHz)
C gettimeofday(): 0.295223 sec

PERF cycles: 763,298,885
FLOPS count scalar double: 33,659,860
FLOPS count 128 packed double: 8,386,560 (multiply by 2 to get scalar operations)
FLOPS count 256 packed double: 75,491,328 (multiply by 4 to get scalar operations)
Performance (PERF) = 0.461678 dflops/cycle (only counting add, mul, sub)
Performance (RDTSC) = 0.429552 dflops/cycle (only counting add, mul, sub)
Got ovalue: data/timings/20210606_074421/quickselect_vectorized.csv


======================            
OUTPUT_LOG from new performance run:            
======================
Running test at time Sun Jun  6 07:49:33 AM CEST 2021
======================          
Measurement for data/perf_data_d4_7.csv          
======================
Compiled with
- Compiler ID:		 Clang
- Compiler version:	 11.1.0
- Compiler flags:	 -O3 -march=native

DATASET path: data/perf_data_d4_7.csv

RDTSC: 824,132,181.000000 cycles (0.316974 sec @ 2,600.000000 MHz)
C clock(): 759,511,133.333333 cycles (0.292120 sec @ 2,600.000000 MHz)
C gettimeofday(): 0.294187 sec

PERF cycles: 761,789,264
FLOPS count scalar double: 33,668,993
FLOPS count 128 packed double: 8,386,560 (multiply by 2 to get scalar operations)
FLOPS count 256 packed double: 75,491,328 (multiply by 4 to get scalar operations)
Performance (PERF) = 0.462605 dflops/cycle (only counting add, mul, sub)
Performance (RDTSC) = 0.427610 dflops/cycle (only counting add, mul, sub)
Got ovalue: data/timings/20210606_074421/quickselect_vectorized.csv


======================            
OUTPUT_LOG from new performance run:            
======================
Running test at time Sun Jun  6 07:49:39 AM CEST 2021
======================          
Measurement for data/perf_data_d4_7.csv          
======================
Compiled with
- Compiler ID:		 Clang
- Compiler version:	 11.1.0
- Compiler flags:	 -O3 -march=native

DATASET path: data/perf_data_d4_7.csv

RDTSC: 827,104,909.000000 cycles (0.318117 sec @ 2,600.000000 MHz)
C clock(): 761,843,333.333333 cycles (0.293017 sec @ 2,600.000000 MHz)
C gettimeofday(): 0.296439 sec

PERF cycles: 758,485,194
FLOPS count scalar double: 33,668,973
FLOPS count 128 packed double: 8,386,560 (multiply by 2 to get scalar operations)
FLOPS count 256 packed double: 75,491,328 (multiply by 4 to get scalar operations)
Performance (PERF) = 0.464620 dflops/cycle (only counting add, mul, sub)
Performance (RDTSC) = 0.426073 dflops/cycle (only counting add, mul, sub)
Got ovalue: data/timings/20210606_074421/quickselect_vectorized.csv


======================            
OUTPUT_LOG from new performance run:            
======================
Running test at time Sun Jun  6 07:49:45 AM CEST 2021
======================          
Measurement for data/perf_data_d4_7.csv          
======================
Compiled with
- Compiler ID:		 Clang
- Compiler version:	 11.1.0
- Compiler flags:	 -O3 -march=native

DATASET path: data/perf_data_d4_7.csv

RDTSC: 814,052,286.000000 cycles (0.313097 sec @ 2,600.000000 MHz)
C clock(): 765,388,000.000000 cycles (0.294380 sec @ 2,600.000000 MHz)
C gettimeofday(): 0.296062 sec

PERF cycles: 760,393,661
FLOPS count scalar double: 33,668,980
FLOPS count 128 packed double: 8,386,560 (multiply by 2 to get scalar operations)
FLOPS count 256 packed double: 75,491,328 (multiply by 4 to get scalar operations)
Performance (PERF) = 0.463454 dflops/cycle (only counting add, mul, sub)
Performance (RDTSC) = 0.432905 dflops/cycle (only counting add, mul, sub)
Got ovalue: data/timings/20210606_074421/quickselect_vectorized.csv


======================            
OUTPUT_LOG from new performance run:            
======================
Running test at time Sun Jun  6 07:49:51 AM CEST 2021
======================          
Measurement for data/perf_data_d4_7.csv          
======================
Compiled with
- Compiler ID:		 Clang
- Compiler version:	 11.1.0
- Compiler flags:	 -O3 -march=native

DATASET path: data/perf_data_d4_7.csv

RDTSC: 815,839,677.000000 cycles (0.313784 sec @ 2,600.000000 MHz)
C clock(): 766,393,333.333333 cycles (0.294767 sec @ 2,600.000000 MHz)
C gettimeofday(): 0.293556 sec

PERF cycles: 771,606,878
FLOPS count scalar double: 33,668,994
FLOPS count 128 packed double: 8,386,560 (multiply by 2 to get scalar operations)
FLOPS count 256 packed double: 75,491,328 (multiply by 4 to get scalar operations)
Performance (PERF) = 0.456719 dflops/cycle (only counting add, mul, sub)
Performance (RDTSC) = 0.431957 dflops/cycle (only counting add, mul, sub)
Got ovalue: data/timings/20210606_074421/quickselect_vectorized.csv


