Running Cache analysis for reference implementation

==887298== Cachegrind, a cache and branch-prediction profiler
==887298== Copyright (C) 2002-2017, and GNU GPL'd, by Nicholas Nethercote et al.
==887298== Using Valgrind-3.15.0 and LibVEX; rerun with -h for copyright info
==887298== Command: ./references/hdbscan-cpp/main -i data/perf_data_d64_10.csv
==887298== 
--887298-- warning: L3 cache found, using its data for the LL simulation.
==887298== brk segment overflow in thread #1: can't grow to 0x4847000
==887298== (see section Limitations in user manual)
==887298== NOTE: further instances of this message will not be shown
==887298== 
==887298== I   refs:      85,676,065,474
==887298== I1  misses:             4,192
==887298== LLi misses:             3,187
==887298== I1  miss rate:           0.00%
==887298== LLi miss rate:           0.00%
==887298== 
==887298== D   refs:      31,573,315,438  (22,184,924,660 rd   + 9,388,390,778 wr)
==887298== D1  misses:       967,187,440  (   847,505,107 rd   +   119,682,333 wr)
==887298== LLd misses:       182,840,718  (    75,901,218 rd   +   106,939,500 wr)
==887298== D1  miss rate:            3.1% (           3.8%     +           1.3%  )
==887298== LLd miss rate:            0.6% (           0.3%     +           1.1%  )
==887298== 
==887298== LL refs:          967,191,632  (   847,509,299 rd   +   119,682,333 wr)
==887298== LL misses:        182,843,905  (    75,904,405 rd   +   106,939,500 wr)
==887298== LL miss rate:             0.2% (           0.1%     +           1.1%  )

////////////////////////////////////////////////////////////////////////////////////

