Running Cache analysis for hdbscan_basic

==319146== Cachegrind, a cache and branch-prediction profiler
==319146== Copyright (C) 2002-2017, and GNU GPL'd, by Nicholas Nethercote et al.
==319146== Using Valgrind-3.17.0 and LibVEX; rerun with -h for copyright info
==319146== Command: ./build/bin/hdbscan_basic data/perf_data_d4_12.csv
==319146== 
--319146-- warning: L3 cache found, using its data for the LL simulation.
==319146== brk segment overflow in thread #1: can't grow to 0x4838000
==319146== (see section Limitations in user manual)
==319146== NOTE: further instances of this message will not be shown
==319146== 
==319146== I   refs:      21,308,551,471
==319146== I1  misses:             2,597
==319146== LLi misses:             2,411
==319146== I1  miss rate:           0.00%
==319146== LLi miss rate:           0.00%
==319146== 
==319146== D   refs:       6,060,325,777  (5,114,506,228 rd   + 945,819,549 wr)
==319146== D1  misses:       346,251,816  (  294,909,199 rd   +  51,342,617 wr)
==319146== LLd misses:        74,519,749  (   48,603,574 rd   +  25,916,175 wr)
==319146== D1  miss rate:            5.7% (          5.8%     +         5.4%  )
==319146== LLd miss rate:            1.2% (          1.0%     +         2.7%  )
==319146== 
==319146== LL refs:          346,254,413  (  294,911,796 rd   +  51,342,617 wr)
==319146== LL misses:         74,522,160  (   48,605,985 rd   +  25,916,175 wr)
==319146== LL miss rate:             0.3% (          0.2%     +         2.7%  )

////////////////////////////////////////////////////////////////////////////////////

Running Cache analysis for hdbscan_basic_distvec

==319707== Cachegrind, a cache and branch-prediction profiler
==319707== Copyright (C) 2002-2017, and GNU GPL'd, by Nicholas Nethercote et al.
==319707== Using Valgrind-3.17.0 and LibVEX; rerun with -h for copyright info
==319707== Command: ./build/bin/hdbscan_basic_distvec data/perf_data_d4_12.csv
==319707== 
--319707-- warning: L3 cache found, using its data for the LL simulation.
==319707== brk segment overflow in thread #1: can't grow to 0x4843000
==319707== (see section Limitations in user manual)
==319707== NOTE: further instances of this message will not be shown
==319707== 
==319707== I   refs:      21,428,995,055
==319707== I1  misses:             3,389
==319707== LLi misses:             2,410
==319707== I1  miss rate:           0.00%
==319707== LLi miss rate:           0.00%
==319707== 
==319707== D   refs:       5,016,526,804  (4,424,987,276 rd   + 591,539,528 wr)
==319707== D1  misses:       322,777,901  (  270,474,477 rd   +  52,303,424 wr)
==319707== LLd misses:        74,641,197  (   48,659,853 rd   +  25,981,344 wr)
==319707== D1  miss rate:            6.4% (          6.1%     +         8.8%  )
==319707== LLd miss rate:            1.5% (          1.1%     +         4.4%  )
==319707== 
==319707== LL refs:          322,781,290  (  270,477,866 rd   +  52,303,424 wr)
==319707== LL misses:         74,643,607  (   48,662,263 rd   +  25,981,344 wr)
==319707== LL miss rate:             0.3% (          0.2%     +         4.4%  )

////////////////////////////////////////////////////////////////////////////////////

Running Cache analysis for hdbscan_basic_distvec_quickvec

==320654== Cachegrind, a cache and branch-prediction profiler
==320654== Copyright (C) 2002-2017, and GNU GPL'd, by Nicholas Nethercote et al.
==320654== Using Valgrind-3.17.0 and LibVEX; rerun with -h for copyright info
==320654== Command: ./build/bin/hdbscan_basic_distvec_quickvec data/perf_data_d4_12.csv
==320654== 
--320654-- warning: L3 cache found, using its data for the LL simulation.
==320654== brk segment overflow in thread #1: can't grow to 0x4843000
==320654== (see section Limitations in user manual)
==320654== NOTE: further instances of this message will not be shown
==320654== 
==320654== I   refs:      21,428,995,080
==320654== I1  misses:             3,400
==320654== LLi misses:             2,418
==320654== I1  miss rate:           0.00%
==320654== LLi miss rate:           0.00%
==320654== 
==320654== D   refs:       5,016,526,805  (4,424,987,277 rd   + 591,539,528 wr)
==320654== D1  misses:       322,656,231  (  270,352,509 rd   +  52,303,722 wr)
==320654== LLd misses:        74,641,249  (   48,659,886 rd   +  25,981,363 wr)
==320654== D1  miss rate:            6.4% (          6.1%     +         8.8%  )
==320654== LLd miss rate:            1.5% (          1.1%     +         4.4%  )
==320654== 
==320654== LL refs:          322,659,631  (  270,355,909 rd   +  52,303,722 wr)
==320654== LL misses:         74,643,667  (   48,662,304 rd   +  25,981,363 wr)
==320654== LL miss rate:             0.3% (          0.2%     +         4.4%  )

////////////////////////////////////////////////////////////////////////////////////

Running Cache analysis for hdbscan_basic_distvec_quickvec_primvec

==321550== Cachegrind, a cache and branch-prediction profiler
==321550== Copyright (C) 2002-2017, and GNU GPL'd, by Nicholas Nethercote et al.
==321550== Using Valgrind-3.17.0 and LibVEX; rerun with -h for copyright info
==321550== Command: ./build/bin/hdbscan_basic_distvec_quickvec_primvec data/perf_data_d4_12.csv
==321550== 
--321550-- warning: L3 cache found, using its data for the LL simulation.
==321550== brk segment overflow in thread #1: can't grow to 0x4843000
==321550== (see section Limitations in user manual)
==321550== NOTE: further instances of this message will not be shown
==321550== 
==321550== I   refs:      20,825,066,717
==321550== I1  misses:             3,391
==321550== LLi misses:             2,413
==321550== I1  miss rate:           0.00%
==321550== LLi miss rate:           0.00%
==321550== 
==321550== D   refs:       4,899,272,140  (4,206,575,920 rd   + 692,696,220 wr)
==321550== D1  misses:       401,752,435  (  349,826,511 rd   +  51,925,924 wr)
==321550== LLd misses:        77,396,046  (   51,499,283 rd   +  25,896,763 wr)
==321550== D1  miss rate:            8.2% (          8.3%     +         7.5%  )
==321550== LLd miss rate:            1.6% (          1.2%     +         3.7%  )
==321550== 
==321550== LL refs:          401,755,826  (  349,829,902 rd   +  51,925,924 wr)
==321550== LL misses:         77,398,459  (   51,501,696 rd   +  25,896,763 wr)
==321550== LL miss rate:             0.3% (          0.2%     +         3.7%  )

////////////////////////////////////////////////////////////////////////////////////

