Running Cache analysis for hdbscan_basic_blocked

==356557== Cachegrind, a cache and branch-prediction profiler
==356557== Copyright (C) 2002-2017, and GNU GPL'd, by Nicholas Nethercote et al.
==356557== Using Valgrind-3.17.0 and LibVEX; rerun with -h for copyright info
==356557== Command: ./build/bin/hdbscan_basic_blocked data/perf_data_d20_12.csv
==356557== 
--356557-- warning: L3 cache found, using its data for the LL simulation.
==356557== 
==356557== I   refs:      36,105,607,739
==356557== I1  misses:             5,519
==356557== LLi misses:             2,460
==356557== I1  miss rate:           0.00%
==356557== LLi miss rate:           0.00%
==356557== 
==356557== D   refs:      12,522,506,527  (11,304,221,519 rd   + 1,218,285,008 wr)
==356557== D1  misses:       254,603,964  (   228,422,110 rd   +    26,181,854 wr)
==356557== LLd misses:       106,471,887  (    80,633,990 rd   +    25,837,897 wr)
==356557== D1  miss rate:            2.0% (           2.0%     +           2.1%  )
==356557== LLd miss rate:            0.9% (           0.7%     +           2.1%  )
==356557== 
==356557== LL refs:          254,609,483  (   228,427,629 rd   +    26,181,854 wr)
==356557== LL misses:        106,474,347  (    80,636,450 rd   +    25,837,897 wr)
==356557== LL miss rate:             0.2% (           0.2%     +           2.1%  )

////////////////////////////////////////////////////////////////////////////////////

Running Cache analysis for hdbscan_basic_triang

==357545== Cachegrind, a cache and branch-prediction profiler
==357545== Copyright (C) 2002-2017, and GNU GPL'd, by Nicholas Nethercote et al.
==357545== Using Valgrind-3.17.0 and LibVEX; rerun with -h for copyright info
==357545== Command: ./build/bin/hdbscan_basic_triang data/perf_data_d20_12.csv
==357545== 
--357545-- warning: L3 cache found, using its data for the LL simulation.
==357545== 
==357545== I   refs:      27,862,254,459
==357545== I1  misses:             5,473
==357545== LLi misses:             2,415
==357545== I1  miss rate:           0.00%
==357545== LLi miss rate:           0.00%
==357545== 
==357545== D   refs:       8,591,777,743  (7,626,965,346 rd   + 964,812,397 wr)
==357545== D1  misses:       617,975,919  (  579,607,169 rd   +  38,368,750 wr)
==357545== LLd misses:       101,497,736  (   88,495,926 rd   +  13,001,810 wr)
==357545== D1  miss rate:            7.2% (          7.6%     +         4.0%  )
==357545== LLd miss rate:            1.2% (          1.2%     +         1.3%  )
==357545== 
==357545== LL refs:          617,981,392  (  579,612,642 rd   +  38,368,750 wr)
==357545== LL misses:        101,500,151  (   88,498,341 rd   +  13,001,810 wr)
==357545== LL miss rate:             0.3% (          0.2%     +         1.3%  )

////////////////////////////////////////////////////////////////////////////////////

