Running test at time Tue Jun 22 04:25:08 AM CEST 2021
======================          
Measurement for data/perf_data_d2_7.csv          
======================
Compiled with
- Compiler ID:		 Clang
- Compiler version:	 11.1.0
- Compiler flags:	 -O3 -march=native

DATASET path: data/perf_data_d2_7.csv

RDTSC: 908,387,011.000000 cycles (0.349380 sec @ 2,600.000000 MHz)
C clock(): 869,317,800.000000 cycles (0.334353 sec @ 2,600.000000 MHz)
C gettimeofday(): 0.335000 sec

PERF cycles: 863,505,528
FLOPS count scalar double: 193,213,189
FLOPS count 128 packed double: 16,773,120 (multiply by 2 to get scalar operations)
FLOPS count 256 packed double: 25,159,680 (multiply by 4 to get scalar operations)
Performance (PERF) = 0.379150 dflops/cycle (only counting add, mul, sub)
Performance (RDTSC) = 0.360417 dflops/cycle (only counting add, mul, sub)
Got ovalue: data/timings/20210621_234009/advprim_distvec_quickvec_dims.csv


======================            
OUTPUT_LOG from new performance run:            
======================
Running test at time Tue Jun 22 04:25:16 AM CEST 2021
======================          
Measurement for data/perf_data_d4_7.csv          
======================
Compiled with
- Compiler ID:		 Clang
- Compiler version:	 11.1.0
- Compiler flags:	 -O3 -march=native

DATASET path: data/perf_data_d4_7.csv

RDTSC: 1,062,588,180.000000 cycles (0.408688 sec @ 2,600.000000 MHz)
C clock(): 1,010,576,666.666667 cycles (0.388683 sec @ 2,600.000000 MHz)
C gettimeofday(): 0.390833 sec

PERF cycles: 1,005,037,932
FLOPS count scalar double: 344,037,088
FLOPS count 128 packed double: 16,773,120 (multiply by 2 to get scalar operations)
FLOPS count 256 packed double: 25,159,680 (multiply by 4 to get scalar operations)
Performance (PERF) = 0.475825 dflops/cycle (only counting add, mul, sub)
Performance (RDTSC) = 0.450054 dflops/cycle (only counting add, mul, sub)
Got ovalue: data/timings/20210621_234009/advprim_distvec_quickvec_dims.csv


======================            
OUTPUT_LOG from new performance run:            
======================
Running test at time Tue Jun 22 04:25:26 AM CEST 2021
======================          
Measurement for data/perf_data_d8_7.csv          
======================
Compiled with
- Compiler ID:		 Clang
- Compiler version:	 11.1.0
- Compiler flags:	 -O3 -march=native

DATASET path: data/perf_data_d8_7.csv

RDTSC: 1,195,088,668.000000 cycles (0.459649 sec @ 2,600.000000 MHz)
C clock(): 1,131,578,066.666667 cycles (0.435222 sec @ 2,600.000000 MHz)
C gettimeofday(): 0.439265 sec

PERF cycles: 1,121,743,018
FLOPS count scalar double: 645,985,322
FLOPS count 128 packed double: 16,773,120 (multiply by 2 to get scalar operations)
FLOPS count 256 packed double: 25,159,680 (multiply by 4 to get scalar operations)
Performance (PERF) = 0.695498 dflops/cycle (only counting add, mul, sub)
Performance (RDTSC) = 0.652814 dflops/cycle (only counting add, mul, sub)
Got ovalue: data/timings/20210621_234009/advprim_distvec_quickvec_dims.csv


======================            
OUTPUT_LOG from new performance run:            
======================
Running test at time Tue Jun 22 04:25:37 AM CEST 2021
======================          
Measurement for data/perf_data_d16_7.csv          
======================
Compiled with
- Compiler ID:		 Clang
- Compiler version:	 11.1.0
- Compiler flags:	 -O3 -march=native

DATASET path: data/perf_data_d16_7.csv

RDTSC: 1,115,460,946.000000 cycles (0.429023 sec @ 2,600.000000 MHz)
C clock(): 1,064,817,866.666667 cycles (0.409545 sec @ 2,600.000000 MHz)
C gettimeofday(): 0.410440 sec

PERF cycles: 1,065,879,931
FLOPS count scalar double: 42,052,062
FLOPS count 128 packed double: 50,327,552 (multiply by 2 to get scalar operations)
FLOPS count 256 packed double: 377,456,640 (multiply by 4 to get scalar operations)
Performance (PERF) = 1.550394 dflops/cycle (only counting add, mul, sub)
Performance (RDTSC) = 1.481481 dflops/cycle (only counting add, mul, sub)
Got ovalue: data/timings/20210621_234009/advprim_distvec_quickvec_dims.csv


======================            
OUTPUT_LOG from new performance run:            
======================
Running test at time Tue Jun 22 04:25:49 AM CEST 2021
======================          
Measurement for data/perf_data_d32_7.csv          
======================
Compiled with
- Compiler ID:		 Clang
- Compiler version:	 11.1.0
- Compiler flags:	 -O3 -march=native

DATASET path: data/perf_data_d32_7.csv

RDTSC: 1,449,573,565.000000 cycles (0.557528 sec @ 2,600.000000 MHz)
C clock(): 1,384,553,733.333333 cycles (0.532521 sec @ 2,600.000000 MHz)
C gettimeofday(): 0.538630 sec

PERF cycles: 1,378,189,181
FLOPS count scalar double: 42,054,353
FLOPS count 128 packed double: 50,327,552 (multiply by 2 to get scalar operations)
FLOPS count 256 packed double: 679,421,952 (multiply by 4 to get scalar operations)
Performance (PERF) = 2.075475 dflops/cycle (only counting add, mul, sub)
Performance (RDTSC) = 1.973268 dflops/cycle (only counting add, mul, sub)
Got ovalue: data/timings/20210621_234009/advprim_distvec_quickvec_dims.csv


======================            
OUTPUT_LOG from new performance run:            
======================
Running test at time Tue Jun 22 04:26:05 AM CEST 2021
======================          
Measurement for data/perf_data_d64_7.csv          
======================
Compiled with
- Compiler ID:		 Clang
- Compiler version:	 11.1.0
- Compiler flags:	 -O3 -march=native

DATASET path: data/perf_data_d64_7.csv

RDTSC: 2,341,013,581.000000 cycles (0.900390 sec @ 2,600.000000 MHz)
C clock(): 2,254,231,200.000000 cycles (0.867012 sec @ 2,600.000000 MHz)
C gettimeofday(): 0.866587 sec

PERF cycles: 2,237,101,810
FLOPS count scalar double: 42,057,169
FLOPS count 128 packed double: 50,327,552 (multiply by 2 to get scalar operations)
FLOPS count 256 packed double: 1,283,352,576 (multiply by 4 to get scalar operations)
Performance (PERF) = 2.358463 dflops/cycle (only counting add, mul, sub)
Performance (RDTSC) = 2.253777 dflops/cycle (only counting add, mul, sub)
Got ovalue: data/timings/20210621_234009/advprim_distvec_quickvec_dims.csv


======================            
OUTPUT_LOG from new performance run:            
======================
Running test at time Tue Jun 22 04:26:32 AM CEST 2021
======================          
Measurement for data/perf_data_d128_7.csv          
======================
Compiled with
- Compiler ID:		 Clang
- Compiler version:	 11.1.0
- Compiler flags:	 -O3 -march=native

DATASET path: data/perf_data_d128_7.csv

RDTSC: 4,966,419,089.000000 cycles (1.910161 sec @ 2,600.000000 MHz)
C clock(): 4,739,687,333.333334 cycles (1.822957 sec @ 2,600.000000 MHz)
C gettimeofday(): 1.832477 sec

PERF cycles: 4,755,073,666
FLOPS count scalar double: 42,057,172
FLOPS count 128 packed double: 50,327,552 (multiply by 2 to get scalar operations)
FLOPS count 256 packed double: 2,491,213,824 (multiply by 4 to get scalar operations)
Performance (PERF) = 2.125638 dflops/cycle (only counting add, mul, sub)
Performance (RDTSC) = 2.035182 dflops/cycle (only counting add, mul, sub)
Got ovalue: data/timings/20210621_234009/advprim_distvec_quickvec_dims.csv


======================            
OUTPUT_LOG from new performance run:            
======================
Running test at time Tue Jun 22 04:27:27 AM CEST 2021
======================          
Measurement for data/perf_data_d256_7.csv          
======================
Compiled with
- Compiler ID:		 Clang
- Compiler version:	 11.1.0
- Compiler flags:	 -O3 -march=native

DATASET path: data/perf_data_d256_7.csv

RDTSC: 10,443,252,239.000000 cycles (4.016635 sec @ 2,600.000000 MHz)
C clock(): 9,903,235,333.333332 cycles (3.808937 sec @ 2,600.000000 MHz)
C gettimeofday(): 3.813419 sec

PERF cycles: 9,873,886,320
FLOPS count scalar double: 42,079,108
FLOPS count 128 packed double: 50,327,552 (multiply by 2 to get scalar operations)
FLOPS count 256 packed double: 4,906,936,320 (multiply by 4 to get scalar operations)
Performance (PERF) = 2.002300 dflops/cycle (only counting add, mul, sub)
Performance (RDTSC) = 1.893134 dflops/cycle (only counting add, mul, sub)
Got ovalue: data/timings/20210621_234009/advprim_distvec_quickvec_dims.csv


