Running test at time Tue Jun 22 06:33:29 AM CEST 2021
======================              
Measurement for data/perf_data_d8_0.csv              
======================
Compiled with
- Compiler ID:		 Clang
- Compiler version:	 11.1.0
- Compiler flags:	 -O3 -march=native

DATASET path: data/perf_data_d8_0.csv

RDTSC: 63,619.000000 cycles (0.000024 sec @ 2,600.000000 MHz)
C clock(): 60,441.536458 cycles (0.000023 sec @ 2,600.000000 MHz)
C gettimeofday(): 0.000024 sec

PERF cycles: 75,095
FLOPS count scalar double: 26,020
FLOPS count 128 packed double: 0 (multiply by 2 to get scalar operations)
FLOPS count 256 packed double: 512 (multiply by 4 to get scalar operations)
Performance (PERF) = 0.373767 dflops/cycle (only counting add, mul, sub)
Performance (RDTSC) = 0.441189 dflops/cycle (only counting add, mul, sub)
Got ovalue: data/timings/20210621_234009/basic_best_blobs1.csv


======================              
Measurement for data/perf_data_d8_1.csv              
======================
Compiled with
- Compiler ID:		 Clang
- Compiler version:	 11.1.0
- Compiler flags:	 -O3 -march=native

DATASET path: data/perf_data_d8_1.csv

RDTSC: 260,475.000000 cycles (0.000100 sec @ 2,600.000000 MHz)
C clock(): 243,648.437500 cycles (0.000094 sec @ 2,600.000000 MHz)
C gettimeofday(): 0.000095 sec

PERF cycles: 326,145
FLOPS count scalar double: 103,503
FLOPS count 128 packed double: 0 (multiply by 2 to get scalar operations)
FLOPS count 256 packed double: 2,048 (multiply by 4 to get scalar operations)
Performance (PERF) = 0.342470 dflops/cycle (only counting add, mul, sub)
Performance (RDTSC) = 0.428813 dflops/cycle (only counting add, mul, sub)
Got ovalue: data/timings/20210621_234009/basic_best_blobs1.csv


======================              
Measurement for data/perf_data_d8_2.csv              
======================
Compiled with
- Compiler ID:		 Clang
- Compiler version:	 11.1.0
- Compiler flags:	 -O3 -march=native

DATASET path: data/perf_data_d8_2.csv

RDTSC: 894,682.000000 cycles (0.000344 sec @ 2,600.000000 MHz)
C clock(): 874,073.958333 cycles (0.000336 sec @ 2,600.000000 MHz)
C gettimeofday(): 0.000331 sec

PERF cycles: 861,907
FLOPS count scalar double: 412,024
FLOPS count 128 packed double: 0 (multiply by 2 to get scalar operations)
FLOPS count 256 packed double: 8,192 (multiply by 4 to get scalar operations)
Performance (PERF) = 0.516056 dflops/cycle (only counting add, mul, sub)
Performance (RDTSC) = 0.497151 dflops/cycle (only counting add, mul, sub)
Got ovalue: data/timings/20210621_234009/basic_best_blobs1.csv


======================              
Measurement for data/perf_data_d8_3.csv              
======================
Compiled with
- Compiler ID:		 Clang
- Compiler version:	 11.1.0
- Compiler flags:	 -O3 -march=native

DATASET path: data/perf_data_d8_3.csv

RDTSC: 3,162,033.000000 cycles (0.001216 sec @ 2,600.000000 MHz)
C clock(): 3,042,270.833333 cycles (0.001170 sec @ 2,600.000000 MHz)
C gettimeofday(): 0.001196 sec

PERF cycles: 3,236,032
FLOPS count scalar double: 1,643,670
FLOPS count 128 packed double: 0 (multiply by 2 to get scalar operations)
FLOPS count 256 packed double: 32,768 (multiply by 4 to get scalar operations)
Performance (PERF) = 0.548432 dflops/cycle (only counting add, mul, sub)
Performance (RDTSC) = 0.561266 dflops/cycle (only counting add, mul, sub)
Got ovalue: data/timings/20210621_234009/basic_best_blobs1.csv


======================              
Measurement for data/perf_data_d8_4.csv              
======================
Compiled with
- Compiler ID:		 Clang
- Compiler version:	 11.1.0
- Compiler flags:	 -O3 -march=native

DATASET path: data/perf_data_d8_4.csv

RDTSC: 11,853,904.000000 cycles (0.004559 sec @ 2,600.000000 MHz)
C clock(): 11,358,750.000000 cycles (0.004369 sec @ 2,600.000000 MHz)
C gettimeofday(): 0.004359 sec

PERF cycles: 10,957,484
FLOPS count scalar double: 6,566,739
FLOPS count 128 packed double: 0 (multiply by 2 to get scalar operations)
FLOPS count 256 packed double: 131,072 (multiply by 4 to get scalar operations)
Performance (PERF) = 0.647140 dflops/cycle (only counting add, mul, sub)
Performance (RDTSC) = 0.598202 dflops/cycle (only counting add, mul, sub)
Got ovalue: data/timings/20210621_234009/basic_best_blobs1.csv


======================              
Measurement for data/perf_data_d8_5.csv              
======================
Compiled with
- Compiler ID:		 Clang
- Compiler version:	 11.1.0
- Compiler flags:	 -O3 -march=native

DATASET path: data/perf_data_d8_5.csv

RDTSC: 46,899,485.000000 cycles (0.018038 sec @ 2,600.000000 MHz)
C clock(): 45,568,466.666667 cycles (0.017526 sec @ 2,600.000000 MHz)
C gettimeofday(): 0.017368 sec

PERF cycles: 44,655,322
FLOPS count scalar double: 26,246,589
FLOPS count 128 packed double: 0 (multiply by 2 to get scalar operations)
FLOPS count 256 packed double: 524,288 (multiply by 4 to get scalar operations)
Performance (PERF) = 0.634723 dflops/cycle (only counting add, mul, sub)
Performance (RDTSC) = 0.604351 dflops/cycle (only counting add, mul, sub)
Got ovalue: data/timings/20210621_234009/basic_best_blobs1.csv


======================              
Measurement for data/perf_data_d8_6.csv              
======================
Compiled with
- Compiler ID:		 Clang
- Compiler version:	 11.1.0
- Compiler flags:	 -O3 -march=native

DATASET path: data/perf_data_d8_6.csv

RDTSC: 241,997,394.000000 cycles (0.093076 sec @ 2,600.000000 MHz)
C clock(): 230,468,333.333333 cycles (0.088642 sec @ 2,600.000000 MHz)
C gettimeofday(): 0.088813 sec

PERF cycles: 190,555,436
FLOPS count scalar double: 104,946,832
FLOPS count 128 packed double: 0 (multiply by 2 to get scalar operations)
FLOPS count 256 packed double: 2,097,152 (multiply by 4 to get scalar operations)
Performance (PERF) = 0.594764 dflops/cycle (only counting add, mul, sub)
Performance (RDTSC) = 0.468333 dflops/cycle (only counting add, mul, sub)
Got ovalue: data/timings/20210621_234009/basic_best_blobs1.csv


======================              
Measurement for data/perf_data_d8_7.csv              
======================
Compiled with
- Compiler ID:		 Clang
- Compiler version:	 11.1.0
- Compiler flags:	 -O3 -march=native

DATASET path: data/perf_data_d8_7.csv

RDTSC: 964,838,004.000000 cycles (0.371092 sec @ 2,600.000000 MHz)
C clock(): 925,236,866.666667 cycles (0.355860 sec @ 2,600.000000 MHz)
C gettimeofday(): 0.355135 sec

PERF cycles: 757,974,110
FLOPS count scalar double: 419,681,679
FLOPS count 128 packed double: 0 (multiply by 2 to get scalar operations)
FLOPS count 256 packed double: 8,388,608 (multiply by 4 to get scalar operations)
Performance (PERF) = 0.597957 dflops/cycle (only counting add, mul, sub)
Performance (RDTSC) = 0.469754 dflops/cycle (only counting add, mul, sub)
Got ovalue: data/timings/20210621_234009/basic_best_blobs1.csv


======================              
Measurement for data/perf_data_d8_8.csv              
======================
Compiled with
- Compiler ID:		 Clang
- Compiler version:	 11.1.0
- Compiler flags:	 -O3 -march=native

DATASET path: data/perf_data_d8_8.csv

RDTSC: 2,158,185,806.000000 cycles (0.830071 sec @ 2,600.000000 MHz)
C clock(): 2,063,628,666.666667 cycles (0.793703 sec @ 2,600.000000 MHz)
C gettimeofday(): 0.797771 sec

PERF cycles: 1,705,305,226
FLOPS count scalar double: 944,124,938
FLOPS count 128 packed double: 0 (multiply by 2 to get scalar operations)
FLOPS count 256 packed double: 18,874,368 (multiply by 4 to get scalar operations)
Performance (PERF) = 0.597912 dflops/cycle (only counting add, mul, sub)
Performance (RDTSC) = 0.472444 dflops/cycle (only counting add, mul, sub)
Got ovalue: data/timings/20210621_234009/basic_best_blobs1.csv


======================              
Measurement for data/perf_data_d8_9.csv              
======================
Compiled with
- Compiler ID:		 Clang
- Compiler version:	 11.1.0
- Compiler flags:	 -O3 -march=native

DATASET path: data/perf_data_d8_9.csv

RDTSC: 3,859,808,128.000000 cycles (1.484542 sec @ 2,600.000000 MHz)
C clock(): 3,670,712,933.333333 cycles (1.411813 sec @ 2,600.000000 MHz)
C gettimeofday(): 1.410789 sec

PERF cycles: 3,054,532,066
FLOPS count scalar double: 1,678,459,388
FLOPS count 128 packed double: 0 (multiply by 2 to get scalar operations)
FLOPS count 256 packed double: 33,554,432 (multiply by 4 to get scalar operations)
Performance (PERF) = 0.593439 dflops/cycle (only counting add, mul, sub)
Performance (RDTSC) = 0.469629 dflops/cycle (only counting add, mul, sub)
Got ovalue: data/timings/20210621_234009/basic_best_blobs1.csv


======================              
Measurement for data/perf_data_d8_10.csv              
======================
Compiled with
- Compiler ID:		 Clang
- Compiler version:	 11.1.0
- Compiler flags:	 -O3 -march=native

DATASET path: data/perf_data_d8_10.csv

RDTSC: 6,046,137,277.000000 cycles (2.325437 sec @ 2,600.000000 MHz)
C clock(): 5,759,584,133.333333 cycles (2.215225 sec @ 2,600.000000 MHz)
C gettimeofday(): 2.229750 sec

PERF cycles: 4,772,651,582
FLOPS count scalar double: 2,622,469,666
FLOPS count 128 packed double: 0 (multiply by 2 to get scalar operations)
FLOPS count 256 packed double: 52,428,800 (multiply by 4 to get scalar operations)
Performance (PERF) = 0.593420 dflops/cycle (only counting add, mul, sub)
Performance (RDTSC) = 0.468429 dflops/cycle (only counting add, mul, sub)
Got ovalue: data/timings/20210621_234009/basic_best_blobs1.csv


======================              
Measurement for data/perf_data_d8_11.csv              
======================
Compiled with
- Compiler ID:		 Clang
- Compiler version:	 11.1.0
- Compiler flags:	 -O3 -march=native

DATASET path: data/perf_data_d8_11.csv

RDTSC: 8,739,209,276.000000 cycles (3.361234 sec @ 2,600.000000 MHz)
C clock(): 8,339,763,466.666667 cycles (3.207601 sec @ 2,600.000000 MHz)
C gettimeofday(): 3.218750 sec

PERF cycles: 6,915,195,143
FLOPS count scalar double: 3,776,343,925
FLOPS count 128 packed double: 0 (multiply by 2 to get scalar operations)
FLOPS count 256 packed double: 75,497,472 (multiply by 4 to get scalar operations)
Performance (PERF) = 0.589764 dflops/cycle (only counting add, mul, sub)
Performance (RDTSC) = 0.466671 dflops/cycle (only counting add, mul, sub)
Got ovalue: data/timings/20210621_234009/basic_best_blobs1.csv


======================              
Measurement for data/perf_data_d8_12.csv              
======================
Compiled with
- Compiler ID:		 Clang
- Compiler version:	 11.1.0
- Compiler flags:	 -O3 -march=native

DATASET path: data/perf_data_d8_12.csv

RDTSC: 11,967,165,074.000000 cycles (4.602756 sec @ 2,600.000000 MHz)
C clock(): 11,420,312,800.000000 cycles (4.392428 sec @ 2,600.000000 MHz)
C gettimeofday(): 4.413063 sec

PERF cycles: 9,476,370,353
FLOPS count scalar double: 5,139,953,998
FLOPS count 128 packed double: 0 (multiply by 2 to get scalar operations)
FLOPS count 256 packed double: 102,760,448 (multiply by 4 to get scalar operations)
Performance (PERF) = 0.585772 dflops/cycle (only counting add, mul, sub)
Performance (RDTSC) = 0.463852 dflops/cycle (only counting add, mul, sub)
Got ovalue: data/timings/20210621_234009/basic_best_blobs1.csv


