Running test at time Tue Jun 22 04:47:08 AM CEST 2021
======================              
Measurement for data/perf_data_d32_0.csv              
======================
Compiled with
- Compiler ID:		 Clang
- Compiler version:	 11.1.0
- Compiler flags:	 -O3 -march=native

DATASET path: data/perf_data_d32_0.csv

RDTSC: 86,713.000000 cycles (0.000033 sec @ 2,600.000000 MHz)
C clock(): 85,837.239583 cycles (0.000033 sec @ 2,600.000000 MHz)
C gettimeofday(): 0.000034 sec

PERF cycles: 92,143
FLOPS count scalar double: 3,149
FLOPS count 128 packed double: 3,040 (multiply by 2 to get scalar operations)
FLOPS count 256 packed double: 41,040 (multiply by 4 to get scalar operations)
Performance (PERF) = 1.881738 dflops/cycle (only counting add, mul, sub)
Performance (RDTSC) = 1.999573 dflops/cycle (only counting add, mul, sub)
Got ovalue: data/timings/20210621_234009/advprim_distvec_quickvec_dims32.csv


======================              
Measurement for data/perf_data_d32_1.csv              
======================
Compiled with
- Compiler ID:		 Clang
- Compiler version:	 11.1.0
- Compiler flags:	 -O3 -march=native

DATASET path: data/perf_data_d32_1.csv

RDTSC: 386,645.000000 cycles (0.000149 sec @ 2,600.000000 MHz)
C clock(): 378,300.000000 cycles (0.000146 sec @ 2,600.000000 MHz)
C gettimeofday(): 0.000143 sec

PERF cycles: 848,861
FLOPS count scalar double: 11,544
FLOPS count 128 packed double: 12,224 (multiply by 2 to get scalar operations)
FLOPS count 256 packed double: 165,024 (multiply by 4 to get scalar operations)
Performance (PERF) = 0.820026 dflops/cycle (only counting add, mul, sub)
Performance (RDTSC) = 1.800328 dflops/cycle (only counting add, mul, sub)
Got ovalue: data/timings/20210621_234009/advprim_distvec_quickvec_dims32.csv


======================              
Measurement for data/perf_data_d32_2.csv              
======================
Compiled with
- Compiler ID:		 Clang
- Compiler version:	 11.1.0
- Compiler flags:	 -O3 -march=native

DATASET path: data/perf_data_d32_2.csv

RDTSC: 1,446,022.000000 cycles (0.000556 sec @ 2,600.000000 MHz)
C clock(): 1,395,035.416667 cycles (0.000537 sec @ 2,600.000000 MHz)
C gettimeofday(): 0.000535 sec

PERF cycles: 1,357,086
FLOPS count scalar double: 43,811
FLOPS count 128 packed double: 49,024 (multiply by 2 to get scalar operations)
FLOPS count 256 packed double: 661,824 (multiply by 4 to get scalar operations)
Performance (PERF) = 2.055253 dflops/cycle (only counting add, mul, sub)
Performance (RDTSC) = 1.928847 dflops/cycle (only counting add, mul, sub)
Got ovalue: data/timings/20210621_234009/advprim_distvec_quickvec_dims32.csv


======================              
Measurement for data/perf_data_d32_3.csv              
======================
Compiled with
- Compiler ID:		 Clang
- Compiler version:	 11.1.0
- Compiler flags:	 -O3 -march=native

DATASET path: data/perf_data_d32_3.csv

RDTSC: 5,276,093.000000 cycles (0.002029 sec @ 2,600.000000 MHz)
C clock(): 5,008,250.000000 cycles (0.001926 sec @ 2,600.000000 MHz)
C gettimeofday(): 0.002046 sec

PERF cycles: 4,956,699
FLOPS count scalar double: 169,953
FLOPS count 128 packed double: 196,352 (multiply by 2 to get scalar operations)
FLOPS count 256 packed double: 2,650,752 (multiply by 4 to get scalar operations)
Performance (PERF) = 2.252641 dflops/cycle (only counting add, mul, sub)
Performance (RDTSC) = 2.116275 dflops/cycle (only counting add, mul, sub)
Got ovalue: data/timings/20210621_234009/advprim_distvec_quickvec_dims32.csv


======================              
Measurement for data/perf_data_d32_4.csv              
======================
Compiled with
- Compiler ID:		 Clang
- Compiler version:	 11.1.0
- Compiler flags:	 -O3 -march=native

DATASET path: data/perf_data_d32_4.csv

RDTSC: 20,643,291.000000 cycles (0.007940 sec @ 2,600.000000 MHz)
C clock(): 19,500,866.666667 cycles (0.007500 sec @ 2,600.000000 MHz)
C gettimeofday(): 0.007472 sec

PERF cycles: 20,785,071
FLOPS count scalar double: 669,036
FLOPS count 128 packed double: 785,920 (multiply by 2 to get scalar operations)
FLOPS count 256 packed double: 10,609,920 (multiply by 4 to get scalar operations)
Performance (PERF) = 2.149647 dflops/cycle (only counting add, mul, sub)
Performance (RDTSC) = 2.164411 dflops/cycle (only counting add, mul, sub)
Got ovalue: data/timings/20210621_234009/advprim_distvec_quickvec_dims32.csv


======================              
Measurement for data/perf_data_d32_5.csv              
======================
Compiled with
- Compiler ID:		 Clang
- Compiler version:	 11.1.0
- Compiler flags:	 -O3 -march=native

DATASET path: data/perf_data_d32_5.csv

RDTSC: 81,890,290.000000 cycles (0.031496 sec @ 2,600.000000 MHz)
C clock(): 78,083,200.000000 cycles (0.030032 sec @ 2,600.000000 MHz)
C gettimeofday(): 0.031359 sec

PERF cycles: 78,807,109
FLOPS count scalar double: 2,649,050
FLOPS count 128 packed double: 3,144,704 (multiply by 2 to get scalar operations)
FLOPS count 256 packed double: 42,453,504 (multiply by 4 to get scalar operations)
Performance (PERF) = 2.268228 dflops/cycle (only counting add, mul, sub)
Performance (RDTSC) = 2.182829 dflops/cycle (only counting add, mul, sub)
Got ovalue: data/timings/20210621_234009/advprim_distvec_quickvec_dims32.csv


======================              
Measurement for data/perf_data_d32_6.csv              
======================
Compiled with
- Compiler ID:		 Clang
- Compiler version:	 11.1.0
- Compiler flags:	 -O3 -march=native

DATASET path: data/perf_data_d32_6.csv

RDTSC: 343,912,953.000000 cycles (0.132274 sec @ 2,600.000000 MHz)
C clock(): 326,887,600.000000 cycles (0.125726 sec @ 2,600.000000 MHz)
C gettimeofday(): 0.126743 sec

PERF cycles: 329,978,965
FLOPS count scalar double: 10,541,073
FLOPS count 128 packed double: 12,580,864 (multiply by 2 to get scalar operations)
FLOPS count 256 packed double: 169,841,664 (multiply by 4 to get scalar operations)
Performance (PERF) = 2.167015 dflops/cycle (only counting add, mul, sub)
Performance (RDTSC) = 2.079216 dflops/cycle (only counting add, mul, sub)
Got ovalue: data/timings/20210621_234009/advprim_distvec_quickvec_dims32.csv


======================              
Measurement for data/perf_data_d32_7.csv              
======================
Compiled with
- Compiler ID:		 Clang
- Compiler version:	 11.1.0
- Compiler flags:	 -O3 -march=native

DATASET path: data/perf_data_d32_7.csv

RDTSC: 1,444,308,310.000000 cycles (0.555503 sec @ 2,600.000000 MHz)
C clock(): 1,380,154,533.333333 cycles (0.530829 sec @ 2,600.000000 MHz)
C gettimeofday(): 0.529410 sec

PERF cycles: 1,361,517,297
FLOPS count scalar double: 42,054,353
FLOPS count 128 packed double: 50,327,552 (multiply by 2 to get scalar operations)
FLOPS count 256 packed double: 679,421,952 (multiply by 4 to get scalar operations)
Performance (PERF) = 2.100889 dflops/cycle (only counting add, mul, sub)
Performance (RDTSC) = 1.980462 dflops/cycle (only counting add, mul, sub)
Got ovalue: data/timings/20210621_234009/advprim_distvec_quickvec_dims32.csv


======================              
Measurement for data/perf_data_d32_8.csv              
======================
Compiled with
- Compiler ID:		 Clang
- Compiler version:	 11.1.0
- Compiler flags:	 -O3 -march=native

DATASET path: data/perf_data_d32_8.csv

RDTSC: 3,341,157,981.000000 cycles (1.285061 sec @ 2,600.000000 MHz)
C clock(): 3,217,035,466.666667 cycles (1.237321 sec @ 2,600.000000 MHz)
C gettimeofday(): 1.245300 sec

PERF cycles: 3,197,644,860
FLOPS count scalar double: 94,522,961
FLOPS count 128 packed double: 113,240,064 (multiply by 2 to get scalar operations)
FLOPS count 256 packed double: 1,528,740,864 (multiply by 4 to get scalar operations)
Performance (PERF) = 2.012721 dflops/cycle (only counting add, mul, sub)
Performance (RDTSC) = 1.926268 dflops/cycle (only counting add, mul, sub)
Got ovalue: data/timings/20210621_234009/advprim_distvec_quickvec_dims32.csv


======================              
Measurement for data/perf_data_d32_9.csv              
======================
Compiled with
- Compiler ID:		 Clang
- Compiler version:	 11.1.0
- Compiler flags:	 -O3 -march=native

DATASET path: data/perf_data_d32_9.csv

RDTSC: 6,432,776,676.000000 cycles (2.474145 sec @ 2,600.000000 MHz)
C clock(): 6,150,985,533.333333 cycles (2.365764 sec @ 2,600.000000 MHz)
C gettimeofday(): 2.370587 sec

PERF cycles: 6,121,652,305
FLOPS count scalar double: 167,977,346
FLOPS count 128 packed double: 201,318,400 (multiply by 2 to get scalar operations)
FLOPS count 256 packed double: 2,717,798,400 (multiply by 4 to get scalar operations)
Performance (PERF) = 1.869072 dflops/cycle (only counting add, mul, sub)
Performance (RDTSC) = 1.778673 dflops/cycle (only counting add, mul, sub)
Got ovalue: data/timings/20210621_234009/advprim_distvec_quickvec_dims32.csv


======================              
Measurement for data/perf_data_d32_10.csv              
======================
Compiled with
- Compiler ID:		 Clang
- Compiler version:	 11.1.0
- Compiler flags:	 -O3 -march=native

DATASET path: data/perf_data_d32_10.csv

RDTSC: 10,409,590,590.000000 cycles (4.003689 sec @ 2,600.000000 MHz)
C clock(): 9,961,053,266.666668 cycles (3.831174 sec @ 2,600.000000 MHz)
C gettimeofday(): 3.837750 sec

PERF cycles: 9,899,993,479
FLOPS count scalar double: 262,395,686
FLOPS count 128 packed double: 314,562,560 (multiply by 2 to get scalar operations)
FLOPS count 256 packed double: 4,246,594,560 (multiply by 4 to get scalar operations)
Performance (PERF) = 1.805850 dflops/cycle (only counting add, mul, sub)
Performance (RDTSC) = 1.717445 dflops/cycle (only counting add, mul, sub)
Got ovalue: data/timings/20210621_234009/advprim_distvec_quickvec_dims32.csv


======================              
Measurement for data/perf_data_d32_11.csv              
======================
Compiled with
- Compiler ID:		 Clang
- Compiler version:	 11.1.0
- Compiler flags:	 -O3 -march=native

DATASET path: data/perf_data_d32_11.csv

RDTSC: 15,935,497,307.000000 cycles (6.129037 sec @ 2,600.000000 MHz)
C clock(): 15,265,440,666.666666 cycles (5.871323 sec @ 2,600.000000 MHz)
C gettimeofday(): 5.910112 sec

PERF cycles: 15,194,962,311
FLOPS count scalar double: 377,788,509
FLOPS count 128 packed double: 452,972,544 (multiply by 2 to get scalar operations)
FLOPS count 256 packed double: 6,115,129,344 (multiply by 4 to get scalar operations)
Performance (PERF) = 1.694262 dflops/cycle (only counting add, mul, sub)
Performance (RDTSC) = 1.615529 dflops/cycle (only counting add, mul, sub)
Got ovalue: data/timings/20210621_234009/advprim_distvec_quickvec_dims32.csv


======================              
Measurement for data/perf_data_d32_12.csv              
======================
Compiled with
- Compiler ID:		 Clang
- Compiler version:	 11.1.0
- Compiler flags:	 -O3 -march=native

DATASET path: data/perf_data_d32_12.csv

RDTSC: 22,749,899,384.000000 cycles (8.749961 sec @ 2,600.000000 MHz)
C clock(): 21,774,420,200.000000 cycles (8.374777 sec @ 2,600.000000 MHz)
C gettimeofday(): 8.378920 sec

PERF cycles: 21,660,029,551
FLOPS count scalar double: 514,178,197
FLOPS count 128 packed double: 616,548,352 (multiply by 2 to get scalar operations)
FLOPS count 256 packed double: 8,323,402,752 (multiply by 4 to get scalar operations)
Performance (PERF) = 1.617767 dflops/cycle (only counting add, mul, sub)
Performance (RDTSC) = 1.540266 dflops/cycle (only counting add, mul, sub)
Got ovalue: data/timings/20210621_234009/advprim_distvec_quickvec_dims32.csv


