Running test at time Tue Jun 22 04:01:34 AM CEST 2021
======================              
Measurement for data/perf_data_d64_0.csv              
======================
Compiled with
- Compiler ID:		 GNU
- Compiler version:	 11.1.0
- Compiler flags:	 -O3 -march=native

DATASET path: data/perf_data_d64_0.csv

RDTSC: 92,512.000000 cycles (0.000036 sec @ 2,600.000000 MHz)
C clock(): 87,946.354167 cycles (0.000034 sec @ 2,600.000000 MHz)
C gettimeofday(): 0.000034 sec

PERF cycles: 183,515
FLOPS count scalar double: 2,635
FLOPS count 128 packed double: 1,024 (multiply by 2 to get scalar operations)
FLOPS count 256 packed double: 52,785 (multiply by 4 to get scalar operations)
Performance (PERF) = 1.176051 dflops/cycle (only counting add, mul, sub)
Performance (RDTSC) = 2.332919 dflops/cycle (only counting add, mul, sub)
Got ovalue: data/timings/20210621_234009/gcc_basic_best.csv


======================              
Measurement for data/perf_data_d64_1.csv              
======================
Compiled with
- Compiler ID:		 GNU
- Compiler version:	 11.1.0
- Compiler flags:	 -O3 -march=native

DATASET path: data/perf_data_d64_1.csv

RDTSC: 359,591.000000 cycles (0.000138 sec @ 2,600.000000 MHz)
C clock(): 342,786.979167 cycles (0.000132 sec @ 2,600.000000 MHz)
C gettimeofday(): 0.000132 sec

PERF cycles: 337,139
FLOPS count scalar double: 9,506
FLOPS count 128 packed double: 4,096 (multiply by 2 to get scalar operations)
FLOPS count 256 packed double: 211,045 (multiply by 4 to get scalar operations)
Performance (PERF) = 2.556447 dflops/cycle (only counting add, mul, sub)
Performance (RDTSC) = 2.396829 dflops/cycle (only counting add, mul, sub)
Got ovalue: data/timings/20210621_234009/gcc_basic_best.csv


======================              
Measurement for data/perf_data_d64_2.csv              
======================
Compiled with
- Compiler ID:		 GNU
- Compiler version:	 11.1.0
- Compiler flags:	 -O3 -march=native

DATASET path: data/perf_data_d64_2.csv

RDTSC: 1,452,100.000000 cycles (0.000558 sec @ 2,600.000000 MHz)
C clock(): 1,346,258.333333 cycles (0.000518 sec @ 2,600.000000 MHz)
C gettimeofday(): 0.000534 sec

PERF cycles: 1,447,344
FLOPS count scalar double: 35,489
FLOPS count 128 packed double: 16,384 (multiply by 2 to get scalar operations)
FLOPS count 256 packed double: 844,001 (multiply by 4 to get scalar operations)
Performance (PERF) = 2.379711 dflops/cycle (only counting add, mul, sub)
Performance (RDTSC) = 2.371917 dflops/cycle (only counting add, mul, sub)
Got ovalue: data/timings/20210621_234009/gcc_basic_best.csv


======================              
Measurement for data/perf_data_d64_3.csv              
======================
Compiled with
- Compiler ID:		 GNU
- Compiler version:	 11.1.0
- Compiler flags:	 -O3 -march=native

DATASET path: data/perf_data_d64_3.csv

RDTSC: 5,408,602.000000 cycles (0.002080 sec @ 2,600.000000 MHz)
C clock(): 5,458,808.333333 cycles (0.002100 sec @ 2,600.000000 MHz)
C gettimeofday(): 0.002021 sec

PERF cycles: 7,098,423
FLOPS count scalar double: 136,684
FLOPS count 128 packed double: 65,536 (multiply by 2 to get scalar operations)
FLOPS count 256 packed double: 3,375,495 (multiply by 4 to get scalar operations)
Performance (PERF) = 1.939830 dflops/cycle (only counting add, mul, sub)
Performance (RDTSC) = 2.545896 dflops/cycle (only counting add, mul, sub)
Got ovalue: data/timings/20210621_234009/gcc_basic_best.csv


======================              
Measurement for data/perf_data_d64_4.csv              
======================
Compiled with
- Compiler ID:		 GNU
- Compiler version:	 11.1.0
- Compiler flags:	 -O3 -march=native

DATASET path: data/perf_data_d64_4.csv

RDTSC: 21,599,568.000000 cycles (0.008308 sec @ 2,600.000000 MHz)
C clock(): 20,569,466.666667 cycles (0.007911 sec @ 2,600.000000 MHz)
C gettimeofday(): 0.007823 sec

PERF cycles: 19,171,818
FLOPS count scalar double: 535,256
FLOPS count 128 packed double: 262,144 (multiply by 2 to get scalar operations)
FLOPS count 256 packed double: 13,500,972 (multiply by 4 to get scalar operations)
Performance (PERF) = 2.872103 dflops/cycle (only counting add, mul, sub)
Performance (RDTSC) = 2.549284 dflops/cycle (only counting add, mul, sub)
Got ovalue: data/timings/20210621_234009/gcc_basic_best.csv


======================              
Measurement for data/perf_data_d64_5.csv              
======================
Compiled with
- Compiler ID:		 GNU
- Compiler version:	 11.1.0
- Compiler flags:	 -O3 -march=native

DATASET path: data/perf_data_d64_5.csv

RDTSC: 86,619,064.000000 cycles (0.033315 sec @ 2,600.000000 MHz)
C clock(): 82,883,666.666667 cycles (0.031878 sec @ 2,600.000000 MHz)
C gettimeofday(): 0.032394 sec

PERF cycles: 81,853,716
FLOPS count scalar double: 2,120,316
FLOPS count 128 packed double: 1,048,576 (multiply by 2 to get scalar operations)
FLOPS count 256 packed double: 54,002,658 (multiply by 4 to get scalar operations)
Performance (PERF) = 2.690508 dflops/cycle (only counting add, mul, sub)
Performance (RDTSC) = 2.542490 dflops/cycle (only counting add, mul, sub)
Got ovalue: data/timings/20210621_234009/gcc_basic_best.csv


======================              
Measurement for data/perf_data_d64_6.csv              
======================
Compiled with
- Compiler ID:		 GNU
- Compiler version:	 11.1.0
- Compiler flags:	 -O3 -march=native

DATASET path: data/perf_data_d64_6.csv

RDTSC: 426,681,198.000000 cycles (0.164108 sec @ 2,600.000000 MHz)
C clock(): 410,626,666.666667 cycles (0.157933 sec @ 2,600.000000 MHz)
C gettimeofday(): 0.156117 sec

PERF cycles: 355,164,973
FLOPS count scalar double: 8,434,040
FLOPS count 128 packed double: 4,194,304 (multiply by 2 to get scalar operations)
FLOPS count 256 packed double: 216,007,639 (multiply by 4 to get scalar operations)
Performance (PERF) = 2.480124 dflops/cycle (only counting add, mul, sub)
Performance (RDTSC) = 2.064429 dflops/cycle (only counting add, mul, sub)
Got ovalue: data/timings/20210621_234009/gcc_basic_best.csv


======================              
Measurement for data/perf_data_d64_7.csv              
======================
Compiled with
- Compiler ID:		 GNU
- Compiler version:	 11.1.0
- Compiler flags:	 -O3 -march=native

DATASET path: data/perf_data_d64_7.csv

RDTSC: 1,877,833,378.000000 cycles (0.722244 sec @ 2,600.000000 MHz)
C clock(): 1,782,580,800.000000 cycles (0.685608 sec @ 2,600.000000 MHz)
C gettimeofday(): 0.687258 sec

PERF cycles: 1,593,513,245
FLOPS count scalar double: 33,651,140
FLOPS count 128 packed double: 16,777,216 (multiply by 2 to get scalar operations)
FLOPS count 256 packed double: 864,028,443 (multiply by 4 to get scalar operations)
Performance (PERF) = 2.211039 dflops/cycle (only counting add, mul, sub)
Performance (RDTSC) = 1.876268 dflops/cycle (only counting add, mul, sub)
Got ovalue: data/timings/20210621_234009/gcc_basic_best.csv


======================              
Measurement for data/perf_data_d64_8.csv              
======================
Compiled with
- Compiler ID:		 GNU
- Compiler version:	 11.1.0
- Compiler flags:	 -O3 -march=native

DATASET path: data/perf_data_d64_8.csv

RDTSC: 4,800,732,582.000000 cycles (1.846436 sec @ 2,600.000000 MHz)
C clock(): 4,579,755,266.666666 cycles (1.761444 sec @ 2,600.000000 MHz)
C gettimeofday(): 1.775519 sec

PERF cycles: 4,154,941,297
FLOPS count scalar double: 75,648,050
FLOPS count 128 packed double: 37,748,736 (multiply by 2 to get scalar operations)
FLOPS count 256 packed double: 1,944,062,667 (multiply by 4 to get scalar operations)
Performance (PERF) = 1.907944 dflops/cycle (only counting add, mul, sub)
Performance (RDTSC) = 1.651289 dflops/cycle (only counting add, mul, sub)
Got ovalue: data/timings/20210621_234009/gcc_basic_best.csv


======================              
Measurement for data/perf_data_d64_9.csv              
======================
Compiled with
- Compiler ID:		 GNU
- Compiler version:	 11.1.0
- Compiler flags:	 -O3 -march=native

DATASET path: data/perf_data_d64_9.csv

RDTSC: 8,838,540,882.000000 cycles (3.399439 sec @ 2,600.000000 MHz)
C clock(): 8,444,510,533.333333 cycles (3.247889 sec @ 2,600.000000 MHz)
C gettimeofday(): 3.266402 sec

PERF cycles: 7,752,534,728
FLOPS count scalar double: 134,425,274
FLOPS count 128 packed double: 67,108,864 (multiply by 2 to get scalar operations)
FLOPS count 256 packed double: 3,456,110,678 (multiply by 4 to get scalar operations)
Performance (PERF) = 1.817868 dflops/cycle (only counting add, mul, sub)
Performance (RDTSC) = 1.594504 dflops/cycle (only counting add, mul, sub)
Got ovalue: data/timings/20210621_234009/gcc_basic_best.csv


======================              
Measurement for data/perf_data_d64_10.csv              
======================
Compiled with
- Compiler ID:		 GNU
- Compiler version:	 11.1.0
- Compiler flags:	 -O3 -march=native

DATASET path: data/perf_data_d64_10.csv

RDTSC: 14,207,125,855.000000 cycles (5.464279 sec @ 2,600.000000 MHz)
C clock(): 13,549,989,266.666666 cycles (5.211534 sec @ 2,600.000000 MHz)
C gettimeofday(): 5.272547 sec

PERF cycles: 12,535,514,365
FLOPS count scalar double: 209,982,379
FLOPS count 128 packed double: 104,857,600 (multiply by 2 to get scalar operations)
FLOPS count 256 packed double: 5,400,172,275 (multiply by 4 to get scalar operations)
Performance (PERF) = 1.756640 dflops/cycle (only counting add, mul, sub)
Performance (RDTSC) = 1.549954 dflops/cycle (only counting add, mul, sub)
Got ovalue: data/timings/20210621_234009/gcc_basic_best.csv


======================              
Measurement for data/perf_data_d64_11.csv              
======================
Compiled with
- Compiler ID:		 GNU
- Compiler version:	 11.1.0
- Compiler flags:	 -O3 -march=native

DATASET path: data/perf_data_d64_11.csv

RDTSC: 20,722,464,887.000000 cycles (7.970179 sec @ 2,600.000000 MHz)
C clock(): 19,964,090,466.666664 cycles (7.678496 sec @ 2,600.000000 MHz)
C gettimeofday(): 7.636067 sec

PERF cycles: 18,235,118,279
FLOPS count scalar double: 302,313,928
FLOPS count 128 packed double: 150,994,944 (multiply by 2 to get scalar operations)
FLOPS count 256 packed double: 7,776,246,694 (multiply by 4 to get scalar operations)
Performance (PERF) = 1.738913 dflops/cycle (only counting add, mul, sub)
Performance (RDTSC) = 1.530189 dflops/cycle (only counting add, mul, sub)
Got ovalue: data/timings/20210621_234009/gcc_basic_best.csv


======================              
Measurement for data/perf_data_d64_12.csv              
======================
Compiled with
- Compiler ID:		 GNU
- Compiler version:	 11.1.0
- Compiler flags:	 -O3 -march=native

DATASET path: data/perf_data_d64_12.csv

RDTSC: 28,632,831,396.000000 cycles (11.012627 sec @ 2,600.000000 MHz)
C clock(): 27,341,194,400.000000 cycles (10.515844 sec @ 2,600.000000 MHz)
C gettimeofday(): 10.534850 sec

PERF cycles: 25,228,919,939
FLOPS count scalar double: 411,429,075
FLOPS count 128 packed double: 205,520,896 (multiply by 2 to get scalar operations)
FLOPS count 256 packed double: 10,584,335,088 (multiply by 4 to get scalar operations)
Performance (PERF) = 1.710728 dflops/cycle (only counting add, mul, sub)
Performance (RDTSC) = 1.507354 dflops/cycle (only counting add, mul, sub)
Got ovalue: data/timings/20210621_234009/gcc_basic_best.csv


