Running test at time Tue Jun 22 06:52:27 AM CEST 2021
======================              
Measurement for data/perf_data_d8_0.csv              
======================
Compiled with
- Compiler ID:		 Clang
- Compiler version:	 11.1.0
- Compiler flags:	 -O3 -march=native

DATASET path: data/perf_data_d8_0.csv

RDTSC: 66,886.000000 cycles (0.000026 sec @ 2,600.000000 MHz)
C clock(): 63,532.421875 cycles (0.000024 sec @ 2,600.000000 MHz)
C gettimeofday(): 0.000024 sec

PERF cycles: 70,026
FLOPS count scalar double: 26,334
FLOPS count 128 packed double: 0 (multiply by 2 to get scalar operations)
FLOPS count 256 packed double: 512 (multiply by 4 to get scalar operations)
Performance (PERF) = 0.405307 dflops/cycle (only counting add, mul, sub)
Performance (RDTSC) = 0.424334 dflops/cycle (only counting add, mul, sub)
Got ovalue: data/timings/20210621_234009/basic_best_blobs3.csv


======================              
Measurement for data/perf_data_d8_1.csv              
======================
Compiled with
- Compiler ID:		 Clang
- Compiler version:	 11.1.0
- Compiler flags:	 -O3 -march=native

DATASET path: data/perf_data_d8_1.csv

RDTSC: 245,626.000000 cycles (0.000094 sec @ 2,600.000000 MHz)
C clock(): 236,180.208333 cycles (0.000091 sec @ 2,600.000000 MHz)
C gettimeofday(): 0.000090 sec

PERF cycles: 389,723
FLOPS count scalar double: 103,984
FLOPS count 128 packed double: 0 (multiply by 2 to get scalar operations)
FLOPS count 256 packed double: 2,048 (multiply by 4 to get scalar operations)
Performance (PERF) = 0.287835 dflops/cycle (only counting add, mul, sub)
Performance (RDTSC) = 0.456694 dflops/cycle (only counting add, mul, sub)
Got ovalue: data/timings/20210621_234009/basic_best_blobs3.csv


======================              
Measurement for data/perf_data_d8_2.csv              
======================
Compiled with
- Compiler ID:		 Clang
- Compiler version:	 11.1.0
- Compiler flags:	 -O3 -march=native

DATASET path: data/perf_data_d8_2.csv

RDTSC: 904,680.000000 cycles (0.000348 sec @ 2,600.000000 MHz)
C clock(): 864,946.875000 cycles (0.000333 sec @ 2,600.000000 MHz)
C gettimeofday(): 0.000335 sec

PERF cycles: 852,627
FLOPS count scalar double: 412,798
FLOPS count 128 packed double: 0 (multiply by 2 to get scalar operations)
FLOPS count 256 packed double: 8,192 (multiply by 4 to get scalar operations)
Performance (PERF) = 0.522580 dflops/cycle (only counting add, mul, sub)
Performance (RDTSC) = 0.492512 dflops/cycle (only counting add, mul, sub)
Got ovalue: data/timings/20210621_234009/basic_best_blobs3.csv


======================              
Measurement for data/perf_data_d8_3.csv              
======================
Compiled with
- Compiler ID:		 Clang
- Compiler version:	 11.1.0
- Compiler flags:	 -O3 -march=native

DATASET path: data/perf_data_d8_3.csv

RDTSC: 3,268,823.000000 cycles (0.001257 sec @ 2,600.000000 MHz)
C clock(): 3,074,716.666667 cycles (0.001183 sec @ 2,600.000000 MHz)
C gettimeofday(): 0.001168 sec

PERF cycles: 2,915,773
FLOPS count scalar double: 1,644,834
FLOPS count 128 packed double: 0 (multiply by 2 to get scalar operations)
FLOPS count 256 packed double: 32,768 (multiply by 4 to get scalar operations)
Performance (PERF) = 0.609069 dflops/cycle (only counting add, mul, sub)
Performance (RDTSC) = 0.543286 dflops/cycle (only counting add, mul, sub)
Got ovalue: data/timings/20210621_234009/basic_best_blobs3.csv


======================              
Measurement for data/perf_data_d8_4.csv              
======================
Compiled with
- Compiler ID:		 Clang
- Compiler version:	 11.1.0
- Compiler flags:	 -O3 -march=native

DATASET path: data/perf_data_d8_4.csv

RDTSC: 12,380,009.000000 cycles (0.004762 sec @ 2,600.000000 MHz)
C clock(): 11,501,100.000000 cycles (0.004424 sec @ 2,600.000000 MHz)
C gettimeofday(): 0.004360 sec

PERF cycles: 12,181,760
FLOPS count scalar double: 6,567,478
FLOPS count 128 packed double: 0 (multiply by 2 to get scalar operations)
FLOPS count 256 packed double: 131,072 (multiply by 4 to get scalar operations)
Performance (PERF) = 0.582163 dflops/cycle (only counting add, mul, sub)
Performance (RDTSC) = 0.572840 dflops/cycle (only counting add, mul, sub)
Got ovalue: data/timings/20210621_234009/basic_best_blobs3.csv


======================              
Measurement for data/perf_data_d8_5.csv              
======================
Compiled with
- Compiler ID:		 Clang
- Compiler version:	 11.1.0
- Compiler flags:	 -O3 -march=native

DATASET path: data/perf_data_d8_5.csv

RDTSC: 48,243,339.000000 cycles (0.018555 sec @ 2,600.000000 MHz)
C clock(): 47,272,333.333333 cycles (0.018182 sec @ 2,600.000000 MHz)
C gettimeofday(): 0.017507 sec

PERF cycles: 46,382,308
FLOPS count scalar double: 26,240,611
FLOPS count 128 packed double: 0 (multiply by 2 to get scalar operations)
FLOPS count 256 packed double: 524,288 (multiply by 4 to get scalar operations)
Performance (PERF) = 0.610961 dflops/cycle (only counting add, mul, sub)
Performance (RDTSC) = 0.587392 dflops/cycle (only counting add, mul, sub)
Got ovalue: data/timings/20210621_234009/basic_best_blobs3.csv


======================              
Measurement for data/perf_data_d8_6.csv              
======================
Compiled with
- Compiler ID:		 Clang
- Compiler version:	 11.1.0
- Compiler flags:	 -O3 -march=native

DATASET path: data/perf_data_d8_6.csv

RDTSC: 239,914,691.000000 cycles (0.092275 sec @ 2,600.000000 MHz)
C clock(): 229,866,000.000000 cycles (0.088410 sec @ 2,600.000000 MHz)
C gettimeofday(): 0.088398 sec

PERF cycles: 185,395,129
FLOPS count scalar double: 104,921,328
FLOPS count 128 packed double: 0 (multiply by 2 to get scalar operations)
FLOPS count 256 packed double: 2,097,152 (multiply by 4 to get scalar operations)
Performance (PERF) = 0.611181 dflops/cycle (only counting add, mul, sub)
Performance (RDTSC) = 0.472293 dflops/cycle (only counting add, mul, sub)
Got ovalue: data/timings/20210621_234009/basic_best_blobs3.csv


======================              
Measurement for data/perf_data_d8_7.csv              
======================
Compiled with
- Compiler ID:		 Clang
- Compiler version:	 11.1.0
- Compiler flags:	 -O3 -march=native

DATASET path: data/perf_data_d8_7.csv

RDTSC: 962,383,253.000000 cycles (0.370147 sec @ 2,600.000000 MHz)
C clock(): 920,939,066.666667 cycles (0.354207 sec @ 2,600.000000 MHz)
C gettimeofday(): 0.355524 sec

PERF cycles: 775,080,691
FLOPS count scalar double: 419,566,993
FLOPS count 128 packed double: 0 (multiply by 2 to get scalar operations)
FLOPS count 256 packed double: 8,388,608 (multiply by 4 to get scalar operations)
Performance (PERF) = 0.584612 dflops/cycle (only counting add, mul, sub)
Performance (RDTSC) = 0.470833 dflops/cycle (only counting add, mul, sub)
Got ovalue: data/timings/20210621_234009/basic_best_blobs3.csv


======================              
Measurement for data/perf_data_d8_8.csv              
======================
Compiled with
- Compiler ID:		 Clang
- Compiler version:	 11.1.0
- Compiler flags:	 -O3 -march=native

DATASET path: data/perf_data_d8_8.csv

RDTSC: 2,168,236,232.000000 cycles (0.833937 sec @ 2,600.000000 MHz)
C clock(): 2,067,565,066.666667 cycles (0.795217 sec @ 2,600.000000 MHz)
C gettimeofday(): 0.799759 sec

PERF cycles: 1,714,382,893
FLOPS count scalar double: 943,959,486
FLOPS count 128 packed double: 0 (multiply by 2 to get scalar operations)
FLOPS count 256 packed double: 18,874,368 (multiply by 4 to get scalar operations)
Performance (PERF) = 0.594650 dflops/cycle (only counting add, mul, sub)
Performance (RDTSC) = 0.470178 dflops/cycle (only counting add, mul, sub)
Got ovalue: data/timings/20210621_234009/basic_best_blobs3.csv


======================              
Measurement for data/perf_data_d8_9.csv              
======================
Compiled with
- Compiler ID:		 Clang
- Compiler version:	 11.1.0
- Compiler flags:	 -O3 -march=native

DATASET path: data/perf_data_d8_9.csv

RDTSC: 3,829,164,402.000000 cycles (1.472756 sec @ 2,600.000000 MHz)
C clock(): 3,662,324,466.666667 cycles (1.408586 sec @ 2,600.000000 MHz)
C gettimeofday(): 1.410040 sec

PERF cycles: 3,028,116,008
FLOPS count scalar double: 1,678,063,814
FLOPS count 128 packed double: 0 (multiply by 2 to get scalar operations)
FLOPS count 256 packed double: 33,554,432 (multiply by 4 to get scalar operations)
Performance (PERF) = 0.598485 dflops/cycle (only counting add, mul, sub)
Performance (RDTSC) = 0.473284 dflops/cycle (only counting add, mul, sub)
Got ovalue: data/timings/20210621_234009/basic_best_blobs3.csv


======================              
Measurement for data/perf_data_d8_10.csv              
======================
Compiled with
- Compiler ID:		 Clang
- Compiler version:	 11.1.0
- Compiler flags:	 -O3 -march=native

DATASET path: data/perf_data_d8_10.csv

RDTSC: 6,069,311,312.000000 cycles (2.334351 sec @ 2,600.000000 MHz)
C clock(): 5,793,531,466.666667 cycles (2.228281 sec @ 2,600.000000 MHz)
C gettimeofday(): 2.241105 sec

PERF cycles: 4,812,882,313
FLOPS count scalar double: 2,621,902,832
FLOPS count 128 packed double: 0 (multiply by 2 to get scalar operations)
FLOPS count 256 packed double: 52,428,800 (multiply by 4 to get scalar operations)
Performance (PERF) = 0.588341 dflops/cycle (only counting add, mul, sub)
Performance (RDTSC) = 0.466547 dflops/cycle (only counting add, mul, sub)
Got ovalue: data/timings/20210621_234009/basic_best_blobs3.csv


======================              
Measurement for data/perf_data_d8_11.csv              
======================
Compiled with
- Compiler ID:		 Clang
- Compiler version:	 11.1.0
- Compiler flags:	 -O3 -march=native

DATASET path: data/perf_data_d8_11.csv

RDTSC: 8,758,758,883.000000 cycles (3.368753 sec @ 2,600.000000 MHz)
C clock(): 8,369,064,600.000000 cycles (3.218871 sec @ 2,600.000000 MHz)
C gettimeofday(): 3.231632 sec

PERF cycles: 6,945,305,993
FLOPS count scalar double: 3,775,565,778
FLOPS count 128 packed double: 0 (multiply by 2 to get scalar operations)
FLOPS count 256 packed double: 75,497,472 (multiply by 4 to get scalar operations)
Performance (PERF) = 0.587095 dflops/cycle (only counting add, mul, sub)
Performance (RDTSC) = 0.465540 dflops/cycle (only counting add, mul, sub)
Got ovalue: data/timings/20210621_234009/basic_best_blobs3.csv


======================              
Measurement for data/perf_data_d8_12.csv              
======================
Compiled with
- Compiler ID:		 Clang
- Compiler version:	 11.1.0
- Compiler flags:	 -O3 -march=native

DATASET path: data/perf_data_d8_12.csv

RDTSC: 11,877,674,010.000000 cycles (4.568336 sec @ 2,600.000000 MHz)
C clock(): 11,334,227,666.666666 cycles (4.359318 sec @ 2,600.000000 MHz)
C gettimeofday(): 4.395908 sec

PERF cycles: 9,525,602,688
FLOPS count scalar double: 5,138,879,853
FLOPS count 128 packed double: 0 (multiply by 2 to get scalar operations)
FLOPS count 256 packed double: 102,760,448 (multiply by 4 to get scalar operations)
Performance (PERF) = 0.582632 dflops/cycle (only counting add, mul, sub)
Performance (RDTSC) = 0.467257 dflops/cycle (only counting add, mul, sub)
Got ovalue: data/timings/20210621_234009/basic_best_blobs3.csv


