Running test at time Sat Jun  5 12:47:30 AM CEST 2021
======================              
Measurement for data/perf_data_d4_0.csv              
======================
Compiled with
- Compiler ID:		 Clang
- Compiler version:	 11.1.0
- Compiler flags:	 -O3 -march=native

DATASET path: data/perf_data_d4_0.csv

RDTSC: 66,077.000000 cycles (0.000025 sec @ 2,600.000000 MHz)
C clock(): 63,297.135417 cycles (0.000024 sec @ 2,600.000000 MHz)
C gettimeofday(): 0.000025 sec

PERF cycles: 165,686
FLOPS count scalar double: 21,284
FLOPS count 128 packed double: 0 (multiply by 2 to get scalar operations)
FLOPS count 256 packed double: 0 (multiply by 4 to get scalar operations)
Performance (PERF) = 0.128460 dflops/cycle (only counting add, mul, sub)
Performance (RDTSC) = 0.322109 dflops/cycle (only counting add, mul, sub)
Got ovalue: data/timings/20210605_000445/advprim.csv


======================              
Measurement for data/perf_data_d4_1.csv              
======================
Compiled with
- Compiler ID:		 Clang
- Compiler version:	 11.1.0
- Compiler flags:	 -O3 -march=native

DATASET path: data/perf_data_d4_1.csv

RDTSC: 369,953.000000 cycles (0.000142 sec @ 2,600.000000 MHz)
C clock(): 405,186.979167 cycles (0.000156 sec @ 2,600.000000 MHz)
C gettimeofday(): 0.000138 sec

PERF cycles: 366,071
FLOPS count scalar double: 85,087
FLOPS count 128 packed double: 0 (multiply by 2 to get scalar operations)
FLOPS count 256 packed double: 0 (multiply by 4 to get scalar operations)
Performance (PERF) = 0.232433 dflops/cycle (only counting add, mul, sub)
Performance (RDTSC) = 0.229994 dflops/cycle (only counting add, mul, sub)
Got ovalue: data/timings/20210605_000445/advprim.csv


======================              
Measurement for data/perf_data_d4_2.csv              
======================
Compiled with
- Compiler ID:		 Clang
- Compiler version:	 11.1.0
- Compiler flags:	 -O3 -march=native

DATASET path: data/perf_data_d4_2.csv

RDTSC: 1,405,611.000000 cycles (0.000541 sec @ 2,600.000000 MHz)
C clock(): 1,347,910.416667 cycles (0.000518 sec @ 2,600.000000 MHz)
C gettimeofday(): 0.000539 sec

PERF cycles: 1,368,234
FLOPS count scalar double: 338,413
FLOPS count 128 packed double: 0 (multiply by 2 to get scalar operations)
FLOPS count 256 packed double: 0 (multiply by 4 to get scalar operations)
Performance (PERF) = 0.247336 dflops/cycle (only counting add, mul, sub)
Performance (RDTSC) = 0.240759 dflops/cycle (only counting add, mul, sub)
Got ovalue: data/timings/20210605_000445/advprim.csv


======================              
Measurement for data/perf_data_d4_3.csv              
======================
Compiled with
- Compiler ID:		 Clang
- Compiler version:	 11.1.0
- Compiler flags:	 -O3 -march=native

DATASET path: data/perf_data_d4_3.csv

RDTSC: 4,702,794.000000 cycles (0.001809 sec @ 2,600.000000 MHz)
C clock(): 4,510,025.000000 cycles (0.001735 sec @ 2,600.000000 MHz)
C gettimeofday(): 0.001740 sec

PERF cycles: 4,529,577
FLOPS count scalar double: 1,348,045
FLOPS count 128 packed double: 0 (multiply by 2 to get scalar operations)
FLOPS count 256 packed double: 0 (multiply by 4 to get scalar operations)
Performance (PERF) = 0.297609 dflops/cycle (only counting add, mul, sub)
Performance (RDTSC) = 0.286648 dflops/cycle (only counting add, mul, sub)
Got ovalue: data/timings/20210605_000445/advprim.csv


======================              
Measurement for data/perf_data_d4_4.csv              
======================
Compiled with
- Compiler ID:		 Clang
- Compiler version:	 11.1.0
- Compiler flags:	 -O3 -march=native

DATASET path: data/perf_data_d4_4.csv

RDTSC: 17,402,645.000000 cycles (0.006693 sec @ 2,600.000000 MHz)
C clock(): 16,601,433.333333 cycles (0.006385 sec @ 2,600.000000 MHz)
C gettimeofday(): 0.006409 sec

PERF cycles: 16,569,742
FLOPS count scalar double: 5,380,962
FLOPS count 128 packed double: 0 (multiply by 2 to get scalar operations)
FLOPS count 256 packed double: 0 (multiply by 4 to get scalar operations)
Performance (PERF) = 0.324746 dflops/cycle (only counting add, mul, sub)
Performance (RDTSC) = 0.309204 dflops/cycle (only counting add, mul, sub)
Got ovalue: data/timings/20210605_000445/advprim.csv


======================              
Measurement for data/perf_data_d4_5.csv              
======================
Compiled with
- Compiler ID:		 Clang
- Compiler version:	 11.1.0
- Compiler flags:	 -O3 -march=native

DATASET path: data/perf_data_d4_5.csv

RDTSC: 77,054,003.000000 cycles (0.029636 sec @ 2,600.000000 MHz)
C clock(): 71,968,866.666667 cycles (0.027680 sec @ 2,600.000000 MHz)
C gettimeofday(): 0.028449 sec

PERF cycles: 71,685,741
FLOPS count scalar double: 21,511,183
FLOPS count 128 packed double: 0 (multiply by 2 to get scalar operations)
FLOPS count 256 packed double: 0 (multiply by 4 to get scalar operations)
Performance (PERF) = 0.300076 dflops/cycle (only counting add, mul, sub)
Performance (RDTSC) = 0.279170 dflops/cycle (only counting add, mul, sub)
Got ovalue: data/timings/20210605_000445/advprim.csv


======================              
Measurement for data/perf_data_d4_6.csv              
======================
Compiled with
- Compiler ID:		 Clang
- Compiler version:	 11.1.0
- Compiler flags:	 -O3 -march=native

DATASET path: data/perf_data_d4_6.csv

RDTSC: 301,328,908.000000 cycles (0.115896 sec @ 2,600.000000 MHz)
C clock(): 287,291,333.333333 cycles (0.110497 sec @ 2,600.000000 MHz)
C gettimeofday(): 0.109958 sec

PERF cycles: 289,453,570
FLOPS count scalar double: 86,018,813
FLOPS count 128 packed double: 0 (multiply by 2 to get scalar operations)
FLOPS count 256 packed double: 0 (multiply by 4 to get scalar operations)
Performance (PERF) = 0.297177 dflops/cycle (only counting add, mul, sub)
Performance (RDTSC) = 0.285465 dflops/cycle (only counting add, mul, sub)
Got ovalue: data/timings/20210605_000445/advprim.csv


======================              
Measurement for data/perf_data_d4_7.csv              
======================
Compiled with
- Compiler ID:		 Clang
- Compiler version:	 11.1.0
- Compiler flags:	 -O3 -march=native

DATASET path: data/perf_data_d4_7.csv

RDTSC: 1,220,189,077.000000 cycles (0.469303 sec @ 2,600.000000 MHz)
C clock(): 1,171,106,733.333333 cycles (0.450426 sec @ 2,600.000000 MHz)
C gettimeofday(): 0.454184 sec

PERF cycles: 1,177,075,071
FLOPS count scalar double: 344,037,088
FLOPS count 128 packed double: 0 (multiply by 2 to get scalar operations)
FLOPS count 256 packed double: 0 (multiply by 4 to get scalar operations)
Performance (PERF) = 0.292281 dflops/cycle (only counting add, mul, sub)
Performance (RDTSC) = 0.281954 dflops/cycle (only counting add, mul, sub)
Got ovalue: data/timings/20210605_000445/advprim.csv


======================              
Measurement for data/perf_data_d4_8.csv              
======================
Compiled with
- Compiler ID:		 Clang
- Compiler version:	 11.1.0
- Compiler flags:	 -O3 -march=native

DATASET path: data/perf_data_d4_8.csv

RDTSC: 2,781,055,290.000000 cycles (1.069637 sec @ 2,600.000000 MHz)
C clock(): 2,658,858,800.000000 cycles (1.022638 sec @ 2,600.000000 MHz)
C gettimeofday(): 1.023840 sec

PERF cycles: 2,657,650,193
FLOPS count scalar double: 774,028,206
FLOPS count 128 packed double: 0 (multiply by 2 to get scalar operations)
FLOPS count 256 packed double: 0 (multiply by 4 to get scalar operations)
Performance (PERF) = 0.291245 dflops/cycle (only counting add, mul, sub)
Performance (RDTSC) = 0.278322 dflops/cycle (only counting add, mul, sub)
Got ovalue: data/timings/20210605_000445/advprim.csv


======================              
Measurement for data/perf_data_d4_9.csv              
======================
Compiled with
- Compiler ID:		 Clang
- Compiler version:	 11.1.0
- Compiler flags:	 -O3 -march=native

DATASET path: data/perf_data_d4_9.csv

RDTSC: 4,731,746,406.000000 cycles (1.819902 sec @ 2,600.000000 MHz)
C clock(): 4,537,599,733.333334 cycles (1.745231 sec @ 2,600.000000 MHz)
C gettimeofday(): 1.747570 sec

PERF cycles: 4,530,980,033
FLOPS count scalar double: 1,376,019,777
FLOPS count 128 packed double: 0 (multiply by 2 to get scalar operations)
FLOPS count 256 packed double: 0 (multiply by 4 to get scalar operations)
Performance (PERF) = 0.303691 dflops/cycle (only counting add, mul, sub)
Performance (RDTSC) = 0.290806 dflops/cycle (only counting add, mul, sub)
Got ovalue: data/timings/20210605_000445/advprim.csv


======================              
Measurement for data/perf_data_d4_10.csv              
======================
Compiled with
- Compiler ID:		 Clang
- Compiler version:	 11.1.0
- Compiler flags:	 -O3 -march=native

DATASET path: data/perf_data_d4_10.csv

RDTSC: 7,644,756,882.000000 cycles (2.940291 sec @ 2,600.000000 MHz)
C clock(): 7,321,362,533.333333 cycles (2.815909 sec @ 2,600.000000 MHz)
C gettimeofday(): 2.817735 sec

PERF cycles: 7,291,350,038
FLOPS count scalar double: 2,149,986,482
FLOPS count 128 packed double: 0 (multiply by 2 to get scalar operations)
FLOPS count 256 packed double: 0 (multiply by 4 to get scalar operations)
Performance (PERF) = 0.294868 dflops/cycle (only counting add, mul, sub)
Performance (RDTSC) = 0.281237 dflops/cycle (only counting add, mul, sub)
Got ovalue: data/timings/20210605_000445/advprim.csv


======================              
Measurement for data/perf_data_d4_11.csv              
======================
Compiled with
- Compiler ID:		 Clang
- Compiler version:	 11.1.0
- Compiler flags:	 -O3 -march=native

DATASET path: data/perf_data_d4_11.csv

RDTSC: 10,822,918,424.000000 cycles (4.162661 sec @ 2,600.000000 MHz)
C clock(): 10,337,519,400.000000 cycles (3.975969 sec @ 2,600.000000 MHz)
C gettimeofday(): 3.975443 sec

PERF cycles: 10,298,034,185
FLOPS count scalar double: 3,095,982,642
FLOPS count 128 packed double: 0 (multiply by 2 to get scalar operations)
FLOPS count 256 packed double: 0 (multiply by 4 to get scalar operations)
Performance (PERF) = 0.300638 dflops/cycle (only counting add, mul, sub)
Performance (RDTSC) = 0.286058 dflops/cycle (only counting add, mul, sub)
Got ovalue: data/timings/20210605_000445/advprim.csv


======================              
Measurement for data/perf_data_d4_12.csv              
======================
Compiled with
- Compiler ID:		 Clang
- Compiler version:	 11.1.0
- Compiler flags:	 -O3 -march=native

DATASET path: data/perf_data_d4_12.csv

RDTSC: 15,050,954,957.000000 cycles (5.788829 sec @ 2,600.000000 MHz)
C clock(): 14,437,291,266.666666 cycles (5.552804 sec @ 2,600.000000 MHz)
C gettimeofday(): 5.547524 sec

PERF cycles: 14,362,860,936
FLOPS count scalar double: 4,213,896,240
FLOPS count 128 packed double: 0 (multiply by 2 to get scalar operations)
FLOPS count 256 packed double: 0 (multiply by 4 to get scalar operations)
Performance (PERF) = 0.293388 dflops/cycle (only counting add, mul, sub)
Performance (RDTSC) = 0.279975 dflops/cycle (only counting add, mul, sub)
Got ovalue: data/timings/20210605_000445/advprim.csv


