Running Cache analysis for hdbscan_basic

==854299== Cachegrind, a cache and branch-prediction profiler
==854299== Copyright (C) 2002-2017, and GNU GPL'd, by Nicholas Nethercote et al.
==854299== Using Valgrind-3.15.0 and LibVEX; rerun with -h for copyright info
==854299== Command: ./build/bin/hdbscan_basic data/perf_data_d64_10.csv
==854299== 
--854299-- warning: L3 cache found, using its data for the LL simulation.
==854299== 
==854299== I   refs:      56,268,125,622
==854299== I1  misses:            28,127
==854299== LLi misses:             2,511
==854299== I1  miss rate:           0.00%
==854299== LLi miss rate:           0.00%
==854299== 
==854299== D   refs:      16,035,990,448  (15,408,713,468 rd   + 627,276,980 wr)
==854299== D1  misses:       958,407,232  (   931,923,722 rd   +  26,483,510 wr)
==854299== LLd misses:        66,088,980  (    45,399,612 rd   +  20,689,368 wr)
==854299== D1  miss rate:            6.0% (           6.0%     +         4.2%  )
==854299== LLd miss rate:            0.4% (           0.3%     +         3.3%  )
==854299== 
==854299== LL refs:          958,435,359  (   931,951,849 rd   +  26,483,510 wr)
==854299== LL misses:         66,091,491  (    45,402,123 rd   +  20,689,368 wr)
==854299== LL miss rate:             0.1% (           0.1%     +         3.3%  )

////////////////////////////////////////////////////////////////////////////////////

Running Cache analysis for hdbscan_basic_distvec

==854525== Cachegrind, a cache and branch-prediction profiler
==854525== Copyright (C) 2002-2017, and GNU GPL'd, by Nicholas Nethercote et al.
==854525== Using Valgrind-3.15.0 and LibVEX; rerun with -h for copyright info
==854525== Command: ./build/bin/hdbscan_basic_distvec data/perf_data_d64_10.csv
==854525== 
--854525-- warning: L3 cache found, using its data for the LL simulation.
==854525== 
==854525== I   refs:      16,169,368,379
==854525== I1  misses:            42,119
==854525== LLi misses:             2,512
==854525== I1  miss rate:           0.00%
==854525== LLi miss rate:           0.00%
==854525== 
==854525== D   refs:       5,087,471,822  (4,674,334,359 rd   + 413,137,463 wr)
==854525== D1  misses:       952,383,735  (  925,800,375 rd   +  26,583,360 wr)
==854525== LLd misses:        72,646,319  (   51,942,372 rd   +  20,703,947 wr)
==854525== D1  miss rate:           18.7% (         19.8%     +         6.4%  )
==854525== LLd miss rate:            1.4% (          1.1%     +         5.0%  )
==854525== 
==854525== LL refs:          952,425,854  (  925,842,494 rd   +  26,583,360 wr)
==854525== LL misses:         72,648,831  (   51,944,884 rd   +  20,703,947 wr)
==854525== LL miss rate:             0.3% (          0.2%     +         5.0%  )

////////////////////////////////////////////////////////////////////////////////////

Running Cache analysis for hdbscan_basic_distvec_quickvec_primvec

==854926== Cachegrind, a cache and branch-prediction profiler
==854926== Copyright (C) 2002-2017, and GNU GPL'd, by Nicholas Nethercote et al.
==854926== Using Valgrind-3.15.0 and LibVEX; rerun with -h for copyright info
==854926== Command: ./build/bin/hdbscan_basic_distvec_quickvec_primvec data/perf_data_d64_10.csv
==854926== 
--854926-- warning: L3 cache found, using its data for the LL simulation.
==854926== 
==854926== I   refs:      15,619,211,822
==854926== I1  misses:            42,125
==854926== LLi misses:             2,517
==854926== I1  miss rate:           0.00%
==854926== LLi miss rate:           0.00%
==854926== 
==854926== D   refs:       5,008,785,651  (4,543,457,071 rd   + 465,328,580 wr)
==854926== D1  misses:       992,900,851  (  966,424,136 rd   +  26,476,715 wr)
==854926== LLd misses:        74,395,536  (   53,708,819 rd   +  20,686,717 wr)
==854926== D1  miss rate:           19.8% (         21.3%     +         5.7%  )
==854926== LLd miss rate:            1.5% (          1.2%     +         4.4%  )
==854926== 
==854926== LL refs:          992,942,976  (  966,466,261 rd   +  26,476,715 wr)
==854926== LL misses:         74,398,053  (   53,711,336 rd   +  20,686,717 wr)
==854926== LL miss rate:             0.4% (          0.3%     +         4.4%  )

////////////////////////////////////////////////////////////////////////////////////

