Running Cache analysis for reference implementation

==863520== Cachegrind, a cache and branch-prediction profiler
==863520== Copyright (C) 2002-2017, and GNU GPL'd, by Nicholas Nethercote et al.
==863520== Using Valgrind-3.15.0 and LibVEX; rerun with -h for copyright info
==863520== Command: ./references/hdbscan-cpp/main data/perf_data_d64_10.csv
==863520== 
--863520-- warning: L3 cache found, using its data for the LL simulation.
Usage: hdbscan_benchmark -i <input_path> [-o <output-file>] [-k <mpts>]
==863520== 
==863520== I   refs:      2,344,976
==863520== I1  misses:        1,774
==863520== LLi misses:        1,709
==863520== I1  miss rate:      0.08%
==863520== LLi miss rate:      0.07%
==863520== 
==863520== D   refs:        743,304  (550,822 rd   + 192,482 wr)
==863520== D1  misses:       17,114  ( 14,619 rd   +   2,495 wr)
==863520== LLd misses:        9,963  (  8,358 rd   +   1,605 wr)
==863520== D1  miss rate:       2.3% (    2.7%     +     1.3%  )
==863520== LLd miss rate:       1.3% (    1.5%     +     0.8%  )
==863520== 
==863520== LL refs:          18,888  ( 16,393 rd   +   2,495 wr)
==863520== LL misses:        11,672  ( 10,067 rd   +   1,605 wr)
==863520== LL miss rate:        0.4% (    0.3%     +     0.8%  )

////////////////////////////////////////////////////////////////////////////////////

