Running Cache analysis for hdbscan

==830229== Cachegrind, a cache and branch-prediction profiler
==830229== Copyright (C) 2002-2017, and GNU GPL'd, by Nicholas Nethercote et al.
==830229== Using Valgrind-3.15.0 and LibVEX; rerun with -h for copyright info
==830229== Command: ./build/bin/hdbscan data/perf_data_d64_12.csv
==830229== 
--830229-- warning: L3 cache found, using its data for the LL simulation.
==830229== 
==830229== I   refs:      156,796,029,836
==830229== I1  misses:             61,809
==830229== LLi misses:              2,542
==830229== I1  miss rate:            0.00%
==830229== LLi miss rate:            0.00%
==830229== 
==830229== D   refs:       44,439,418,226  (43,355,403,893 rd   + 1,084,014,333 wr)
==830229== D1  misses:      2,639,652,464  ( 2,613,580,318 rd   +    26,072,146 wr)
==830229== LLd misses:        107,473,854  (    89,359,662 rd   +    18,114,192 wr)
==830229== D1  miss rate:             5.9% (           6.0%     +           2.4%  )
==830229== LLd miss rate:             0.2% (           0.2%     +           1.7%  )
==830229== 
==830229== LL refs:         2,639,714,273  ( 2,613,642,127 rd   +    26,072,146 wr)
==830229== LL misses:         107,476,396  (    89,362,204 rd   +    18,114,192 wr)
==830229== LL miss rate:              0.1% (           0.0%     +           1.7%  )

////////////////////////////////////////////////////////////////////////////////////

Running Cache analysis for hdbscan_distvec

==830757== Cachegrind, a cache and branch-prediction profiler
==830757== Copyright (C) 2002-2017, and GNU GPL'd, by Nicholas Nethercote et al.
==830757== Using Valgrind-3.15.0 and LibVEX; rerun with -h for copyright info
==830757== Command: ./build/bin/hdbscan_distvec data/perf_data_d64_12.csv
==830757== 
--830757-- warning: L3 cache found, using its data for the LL simulation.
==830757== 
==830757== I   refs:      40,891,349,516
==830757== I1  misses:            57,850
==830757== LLi misses:             2,536
==830757== I1  miss rate:           0.00%
==830757== LLi miss rate:           0.00%
==830757== 
==830757== D   refs:      13,851,453,047  (13,058,960,821 rd   + 792,492,226 wr)
==830757== D1  misses:     2,621,173,499  ( 2,594,973,106 rd   +  26,200,393 wr)
==830757== LLd misses:       107,474,997  (    89,346,489 rd   +  18,128,508 wr)
==830757== D1  miss rate:           18.9% (          19.9%     +         3.3%  )
==830757== LLd miss rate:            0.8% (           0.7%     +         2.3%  )
==830757== 
==830757== LL refs:        2,621,231,349  ( 2,595,030,956 rd   +  26,200,393 wr)
==830757== LL misses:        107,477,533  (    89,349,025 rd   +  18,128,508 wr)
==830757== LL miss rate:             0.2% (           0.2%     +         2.3%  )

////////////////////////////////////////////////////////////////////////////////////

Running Cache analysis for hdbscan_distvec_quickvec_primvec

==831689== Cachegrind, a cache and branch-prediction profiler
==831689== Copyright (C) 2002-2017, and GNU GPL'd, by Nicholas Nethercote et al.
==831689== Using Valgrind-3.15.0 and LibVEX; rerun with -h for copyright info
==831689== Command: ./build/bin/hdbscan_distvec_quickvec_primvec data/perf_data_d64_12.csv
==831689== 
--831689-- warning: L3 cache found, using its data for the LL simulation.
==831689== 
==831689== I   refs:      60,784,137,759
==831689== I1  misses:            57,820
==831689== LLi misses:             2,507
==831689== I1  miss rate:           0.00%
==831689== LLi miss rate:           0.00%
==831689== 
==831689== D   refs:      20,214,122,539  (18,907,607,160 rd   + 1,306,515,379 wr)
==831689== D1  misses:     2,621,929,679  ( 2,595,875,775 rd   +    26,053,904 wr)
==831689== LLd misses:       110,874,585  (    92,831,894 rd   +    18,042,691 wr)
==831689== D1  miss rate:           13.0% (          13.7%     +           2.0%  )
==831689== LLd miss rate:            0.5% (           0.5%     +           1.4%  )
==831689== 
==831689== LL refs:        2,621,987,499  ( 2,595,933,595 rd   +    26,053,904 wr)
==831689== LL misses:        110,877,092  (    92,834,401 rd   +    18,042,691 wr)
==831689== LL miss rate:             0.1% (           0.1%     +           1.4%  )

////////////////////////////////////////////////////////////////////////////////////

