Running Cache analysis for reference implementation

==833457== Cachegrind, a cache and branch-prediction profiler
==833457== Copyright (C) 2002-2017, and GNU GPL'd, by Nicholas Nethercote et al.
==833457== Using Valgrind-3.15.0 and LibVEX; rerun with -h for copyright info
==833457== Command: ./references/hdbscan-cpp/main data/perf_data_d64_12.csv
==833457== 
--833457-- warning: L3 cache found, using its data for the LL simulation.
Usage: hdbscan_benchmark -i <input_path> [-o <output-file>] [-k <mpts>]
==833457== 
==833457== I   refs:      2,344,976
==833457== I1  misses:        1,774
==833457== LLi misses:        1,709
==833457== I1  miss rate:      0.08%
==833457== LLi miss rate:      0.07%
==833457== 
==833457== D   refs:        743,304  (550,822 rd   + 192,482 wr)
==833457== D1  misses:       17,114  ( 14,619 rd   +   2,495 wr)
==833457== LLd misses:        9,963  (  8,358 rd   +   1,605 wr)
==833457== D1  miss rate:       2.3% (    2.7%     +     1.3%  )
==833457== LLd miss rate:       1.3% (    1.5%     +     0.8%  )
==833457== 
==833457== LL refs:          18,888  ( 16,393 rd   +   2,495 wr)
==833457== LL misses:        11,672  ( 10,067 rd   +   1,605 wr)
==833457== LL miss rate:        0.4% (    0.3%     +     0.8%  )

////////////////////////////////////////////////////////////////////////////////////

